CRITICAL - 2023-12-16 13:38:58 --> Trying to access array offset on value of type null
in APPPATH\Views\layouts\topbar.php on line 28.
 1 APPPATH\Views\layouts\topbar.php(28): CodeIgniter\Debug\Exceptions->errorHandler(2, 'Trying to access array offset on value of type null', 'C:\\xampp\\htdocs\\Apotek\\app\\Views\\layouts\\topbar.php', 28)
 2 SYSTEMPATH\View\View.php(228): include('C:\\xampp\\htdocs\\Apotek\\app\\Views\\layouts\\topbar.php')
 3 SYSTEMPATH\View\View.php(231): CodeIgniter\View\View->CodeIgniter\View\{closure}()
 4 SYSTEMPATH\View\View.php(469): CodeIgniter\View\View->render('layouts/topbar.php', null, true)
 5 APPPATH\Views\layouts\template.php(26): CodeIgniter\View\View->include('layouts/topbar.php')
 6 SYSTEMPATH\View\View.php(228): include('C:\\xampp\\htdocs\\Apotek\\app\\Views\\layouts\\template.php')
 7 SYSTEMPATH\View\View.php(231): CodeIgniter\View\View->CodeIgniter\View\{closure}()
 8 SYSTEMPATH\View\View.php(244): CodeIgniter\View\View->render('layouts/template', [], true)
 9 SYSTEMPATH\Common.php(1190): CodeIgniter\View\View->render('dashboard/dashboard', [], true)
10 APPPATH\Controllers\Home.php(38): view('dashboard/dashboard', [...])
11 SYSTEMPATH\CodeIgniter.php(942): App\Controllers\Home->dashboard()
12 SYSTEMPATH\CodeIgniter.php(502): CodeIgniter\CodeIgniter->runController(Object(App\Controllers\Home))
13 SYSTEMPATH\CodeIgniter.php(361): CodeIgniter\CodeIgniter->handleRequest(null, Object(Config\Cache), false)
14 FCPATH\index.php(79): CodeIgniter\CodeIgniter->run()
15 SYSTEMPATH\Commands\Server\rewrite.php(47): require_once('C:\\xampp\\htdocs\\Apotek\\public\\index.php')
CRITICAL - 2023-12-16 13:39:30 --> Trying to access array offset on value of type null
in APPPATH\Views\obat\editobat.php on line 4.
 1 APPPATH\Views\obat\editobat.php(4): CodeIgniter\Debug\Exceptions->errorHandler(2, 'Trying to access array offset on value of type null', 'C:\\xampp\\htdocs\\Apotek\\app\\Views\\obat\\editobat.php', 4)
 2 SYSTEMPATH\View\View.php(228): include('C:\\xampp\\htdocs\\Apotek\\app\\Views\\obat\\editobat.php')
 3 SYSTEMPATH\View\View.php(231): CodeIgniter\View\View->CodeIgniter\View\{closure}()
 4 SYSTEMPATH\Common.php(1190): CodeIgniter\View\View->render('obat/editobat', [], true)
 5 APPPATH\Controllers\ObatController.php(64): view('obat/editobat', [...])
 6 SYSTEMPATH\CodeIgniter.php(942): App\Controllers\ObatController->edit('img', 'undraw_profile.svg')
 7 SYSTEMPATH\CodeIgniter.php(502): CodeIgniter\CodeIgniter->runController(Object(App\Controllers\ObatController))
 8 SYSTEMPATH\CodeIgniter.php(361): CodeIgniter\CodeIgniter->handleRequest(null, Object(Config\Cache), false)
 9 FCPATH\index.php(79): CodeIgniter\CodeIgniter->run()
10 SYSTEMPATH\Commands\Server\rewrite.php(47): require_once('C:\\xampp\\htdocs\\Apotek\\public\\index.php')
CRITICAL - 2023-12-16 13:39:43 --> Trying to access array offset on value of type null
in APPPATH\Views\obat\editobat.php on line 4.
 1 APPPATH\Views\obat\editobat.php(4): CodeIgniter\Debug\Exceptions->errorHandler(2, 'Trying to access array offset on value of type null', 'C:\\xampp\\htdocs\\Apotek\\app\\Views\\obat\\editobat.php', 4)
 2 SYSTEMPATH\View\View.php(228): include('C:\\xampp\\htdocs\\Apotek\\app\\Views\\obat\\editobat.php')
 3 SYSTEMPATH\View\View.php(231): CodeIgniter\View\View->CodeIgniter\View\{closure}()
 4 SYSTEMPATH\Common.php(1190): CodeIgniter\View\View->render('obat/editobat', [], true)
 5 APPPATH\Controllers\ObatController.php(64): view('obat/editobat', [...])
 6 SYSTEMPATH\CodeIgniter.php(942): App\Controllers\ObatController->edit('img', 'undraw_profile.svg')
 7 SYSTEMPATH\CodeIgniter.php(502): CodeIgniter\CodeIgniter->runController(Object(App\Controllers\ObatController))
 8 SYSTEMPATH\CodeIgniter.php(361): CodeIgniter\CodeIgniter->handleRequest(null, Object(Config\Cache), false)
 9 FCPATH\index.php(79): CodeIgniter\CodeIgniter->run()
10 SYSTEMPATH\Commands\Server\rewrite.php(47): require_once('C:\\xampp\\htdocs\\Apotek\\public\\index.php')
CRITICAL - 2023-12-16 13:39:55 --> Class "App\Controllers\obatModel" not found
in APPPATH\Controllers\PenjualanController.php on line 13.
 1 SYSTEMPATH\CodeIgniter.php(914): App\Controllers\PenjualanController->__construct()
 2 SYSTEMPATH\CodeIgniter.php(493): CodeIgniter\CodeIgniter->createController()
 3 SYSTEMPATH\CodeIgniter.php(361): CodeIgniter\CodeIgniter->handleRequest(null, Object(Config\Cache), false)
 4 FCPATH\index.php(79): CodeIgniter\CodeIgniter->run()
 5 SYSTEMPATH\Commands\Server\rewrite.php(47): require_once('C:\\xampp\\htdocs\\Apotek\\public\\index.php')
