ERROR - 2023-12-09 09:40:39 --> mysqli_sql_exception: Table 'apotek.user' doesn't exist in C:\xampp\htdocs\Apotek\system\Database\MySQLi\Connection.php:306
Stack trace:
#0 C:\xampp\htdocs\Apotek\system\Database\MySQLi\Connection.php(306): mysqli->query('SELECT *\nFROM `...', 0)
#1 C:\xampp\htdocs\Apotek\system\Database\BaseConnection.php(693): CodeIgniter\Database\MySQLi\Connection->execute('SELECT *\nFROM `...')
#2 C:\xampp\htdocs\Apotek\system\Database\BaseConnection.php(607): CodeIgniter\Database\BaseConnection->simpleQuery('SELECT *\nFROM `...')
#3 C:\xampp\htdocs\Apotek\system\Database\BaseBuilder.php(1615): CodeIgniter\Database\BaseConnection->query('SELECT *\nFROM `...', Array, false)
#4 C:\xampp\htdocs\Apotek\system\Model.php(237): CodeIgniter\Database\BaseBuilder->get()
#5 C:\xampp\htdocs\Apotek\system\BaseModel.php(624): CodeIgniter\Model->doFindAll(0, 0)
#6 C:\xampp\htdocs\Apotek\app\Controllers\User.php(18): CodeIgniter\BaseModel->findAll()
#7 C:\xampp\htdocs\Apotek\system\CodeIgniter.php(942): App\Controllers\User->login()
#8 C:\xampp\htdocs\Apotek\system\CodeIgniter.php(502): CodeIgniter\CodeIgniter->runController(Object(App\Controllers\User))
#9 C:\xampp\htdocs\Apotek\system\CodeIgniter.php(361): CodeIgniter\CodeIgniter->handleRequest(NULL, Object(Config\Cache), false)
#10 C:\xampp\htdocs\Apotek\public\index.php(79): CodeIgniter\CodeIgniter->run()
#11 C:\xampp\htdocs\Apotek\system\Commands\Server\rewrite.php(47): require_once('C:\\xampp\\htdocs...')
#12 {main}
CRITICAL - 2023-12-09 09:40:39 --> Table 'apotek.user' doesn't exist
in SYSTEMPATH\Database\BaseConnection.php on line 647.
 1 SYSTEMPATH\Database\BaseBuilder.php(1615): CodeIgniter\Database\BaseConnection->query('SELECT *
FROM `user`', [], false)
 2 SYSTEMPATH\Model.php(237): CodeIgniter\Database\BaseBuilder->get()
 3 SYSTEMPATH\BaseModel.php(624): CodeIgniter\Model->doFindAll(0, 0)
 4 APPPATH\Controllers\User.php(18): CodeIgniter\BaseModel->findAll()
 5 SYSTEMPATH\CodeIgniter.php(942): App\Controllers\User->login()
 6 SYSTEMPATH\CodeIgniter.php(502): CodeIgniter\CodeIgniter->runController(Object(App\Controllers\User))
 7 SYSTEMPATH\CodeIgniter.php(361): CodeIgniter\CodeIgniter->handleRequest(null, Object(Config\Cache), false)
 8 FCPATH\index.php(79): CodeIgniter\CodeIgniter->run()
 9 SYSTEMPATH\Commands\Server\rewrite.php(47): require_once('C:\\xampp\\htdocs\\Apotek\\public\\index.php')
ERROR - 2023-12-09 09:41:31 --> mysqli_sql_exception: Table 'apotek.user' doesn't exist in C:\xampp\htdocs\Apotek\system\Database\MySQLi\Connection.php:306
Stack trace:
#0 C:\xampp\htdocs\Apotek\system\Database\MySQLi\Connection.php(306): mysqli->query('SELECT *\nFROM `...', 0)
#1 C:\xampp\htdocs\Apotek\system\Database\BaseConnection.php(693): CodeIgniter\Database\MySQLi\Connection->execute('SELECT *\nFROM `...')
#2 C:\xampp\htdocs\Apotek\system\Database\BaseConnection.php(607): CodeIgniter\Database\BaseConnection->simpleQuery('SELECT *\nFROM `...')
#3 C:\xampp\htdocs\Apotek\system\Database\BaseBuilder.php(1615): CodeIgniter\Database\BaseConnection->query('SELECT *\nFROM `...', Array, false)
#4 C:\xampp\htdocs\Apotek\system\Model.php(237): CodeIgniter\Database\BaseBuilder->get()
#5 C:\xampp\htdocs\Apotek\system\BaseModel.php(624): CodeIgniter\Model->doFindAll(0, 0)
#6 C:\xampp\htdocs\Apotek\app\Controllers\User.php(18): CodeIgniter\BaseModel->findAll()
#7 C:\xampp\htdocs\Apotek\system\CodeIgniter.php(942): App\Controllers\User->login()
#8 C:\xampp\htdocs\Apotek\system\CodeIgniter.php(502): CodeIgniter\CodeIgniter->runController(Object(App\Controllers\User))
#9 C:\xampp\htdocs\Apotek\system\CodeIgniter.php(361): CodeIgniter\CodeIgniter->handleRequest(NULL, Object(Config\Cache), false)
#10 C:\xampp\htdocs\Apotek\public\index.php(79): CodeIgniter\CodeIgniter->run()
#11 C:\xampp\htdocs\Apotek\system\Commands\Server\rewrite.php(47): require_once('C:\\xampp\\htdocs...')
#12 {main}
CRITICAL - 2023-12-09 09:41:31 --> Table 'apotek.user' doesn't exist
in SYSTEMPATH\Database\BaseConnection.php on line 647.
 1 SYSTEMPATH\Database\BaseBuilder.php(1615): CodeIgniter\Database\BaseConnection->query('SELECT *
FROM `user`', [], false)
 2 SYSTEMPATH\Model.php(237): CodeIgniter\Database\BaseBuilder->get()
 3 SYSTEMPATH\BaseModel.php(624): CodeIgniter\Model->doFindAll(0, 0)
 4 APPPATH\Controllers\User.php(18): CodeIgniter\BaseModel->findAll()
 5 SYSTEMPATH\CodeIgniter.php(942): App\Controllers\User->login()
 6 SYSTEMPATH\CodeIgniter.php(502): CodeIgniter\CodeIgniter->runController(Object(App\Controllers\User))
 7 SYSTEMPATH\CodeIgniter.php(361): CodeIgniter\CodeIgniter->handleRequest(null, Object(Config\Cache), false)
 8 FCPATH\index.php(79): CodeIgniter\CodeIgniter->run()
 9 SYSTEMPATH\Commands\Server\rewrite.php(47): require_once('C:\\xampp\\htdocs\\Apotek\\public\\index.php')
CRITICAL - 2023-12-09 10:08:11 --> Call to undefined method CodeIgniter\View\View::extends()
in APPPATH\Views\dashboard\input.php on line 1.
 1 SYSTEMPATH\View\View.php(228): include()
 2 SYSTEMPATH\View\View.php(231): CodeIgniter\View\View->CodeIgniter\View\{closure}()
 3 SYSTEMPATH\Common.php(1190): CodeIgniter\View\View->render('dashboard/input', [], true)
 4 APPPATH\Controllers\Home.php(34): view('dashboard/input')
 5 SYSTEMPATH\CodeIgniter.php(942): App\Controllers\Home->input()
 6 SYSTEMPATH\CodeIgniter.php(502): CodeIgniter\CodeIgniter->runController(Object(App\Controllers\Home))
 7 SYSTEMPATH\CodeIgniter.php(361): CodeIgniter\CodeIgniter->handleRequest(null, Object(Config\Cache), false)
 8 FCPATH\index.php(79): CodeIgniter\CodeIgniter->run()
 9 SYSTEMPATH\Commands\Server\rewrite.php(47): require_once('C:\\xampp\\htdocs\\Apotek\\public\\index.php')
CRITICAL - 2023-12-09 10:08:17 --> Call to undefined method CodeIgniter\View\View::extends()
in APPPATH\Views\dashboard\input.php on line 1.
 1 SYSTEMPATH\View\View.php(228): include()
 2 SYSTEMPATH\View\View.php(231): CodeIgniter\View\View->CodeIgniter\View\{closure}()
 3 SYSTEMPATH\Common.php(1190): CodeIgniter\View\View->render('dashboard/input', [], true)
 4 APPPATH\Controllers\Home.php(34): view('dashboard/input')
 5 SYSTEMPATH\CodeIgniter.php(942): App\Controllers\Home->input()
 6 SYSTEMPATH\CodeIgniter.php(502): CodeIgniter\CodeIgniter->runController(Object(App\Controllers\Home))
 7 SYSTEMPATH\CodeIgniter.php(361): CodeIgniter\CodeIgniter->handleRequest(null, Object(Config\Cache), false)
 8 FCPATH\index.php(79): CodeIgniter\CodeIgniter->run()
 9 SYSTEMPATH\Commands\Server\rewrite.php(47): require_once('C:\\xampp\\htdocs\\Apotek\\public\\index.php')
CRITICAL - 2023-12-09 10:08:25 --> Call to undefined method CodeIgniter\View\View::extends()
in APPPATH\Views\dashboard\input.php on line 1.
 1 SYSTEMPATH\View\View.php(228): include()
 2 SYSTEMPATH\View\View.php(231): CodeIgniter\View\View->CodeIgniter\View\{closure}()
 3 SYSTEMPATH\Common.php(1190): CodeIgniter\View\View->render('dashboard/input', [], true)
 4 APPPATH\Controllers\Home.php(34): view('dashboard/input')
 5 SYSTEMPATH\CodeIgniter.php(942): App\Controllers\Home->input()
 6 SYSTEMPATH\CodeIgniter.php(502): CodeIgniter\CodeIgniter->runController(Object(App\Controllers\Home))
 7 SYSTEMPATH\CodeIgniter.php(361): CodeIgniter\CodeIgniter->handleRequest(null, Object(Config\Cache), false)
 8 FCPATH\index.php(79): CodeIgniter\CodeIgniter->run()
 9 SYSTEMPATH\Commands\Server\rewrite.php(47): require_once('C:\\xampp\\htdocs\\Apotek\\public\\index.php')
CRITICAL - 2023-12-09 10:08:39 --> Call to undefined method CodeIgniter\View\View::extends()
in APPPATH\Views\dashboard\input.php on line 1.
 1 SYSTEMPATH\View\View.php(228): include()
 2 SYSTEMPATH\View\View.php(231): CodeIgniter\View\View->CodeIgniter\View\{closure}()
 3 SYSTEMPATH\Common.php(1190): CodeIgniter\View\View->render('dashboard/input', [], true)
 4 APPPATH\Controllers\Home.php(34): view('dashboard/input')
 5 SYSTEMPATH\CodeIgniter.php(942): App\Controllers\Home->input()
 6 SYSTEMPATH\CodeIgniter.php(502): CodeIgniter\CodeIgniter->runController(Object(App\Controllers\Home))
 7 SYSTEMPATH\CodeIgniter.php(361): CodeIgniter\CodeIgniter->handleRequest(null, Object(Config\Cache), false)
 8 FCPATH\index.php(79): CodeIgniter\CodeIgniter->run()
 9 SYSTEMPATH\Commands\Server\rewrite.php(47): require_once('C:\\xampp\\htdocs\\Apotek\\public\\index.php')
CRITICAL - 2023-12-09 10:09:02 --> Call to undefined method CodeIgniter\View\View::extends()
in APPPATH\Views\dashboard\input.php on line 1.
 1 SYSTEMPATH\View\View.php(228): include()
 2 SYSTEMPATH\View\View.php(231): CodeIgniter\View\View->CodeIgniter\View\{closure}()
 3 SYSTEMPATH\Common.php(1190): CodeIgniter\View\View->render('dashboard/input', [], true)
 4 APPPATH\Controllers\Home.php(34): view('dashboard/input')
 5 SYSTEMPATH\CodeIgniter.php(942): App\Controllers\Home->input()
 6 SYSTEMPATH\CodeIgniter.php(502): CodeIgniter\CodeIgniter->runController(Object(App\Controllers\Home))
 7 SYSTEMPATH\CodeIgniter.php(361): CodeIgniter\CodeIgniter->handleRequest(null, Object(Config\Cache), false)
 8 FCPATH\index.php(79): CodeIgniter\CodeIgniter->run()
 9 SYSTEMPATH\Commands\Server\rewrite.php(47): require_once('C:\\xampp\\htdocs\\Apotek\\public\\index.php')
CRITICAL - 2023-12-09 10:09:56 --> Call to undefined method CodeIgniter\View\View::extends()
in APPPATH\Views\dashboard\input.php on line 1.
 1 SYSTEMPATH\View\View.php(228): include()
 2 SYSTEMPATH\View\View.php(231): CodeIgniter\View\View->CodeIgniter\View\{closure}()
 3 SYSTEMPATH\Common.php(1190): CodeIgniter\View\View->render('dashboard/input', [], true)
 4 APPPATH\Controllers\Home.php(34): view('dashboard/input')
 5 SYSTEMPATH\CodeIgniter.php(942): App\Controllers\Home->input()
 6 SYSTEMPATH\CodeIgniter.php(502): CodeIgniter\CodeIgniter->runController(Object(App\Controllers\Home))
 7 SYSTEMPATH\CodeIgniter.php(361): CodeIgniter\CodeIgniter->handleRequest(null, Object(Config\Cache), false)
 8 FCPATH\index.php(79): CodeIgniter\CodeIgniter->run()
 9 SYSTEMPATH\Commands\Server\rewrite.php(47): require_once('C:\\xampp\\htdocs\\Apotek\\public\\index.php')
CRITICAL - 2023-12-09 10:10:44 --> Call to undefined method CodeIgniter\View\View::extends()
in APPPATH\Views\dashboard\input.php on line 1.
 1 SYSTEMPATH\View\View.php(228): include()
 2 SYSTEMPATH\View\View.php(231): CodeIgniter\View\View->CodeIgniter\View\{closure}()
 3 SYSTEMPATH\Common.php(1190): CodeIgniter\View\View->render('dashboard/input', [], true)
 4 APPPATH\Controllers\Home.php(34): view('dashboard/input')
 5 SYSTEMPATH\CodeIgniter.php(942): App\Controllers\Home->input()
 6 SYSTEMPATH\CodeIgniter.php(502): CodeIgniter\CodeIgniter->runController(Object(App\Controllers\Home))
 7 SYSTEMPATH\CodeIgniter.php(361): CodeIgniter\CodeIgniter->handleRequest(null, Object(Config\Cache), false)
 8 FCPATH\index.php(79): CodeIgniter\CodeIgniter->run()
 9 SYSTEMPATH\Commands\Server\rewrite.php(47): require_once('C:\\xampp\\htdocs\\Apotek\\public\\index.php')
CRITICAL - 2023-12-09 10:10:51 --> Call to undefined method CodeIgniter\View\View::extends()
in APPPATH\Views\dashboard\input.php on line 1.
 1 SYSTEMPATH\View\View.php(228): include()
 2 SYSTEMPATH\View\View.php(231): CodeIgniter\View\View->CodeIgniter\View\{closure}()
 3 SYSTEMPATH\Common.php(1190): CodeIgniter\View\View->render('dashboard/input', [], true)
 4 APPPATH\Controllers\Home.php(34): view('dashboard/input')
 5 SYSTEMPATH\CodeIgniter.php(942): App\Controllers\Home->input()
 6 SYSTEMPATH\CodeIgniter.php(502): CodeIgniter\CodeIgniter->runController(Object(App\Controllers\Home))
 7 SYSTEMPATH\CodeIgniter.php(361): CodeIgniter\CodeIgniter->handleRequest(null, Object(Config\Cache), false)
 8 FCPATH\index.php(79): CodeIgniter\CodeIgniter->run()
 9 SYSTEMPATH\Commands\Server\rewrite.php(47): require_once('C:\\xampp\\htdocs\\Apotek\\public\\index.php')
CRITICAL - 2023-12-09 10:11:05 --> syntax error, unexpected token ")"
in APPPATH\Views\layouts\template.php on line 16.
 1 SYSTEMPATH\View\View.php(231): CodeIgniter\View\View->CodeIgniter\View\{closure}()
 2 SYSTEMPATH\View\View.php(244): CodeIgniter\View\View->render('layouts/template.php', [], true)
 3 SYSTEMPATH\Common.php(1190): CodeIgniter\View\View->render('dashboard/input', [], true)
 4 APPPATH\Controllers\Home.php(34): view('dashboard/input')
 5 SYSTEMPATH\CodeIgniter.php(942): App\Controllers\Home->input()
 6 SYSTEMPATH\CodeIgniter.php(502): CodeIgniter\CodeIgniter->runController(Object(App\Controllers\Home))
 7 SYSTEMPATH\CodeIgniter.php(361): CodeIgniter\CodeIgniter->handleRequest(null, Object(Config\Cache), false)
 8 FCPATH\index.php(79): CodeIgniter\CodeIgniter->run()
 9 SYSTEMPATH\Commands\Server\rewrite.php(47): require_once('C:\\xampp\\htdocs\\Apotek\\public\\index.php')
CRITICAL - 2023-12-09 10:11:47 --> syntax error, unexpected token ")"
in APPPATH\Views\layouts\template.php on line 16.
 1 SYSTEMPATH\View\View.php(231): CodeIgniter\View\View->CodeIgniter\View\{closure}()
 2 SYSTEMPATH\View\View.php(244): CodeIgniter\View\View->render('layouts/template.php', [], true)
 3 SYSTEMPATH\Common.php(1190): CodeIgniter\View\View->render('dashboard/input', [], true)
 4 APPPATH\Controllers\Home.php(34): view('dashboard/input')
 5 SYSTEMPATH\CodeIgniter.php(942): App\Controllers\Home->input()
 6 SYSTEMPATH\CodeIgniter.php(502): CodeIgniter\CodeIgniter->runController(Object(App\Controllers\Home))
 7 SYSTEMPATH\CodeIgniter.php(361): CodeIgniter\CodeIgniter->handleRequest(null, Object(Config\Cache), false)
 8 FCPATH\index.php(79): CodeIgniter\CodeIgniter->run()
 9 SYSTEMPATH\Commands\Server\rewrite.php(47): require_once('C:\\xampp\\htdocs\\Apotek\\public\\index.php')
CRITICAL - 2023-12-09 10:12:03 --> syntax error, unexpected token ")"
in APPPATH\Views\layouts\template.php on line 16.
 1 SYSTEMPATH\View\View.php(231): CodeIgniter\View\View->CodeIgniter\View\{closure}()
 2 SYSTEMPATH\View\View.php(244): CodeIgniter\View\View->render('layouts/template', [], true)
 3 SYSTEMPATH\Common.php(1190): CodeIgniter\View\View->render('dashboard/input', [], true)
 4 APPPATH\Controllers\Home.php(34): view('dashboard/input')
 5 SYSTEMPATH\CodeIgniter.php(942): App\Controllers\Home->input()
 6 SYSTEMPATH\CodeIgniter.php(502): CodeIgniter\CodeIgniter->runController(Object(App\Controllers\Home))
 7 SYSTEMPATH\CodeIgniter.php(361): CodeIgniter\CodeIgniter->handleRequest(null, Object(Config\Cache), false)
 8 FCPATH\index.php(79): CodeIgniter\CodeIgniter->run()
 9 SYSTEMPATH\Commands\Server\rewrite.php(47): require_once('C:\\xampp\\htdocs\\Apotek\\public\\index.php')
CRITICAL - 2023-12-09 10:12:39 --> syntax error, unexpected token ")"
in APPPATH\Views\layouts\template.php on line 16.
 1 SYSTEMPATH\View\View.php(231): CodeIgniter\View\View->CodeIgniter\View\{closure}()
 2 SYSTEMPATH\View\View.php(244): CodeIgniter\View\View->render('layouts/template', [], true)
 3 SYSTEMPATH\Common.php(1190): CodeIgniter\View\View->render('dashboard/input', [], true)
 4 APPPATH\Controllers\Home.php(34): view('dashboard/input')
 5 SYSTEMPATH\CodeIgniter.php(942): App\Controllers\Home->input()
 6 SYSTEMPATH\CodeIgniter.php(502): CodeIgniter\CodeIgniter->runController(Object(App\Controllers\Home))
 7 SYSTEMPATH\CodeIgniter.php(361): CodeIgniter\CodeIgniter->handleRequest(null, Object(Config\Cache), false)
 8 FCPATH\index.php(79): CodeIgniter\CodeIgniter->run()
 9 SYSTEMPATH\Commands\Server\rewrite.php(47): require_once('C:\\xampp\\htdocs\\Apotek\\public\\index.php')
CRITICAL - 2023-12-09 11:28:54 --> Undefined variable $title
in APPPATH\Views\layouts\heading.php on line 2.
 1 APPPATH\Views\layouts\heading.php(2): CodeIgniter\Debug\Exceptions->errorHandler(2, 'Undefined variable $title', 'C:\\xampp\\htdocs\\Apotek\\app\\Views\\layouts\\heading.php', 2)
 2 SYSTEMPATH\View\View.php(228): include('C:\\xampp\\htdocs\\Apotek\\app\\Views\\layouts\\heading.php')
 3 SYSTEMPATH\View\View.php(231): CodeIgniter\View\View->CodeIgniter\View\{closure}()
 4 SYSTEMPATH\View\View.php(469): CodeIgniter\View\View->render('layouts/heading.php', null, true)
 5 APPPATH\Views\layouts\template.php(33): CodeIgniter\View\View->include('layouts/heading.php')
 6 SYSTEMPATH\View\View.php(228): include('C:\\xampp\\htdocs\\Apotek\\app\\Views\\layouts\\template.php')
 7 SYSTEMPATH\View\View.php(231): CodeIgniter\View\View->CodeIgniter\View\{closure}()
 8 SYSTEMPATH\View\View.php(244): CodeIgniter\View\View->render('layouts/template', [], true)
 9 SYSTEMPATH\Common.php(1190): CodeIgniter\View\View->render('dashboard/input', [], true)
10 APPPATH\Controllers\Home.php(34): view('dashboard/input')
11 SYSTEMPATH\CodeIgniter.php(942): App\Controllers\Home->input()
12 SYSTEMPATH\CodeIgniter.php(502): CodeIgniter\CodeIgniter->runController(Object(App\Controllers\Home))
13 SYSTEMPATH\CodeIgniter.php(361): CodeIgniter\CodeIgniter->handleRequest(null, Object(Config\Cache), false)
14 FCPATH\index.php(79): CodeIgniter\CodeIgniter->run()
15 SYSTEMPATH\Commands\Server\rewrite.php(47): require_once('C:\\xampp\\htdocs\\Apotek\\public\\index.php')
CRITICAL - 2023-12-09 11:30:48 --> Invalid file: "dashboard/input.php"
in SYSTEMPATH\Exceptions\FrameworkException.php on line 39.
 1 SYSTEMPATH\View\View.php(216): CodeIgniter\Exceptions\FrameworkException::forInvalidFile('dashboard/input.php')
 2 SYSTEMPATH\Common.php(1190): CodeIgniter\View\View->render('dashboard/input', [], true)
 3 APPPATH\Controllers\Home.php(38): view('dashboard/input', [...])
 4 SYSTEMPATH\CodeIgniter.php(942): App\Controllers\Home->dashboard()
 5 SYSTEMPATH\CodeIgniter.php(502): CodeIgniter\CodeIgniter->runController(Object(App\Controllers\Home))
 6 SYSTEMPATH\CodeIgniter.php(361): CodeIgniter\CodeIgniter->handleRequest(null, Object(Config\Cache), false)
 7 FCPATH\index.php(79): CodeIgniter\CodeIgniter->run()
 8 SYSTEMPATH\Commands\Server\rewrite.php(47): require_once('C:\\xampp\\htdocs\\Apotek\\public\\index.php')
CRITICAL - 2023-12-09 12:00:14 --> Invalid file: "obat/dataobat.php"
in SYSTEMPATH\Exceptions\FrameworkException.php on line 39.
 1 SYSTEMPATH\View\View.php(216): CodeIgniter\Exceptions\FrameworkException::forInvalidFile('obat/dataobat.php')
 2 SYSTEMPATH\Common.php(1190): CodeIgniter\View\View->render('obat/dataobat', [], true)
 3 APPPATH\Controllers\ObatController.php(13): view('obat/dataobat', [...])
 4 SYSTEMPATH\CodeIgniter.php(942): App\Controllers\ObatController->obat()
 5 SYSTEMPATH\CodeIgniter.php(502): CodeIgniter\CodeIgniter->runController(Object(App\Controllers\ObatController))
 6 SYSTEMPATH\CodeIgniter.php(361): CodeIgniter\CodeIgniter->handleRequest(null, Object(Config\Cache), false)
 7 FCPATH\index.php(79): CodeIgniter\CodeIgniter->run()
 8 SYSTEMPATH\Commands\Server\rewrite.php(47): require_once('C:\\xampp\\htdocs\\Apotek\\public\\index.php')
CRITICAL - 2023-12-09 12:00:54 --> Invalid file: "layout/template.php"
in SYSTEMPATH\Exceptions\FrameworkException.php on line 39.
 1 SYSTEMPATH\View\View.php(216): CodeIgniter\Exceptions\FrameworkException::forInvalidFile('layout/template.php')
 2 SYSTEMPATH\View\View.php(244): CodeIgniter\View\View->render('layout/template', [], true)
 3 SYSTEMPATH\Common.php(1190): CodeIgniter\View\View->render('obat/dataobat', [], true)
 4 APPPATH\Controllers\ObatController.php(13): view('obat/dataobat', [...])
 5 SYSTEMPATH\CodeIgniter.php(942): App\Controllers\ObatController->obat()
 6 SYSTEMPATH\CodeIgniter.php(502): CodeIgniter\CodeIgniter->runController(Object(App\Controllers\ObatController))
 7 SYSTEMPATH\CodeIgniter.php(361): CodeIgniter\CodeIgniter->handleRequest(null, Object(Config\Cache), false)
 8 FCPATH\index.php(79): CodeIgniter\CodeIgniter->run()
 9 SYSTEMPATH\Commands\Server\rewrite.php(47): require_once('C:\\xampp\\htdocs\\Apotek\\public\\index.php')
CRITICAL - 2023-12-09 12:01:34 --> Invalid file: "layout/template.php"
in SYSTEMPATH\Exceptions\FrameworkException.php on line 39.
 1 SYSTEMPATH\View\View.php(216): CodeIgniter\Exceptions\FrameworkException::forInvalidFile('layout/template.php')
 2 SYSTEMPATH\View\View.php(244): CodeIgniter\View\View->render('layout/template', [], true)
 3 SYSTEMPATH\Common.php(1190): CodeIgniter\View\View->render('obat/dataobat', [], true)
 4 APPPATH\Controllers\ObatController.php(13): view('obat/dataobat', [...])
 5 SYSTEMPATH\CodeIgniter.php(942): App\Controllers\ObatController->obat()
 6 SYSTEMPATH\CodeIgniter.php(502): CodeIgniter\CodeIgniter->runController(Object(App\Controllers\ObatController))
 7 SYSTEMPATH\CodeIgniter.php(361): CodeIgniter\CodeIgniter->handleRequest(null, Object(Config\Cache), false)
 8 FCPATH\index.php(79): CodeIgniter\CodeIgniter->run()
 9 SYSTEMPATH\Commands\Server\rewrite.php(47): require_once('C:\\xampp\\htdocs\\Apotek\\public\\index.php')
CRITICAL - 2023-12-09 12:01:42 --> Invalid file: "layout/template.php"
in SYSTEMPATH\Exceptions\FrameworkException.php on line 39.
 1 SYSTEMPATH\View\View.php(216): CodeIgniter\Exceptions\FrameworkException::forInvalidFile('layout/template.php')
 2 SYSTEMPATH\View\View.php(244): CodeIgniter\View\View->render('layout/template', [], true)
 3 SYSTEMPATH\Common.php(1190): CodeIgniter\View\View->render('obat/dataobat', [], true)
 4 APPPATH\Controllers\ObatController.php(13): view('obat/dataobat', [...])
 5 SYSTEMPATH\CodeIgniter.php(942): App\Controllers\ObatController->obat()
 6 SYSTEMPATH\CodeIgniter.php(502): CodeIgniter\CodeIgniter->runController(Object(App\Controllers\ObatController))
 7 SYSTEMPATH\CodeIgniter.php(361): CodeIgniter\CodeIgniter->handleRequest(null, Object(Config\Cache), false)
 8 FCPATH\index.php(79): CodeIgniter\CodeIgniter->run()
 9 SYSTEMPATH\Commands\Server\rewrite.php(47): require_once('C:\\xampp\\htdocs\\Apotek\\public\\index.php')
CRITICAL - 2023-12-09 12:02:34 --> Invalid file: "layout/template.php"
in SYSTEMPATH\Exceptions\FrameworkException.php on line 39.
 1 SYSTEMPATH\View\View.php(216): CodeIgniter\Exceptions\FrameworkException::forInvalidFile('layout/template.php')
 2 SYSTEMPATH\View\View.php(244): CodeIgniter\View\View->render('layout/template', [], true)
 3 SYSTEMPATH\Common.php(1190): CodeIgniter\View\View->render('obat/dataobat', [], true)
 4 APPPATH\Controllers\ObatController.php(13): view('obat/dataobat', [...])
 5 SYSTEMPATH\CodeIgniter.php(942): App\Controllers\ObatController->obat()
 6 SYSTEMPATH\CodeIgniter.php(502): CodeIgniter\CodeIgniter->runController(Object(App\Controllers\ObatController))
 7 SYSTEMPATH\CodeIgniter.php(361): CodeIgniter\CodeIgniter->handleRequest(null, Object(Config\Cache), false)
 8 FCPATH\index.php(79): CodeIgniter\CodeIgniter->run()
 9 SYSTEMPATH\Commands\Server\rewrite.php(47): require_once('C:\\xampp\\htdocs\\Apotek\\public\\index.php')
