CRITICAL - 2023-12-11 00:46:10 --> syntax error, unexpected token "}", expecting ";"
in APPPATH\Controllers\User.php on line 51.
 1 SYSTEMPATH\Autoloader\Autoloader.php(291): CodeIgniter\Autoloader\Autoloader->includeFile('C:\\xampp\\htdocs\\Apotek\\app\\Controllers\\user.php')
 2 SYSTEMPATH\Autoloader\Autoloader.php(269): CodeIgniter\Autoloader\Autoloader->loadInNamespace('App\\Controllers\\user')
 3 [internal function]: CodeIgniter\Autoloader\Autoloader->loadClass('App\\Controllers\\user')
 4 SYSTEMPATH\CodeIgniter.php(900): class_exists('\\App\\Controllers\\user', true)
 5 SYSTEMPATH\CodeIgniter.php(489): CodeIgniter\CodeIgniter->startController()
 6 SYSTEMPATH\CodeIgniter.php(361): CodeIgniter\CodeIgniter->handleRequest(null, Object(Config\Cache), false)
 7 FCPATH\index.php(79): CodeIgniter\CodeIgniter->run()
 8 SYSTEMPATH\Commands\Server\rewrite.php(47): require_once('C:\\xampp\\htdocs\\Apotek\\public\\index.php')
CRITICAL - 2023-12-11 00:46:38 --> Undefined variable $title
in APPPATH\Views\layouts\heading.php on line 2.
 1 APPPATH\Views\layouts\heading.php(2): CodeIgniter\Debug\Exceptions->errorHandler(2, 'Undefined variable $title', 'C:\\xampp\\htdocs\\Apotek\\app\\Views\\layouts\\heading.php', 2)
 2 SYSTEMPATH\View\View.php(228): include('C:\\xampp\\htdocs\\Apotek\\app\\Views\\layouts\\heading.php')
 3 SYSTEMPATH\View\View.php(231): CodeIgniter\View\View->CodeIgniter\View\{closure}()
 4 SYSTEMPATH\View\View.php(469): CodeIgniter\View\View->render('layouts/heading.php', null, true)
 5 APPPATH\Views\layouts\template.php(33): CodeIgniter\View\View->include('layouts/heading.php')
 6 SYSTEMPATH\View\View.php(228): include('C:\\xampp\\htdocs\\Apotek\\app\\Views\\layouts\\template.php')
 7 SYSTEMPATH\View\View.php(231): CodeIgniter\View\View->CodeIgniter\View\{closure}()
 8 SYSTEMPATH\View\View.php(244): CodeIgniter\View\View->render('layouts/template', [], true)
 9 SYSTEMPATH\Common.php(1190): CodeIgniter\View\View->render('user/users', [], true)
10 APPPATH\Controllers\User.php(50): view('user/users')
11 SYSTEMPATH\CodeIgniter.php(942): App\Controllers\User->users()
12 SYSTEMPATH\CodeIgniter.php(502): CodeIgniter\CodeIgniter->runController(Object(App\Controllers\User))
13 SYSTEMPATH\CodeIgniter.php(361): CodeIgniter\CodeIgniter->handleRequest(null, Object(Config\Cache), false)
14 FCPATH\index.php(79): CodeIgniter\CodeIgniter->run()
15 SYSTEMPATH\Commands\Server\rewrite.php(47): require_once('C:\\xampp\\htdocs\\Apotek\\public\\index.php')
CRITICAL - 2023-12-11 00:46:47 --> Undefined variable $title
in APPPATH\Views\layouts\heading.php on line 2.
 1 APPPATH\Views\layouts\heading.php(2): CodeIgniter\Debug\Exceptions->errorHandler(2, 'Undefined variable $title', 'C:\\xampp\\htdocs\\Apotek\\app\\Views\\layouts\\heading.php', 2)
 2 SYSTEMPATH\View\View.php(228): include('C:\\xampp\\htdocs\\Apotek\\app\\Views\\layouts\\heading.php')
 3 SYSTEMPATH\View\View.php(231): CodeIgniter\View\View->CodeIgniter\View\{closure}()
 4 SYSTEMPATH\View\View.php(469): CodeIgniter\View\View->render('layouts/heading.php', null, true)
 5 APPPATH\Views\layouts\template.php(33): CodeIgniter\View\View->include('layouts/heading.php')
 6 SYSTEMPATH\View\View.php(228): include('C:\\xampp\\htdocs\\Apotek\\app\\Views\\layouts\\template.php')
 7 SYSTEMPATH\View\View.php(231): CodeIgniter\View\View->CodeIgniter\View\{closure}()
 8 SYSTEMPATH\View\View.php(244): CodeIgniter\View\View->render('layouts/template', [], true)
 9 SYSTEMPATH\Common.php(1190): CodeIgniter\View\View->render('user/users', [], true)
10 APPPATH\Controllers\User.php(50): view('user/users')
11 SYSTEMPATH\CodeIgniter.php(942): App\Controllers\User->users()
12 SYSTEMPATH\CodeIgniter.php(502): CodeIgniter\CodeIgniter->runController(Object(App\Controllers\User))
13 SYSTEMPATH\CodeIgniter.php(361): CodeIgniter\CodeIgniter->handleRequest(null, Object(Config\Cache), false)
14 FCPATH\index.php(79): CodeIgniter\CodeIgniter->run()
15 SYSTEMPATH\Commands\Server\rewrite.php(47): require_once('C:\\xampp\\htdocs\\Apotek\\public\\index.php')
CRITICAL - 2023-12-11 01:03:53 --> Undefined variable $i
in APPPATH\Views\obat\dataobat.php on line 6.
 1 APPPATH\Views\obat\dataobat.php(6): CodeIgniter\Debug\Exceptions->errorHandler(2, 'Undefined variable $i', 'C:\\xampp\\htdocs\\Apotek\\app\\Views\\obat\\dataobat.php', 6)
 2 SYSTEMPATH\View\View.php(228): include('C:\\xampp\\htdocs\\Apotek\\app\\Views\\obat\\dataobat.php')
 3 SYSTEMPATH\View\View.php(231): CodeIgniter\View\View->CodeIgniter\View\{closure}()
 4 SYSTEMPATH\Common.php(1190): CodeIgniter\View\View->render('obat/dataobat', [], true)
 5 APPPATH\Controllers\ObatController.php(23): view('obat/dataobat', [...])
 6 SYSTEMPATH\CodeIgniter.php(942): App\Controllers\ObatController->obat()
 7 SYSTEMPATH\CodeIgniter.php(502): CodeIgniter\CodeIgniter->runController(Object(App\Controllers\ObatController))
 8 SYSTEMPATH\CodeIgniter.php(361): CodeIgniter\CodeIgniter->handleRequest(null, Object(Config\Cache), false)
 9 FCPATH\index.php(79): CodeIgniter\CodeIgniter->run()
10 SYSTEMPATH\Commands\Server\rewrite.php(47): require_once('C:\\xampp\\htdocs\\Apotek\\public\\index.php')
CRITICAL - 2023-12-11 01:05:27 --> Undefined variable $i
in APPPATH\Views\obat\dataobat.php on line 6.
 1 APPPATH\Views\obat\dataobat.php(6): CodeIgniter\Debug\Exceptions->errorHandler(2, 'Undefined variable $i', 'C:\\xampp\\htdocs\\Apotek\\app\\Views\\obat\\dataobat.php', 6)
 2 SYSTEMPATH\View\View.php(228): include('C:\\xampp\\htdocs\\Apotek\\app\\Views\\obat\\dataobat.php')
 3 SYSTEMPATH\View\View.php(231): CodeIgniter\View\View->CodeIgniter\View\{closure}()
 4 SYSTEMPATH\Common.php(1190): CodeIgniter\View\View->render('obat/dataobat', [], true)
 5 APPPATH\Controllers\ObatController.php(23): view('obat/dataobat', [...])
 6 SYSTEMPATH\CodeIgniter.php(942): App\Controllers\ObatController->obat()
 7 SYSTEMPATH\CodeIgniter.php(502): CodeIgniter\CodeIgniter->runController(Object(App\Controllers\ObatController))
 8 SYSTEMPATH\CodeIgniter.php(361): CodeIgniter\CodeIgniter->handleRequest(null, Object(Config\Cache), false)
 9 FCPATH\index.php(79): CodeIgniter\CodeIgniter->run()
10 SYSTEMPATH\Commands\Server\rewrite.php(47): require_once('C:\\xampp\\htdocs\\Apotek\\public\\index.php')
CRITICAL - 2023-12-11 02:57:52 --> Undefined variable $title
in APPPATH\Views\layouts\heading.php on line 2.
 1 APPPATH\Views\layouts\heading.php(2): CodeIgniter\Debug\Exceptions->errorHandler(2, 'Undefined variable $title', 'C:\\xampp\\htdocs\\Apotek\\app\\Views\\layouts\\heading.php', 2)
 2 SYSTEMPATH\View\View.php(228): include('C:\\xampp\\htdocs\\Apotek\\app\\Views\\layouts\\heading.php')
 3 SYSTEMPATH\View\View.php(231): CodeIgniter\View\View->CodeIgniter\View\{closure}()
 4 SYSTEMPATH\View\View.php(469): CodeIgniter\View\View->render('layouts/heading.php', null, true)
 5 APPPATH\Views\layouts\template.php(33): CodeIgniter\View\View->include('layouts/heading.php')
 6 SYSTEMPATH\View\View.php(228): include('C:\\xampp\\htdocs\\Apotek\\app\\Views\\layouts\\template.php')
 7 SYSTEMPATH\View\View.php(231): CodeIgniter\View\View->CodeIgniter\View\{closure}()
 8 SYSTEMPATH\View\View.php(244): CodeIgniter\View\View->render('layouts/template', [], true)
 9 SYSTEMPATH\Common.php(1190): CodeIgniter\View\View->render('obat/inputobat', [], true)
10 APPPATH\Controllers\ObatController.php(39): view('obat/inputobat')
11 SYSTEMPATH\CodeIgniter.php(942): App\Controllers\ObatController->input()
12 SYSTEMPATH\CodeIgniter.php(502): CodeIgniter\CodeIgniter->runController(Object(App\Controllers\ObatController))
13 SYSTEMPATH\CodeIgniter.php(361): CodeIgniter\CodeIgniter->handleRequest(null, Object(Config\Cache), false)
14 FCPATH\index.php(79): CodeIgniter\CodeIgniter->run()
15 SYSTEMPATH\Commands\Server\rewrite.php(47): require_once('C:\\xampp\\htdocs\\Apotek\\public\\index.php')
CRITICAL - 2023-12-11 09:04:10 --> Too few arguments to function App\Models\obatModel::cari(), 0 passed in C:\xampp\htdocs\Apotek\app\Controllers\ObatController.php on line 58 and exactly 1 expected
in APPPATH\Models\obatModel.php on line 18.
 1 APPPATH\Controllers\ObatController.php(58): App\Models\obatModel->cari()
 2 SYSTEMPATH\CodeIgniter.php(942): App\Controllers\ObatController->edit()
 3 SYSTEMPATH\CodeIgniter.php(502): CodeIgniter\CodeIgniter->runController(Object(App\Controllers\ObatController))
 4 SYSTEMPATH\CodeIgniter.php(361): CodeIgniter\CodeIgniter->handleRequest(null, Object(Config\Cache), false)
 5 FCPATH\index.php(79): CodeIgniter\CodeIgniter->run()
 6 SYSTEMPATH\Commands\Server\rewrite.php(47): require_once('C:\\xampp\\htdocs\\Apotek\\public\\index.php')
CRITICAL - 2023-12-11 09:04:16 --> Too few arguments to function App\Models\obatModel::cari(), 0 passed in C:\xampp\htdocs\Apotek\app\Controllers\ObatController.php on line 58 and exactly 1 expected
in APPPATH\Models\obatModel.php on line 18.
 1 APPPATH\Controllers\ObatController.php(58): App\Models\obatModel->cari()
 2 SYSTEMPATH\CodeIgniter.php(942): App\Controllers\ObatController->edit()
 3 SYSTEMPATH\CodeIgniter.php(502): CodeIgniter\CodeIgniter->runController(Object(App\Controllers\ObatController))
 4 SYSTEMPATH\CodeIgniter.php(361): CodeIgniter\CodeIgniter->handleRequest(null, Object(Config\Cache), false)
 5 FCPATH\index.php(79): CodeIgniter\CodeIgniter->run()
 6 SYSTEMPATH\Commands\Server\rewrite.php(47): require_once('C:\\xampp\\htdocs\\Apotek\\public\\index.php')
CRITICAL - 2023-12-11 09:10:56 --> Undefined array key "id_obat"
in APPPATH\Views\obat\editobat.php on line 8.
 1 APPPATH\Views\obat\editobat.php(8): CodeIgniter\Debug\Exceptions->errorHandler(2, 'Undefined array key "id_obat"', 'C:\\xampp\\htdocs\\Apotek\\app\\Views\\obat\\editobat.php', 8)
 2 SYSTEMPATH\View\View.php(228): include('C:\\xampp\\htdocs\\Apotek\\app\\Views\\obat\\editobat.php')
 3 SYSTEMPATH\View\View.php(231): CodeIgniter\View\View->CodeIgniter\View\{closure}()
 4 SYSTEMPATH\Common.php(1190): CodeIgniter\View\View->render('obat/editobat', [], true)
 5 APPPATH\Controllers\ObatController.php(64): view('obat/editobat', [...])
 6 SYSTEMPATH\CodeIgniter.php(942): App\Controllers\ObatController->edit('1')
 7 SYSTEMPATH\CodeIgniter.php(502): CodeIgniter\CodeIgniter->runController(Object(App\Controllers\ObatController))
 8 SYSTEMPATH\CodeIgniter.php(361): CodeIgniter\CodeIgniter->handleRequest(null, Object(Config\Cache), false)
 9 FCPATH\index.php(79): CodeIgniter\CodeIgniter->run()
10 SYSTEMPATH\Commands\Server\rewrite.php(47): require_once('C:\\xampp\\htdocs\\Apotek\\public\\index.php')
CRITICAL - 2023-12-11 09:11:47 --> Undefined array key "id_obat"
in APPPATH\Views\obat\editobat.php on line 8.
 1 APPPATH\Views\obat\editobat.php(8): CodeIgniter\Debug\Exceptions->errorHandler(2, 'Undefined array key "id_obat"', 'C:\\xampp\\htdocs\\Apotek\\app\\Views\\obat\\editobat.php', 8)
 2 SYSTEMPATH\View\View.php(228): include('C:\\xampp\\htdocs\\Apotek\\app\\Views\\obat\\editobat.php')
 3 SYSTEMPATH\View\View.php(231): CodeIgniter\View\View->CodeIgniter\View\{closure}()
 4 SYSTEMPATH\Common.php(1190): CodeIgniter\View\View->render('obat/editobat', [], true)
 5 APPPATH\Controllers\ObatController.php(64): view('obat/editobat', [...])
 6 SYSTEMPATH\CodeIgniter.php(942): App\Controllers\ObatController->edit('1')
 7 SYSTEMPATH\CodeIgniter.php(502): CodeIgniter\CodeIgniter->runController(Object(App\Controllers\ObatController))
 8 SYSTEMPATH\CodeIgniter.php(361): CodeIgniter\CodeIgniter->handleRequest(null, Object(Config\Cache), false)
 9 FCPATH\index.php(79): CodeIgniter\CodeIgniter->run()
10 SYSTEMPATH\Commands\Server\rewrite.php(47): require_once('C:\\xampp\\htdocs\\Apotek\\public\\index.php')
CRITICAL - 2023-12-11 09:11:48 --> Undefined array key "id_obat"
in APPPATH\Views\obat\editobat.php on line 8.
 1 APPPATH\Views\obat\editobat.php(8): CodeIgniter\Debug\Exceptions->errorHandler(2, 'Undefined array key "id_obat"', 'C:\\xampp\\htdocs\\Apotek\\app\\Views\\obat\\editobat.php', 8)
 2 SYSTEMPATH\View\View.php(228): include('C:\\xampp\\htdocs\\Apotek\\app\\Views\\obat\\editobat.php')
 3 SYSTEMPATH\View\View.php(231): CodeIgniter\View\View->CodeIgniter\View\{closure}()
 4 SYSTEMPATH\Common.php(1190): CodeIgniter\View\View->render('obat/editobat', [], true)
 5 APPPATH\Controllers\ObatController.php(64): view('obat/editobat', [...])
 6 SYSTEMPATH\CodeIgniter.php(942): App\Controllers\ObatController->edit('1')
 7 SYSTEMPATH\CodeIgniter.php(502): CodeIgniter\CodeIgniter->runController(Object(App\Controllers\ObatController))
 8 SYSTEMPATH\CodeIgniter.php(361): CodeIgniter\CodeIgniter->handleRequest(null, Object(Config\Cache), false)
 9 FCPATH\index.php(79): CodeIgniter\CodeIgniter->run()
10 SYSTEMPATH\Commands\Server\rewrite.php(47): require_once('C:\\xampp\\htdocs\\Apotek\\public\\index.php')
CRITICAL - 2023-12-11 09:13:48 --> Undefined array key "id_obat"
in APPPATH\Views\obat\editobat.php on line 8.
 1 APPPATH\Views\obat\editobat.php(8): CodeIgniter\Debug\Exceptions->errorHandler(2, 'Undefined array key "id_obat"', 'C:\\xampp\\htdocs\\Apotek\\app\\Views\\obat\\editobat.php', 8)
 2 SYSTEMPATH\View\View.php(228): include('C:\\xampp\\htdocs\\Apotek\\app\\Views\\obat\\editobat.php')
 3 SYSTEMPATH\View\View.php(231): CodeIgniter\View\View->CodeIgniter\View\{closure}()
 4 SYSTEMPATH\Common.php(1190): CodeIgniter\View\View->render('obat/editobat', [], true)
 5 APPPATH\Controllers\ObatController.php(64): view('obat/editobat', [...])
 6 SYSTEMPATH\CodeIgniter.php(942): App\Controllers\ObatController->edit('1')
 7 SYSTEMPATH\CodeIgniter.php(502): CodeIgniter\CodeIgniter->runController(Object(App\Controllers\ObatController))
 8 SYSTEMPATH\CodeIgniter.php(361): CodeIgniter\CodeIgniter->handleRequest(null, Object(Config\Cache), false)
 9 FCPATH\index.php(79): CodeIgniter\CodeIgniter->run()
10 SYSTEMPATH\Commands\Server\rewrite.php(47): require_once('C:\\xampp\\htdocs\\Apotek\\public\\index.php')
CRITICAL - 2023-12-11 09:14:33 --> Undefined array key "id_obat"
in APPPATH\Views\obat\editobat.php on line 8.
 1 APPPATH\Views\obat\editobat.php(8): CodeIgniter\Debug\Exceptions->errorHandler(2, 'Undefined array key "id_obat"', 'C:\\xampp\\htdocs\\Apotek\\app\\Views\\obat\\editobat.php', 8)
 2 SYSTEMPATH\View\View.php(228): include('C:\\xampp\\htdocs\\Apotek\\app\\Views\\obat\\editobat.php')
 3 SYSTEMPATH\View\View.php(231): CodeIgniter\View\View->CodeIgniter\View\{closure}()
 4 SYSTEMPATH\Common.php(1190): CodeIgniter\View\View->render('obat/editobat', [], true)
 5 APPPATH\Controllers\ObatController.php(64): view('obat/editobat', [...])
 6 SYSTEMPATH\CodeIgniter.php(942): App\Controllers\ObatController->edit('1')
 7 SYSTEMPATH\CodeIgniter.php(502): CodeIgniter\CodeIgniter->runController(Object(App\Controllers\ObatController))
 8 SYSTEMPATH\CodeIgniter.php(361): CodeIgniter\CodeIgniter->handleRequest(null, Object(Config\Cache), false)
 9 FCPATH\index.php(79): CodeIgniter\CodeIgniter->run()
10 SYSTEMPATH\Commands\Server\rewrite.php(47): require_once('C:\\xampp\\htdocs\\Apotek\\public\\index.php')
CRITICAL - 2023-12-11 09:14:40 --> Undefined array key "id_obat"
in APPPATH\Views\obat\editobat.php on line 8.
 1 APPPATH\Views\obat\editobat.php(8): CodeIgniter\Debug\Exceptions->errorHandler(2, 'Undefined array key "id_obat"', 'C:\\xampp\\htdocs\\Apotek\\app\\Views\\obat\\editobat.php', 8)
 2 SYSTEMPATH\View\View.php(228): include('C:\\xampp\\htdocs\\Apotek\\app\\Views\\obat\\editobat.php')
 3 SYSTEMPATH\View\View.php(231): CodeIgniter\View\View->CodeIgniter\View\{closure}()
 4 SYSTEMPATH\Common.php(1190): CodeIgniter\View\View->render('obat/editobat', [], true)
 5 APPPATH\Controllers\ObatController.php(64): view('obat/editobat', [...])
 6 SYSTEMPATH\CodeIgniter.php(942): App\Controllers\ObatController->edit('4')
 7 SYSTEMPATH\CodeIgniter.php(502): CodeIgniter\CodeIgniter->runController(Object(App\Controllers\ObatController))
 8 SYSTEMPATH\CodeIgniter.php(361): CodeIgniter\CodeIgniter->handleRequest(null, Object(Config\Cache), false)
 9 FCPATH\index.php(79): CodeIgniter\CodeIgniter->run()
10 SYSTEMPATH\Commands\Server\rewrite.php(47): require_once('C:\\xampp\\htdocs\\Apotek\\public\\index.php')
CRITICAL - 2023-12-11 09:15:30 --> Cannot use object of type App\Models\obatModel as array
in APPPATH\Views\obat\editobat.php on line 8.
 1 SYSTEMPATH\View\View.php(228): include()
 2 SYSTEMPATH\View\View.php(231): CodeIgniter\View\View->CodeIgniter\View\{closure}()
 3 SYSTEMPATH\Common.php(1190): CodeIgniter\View\View->render('obat/editobat', [], true)
 4 APPPATH\Controllers\ObatController.php(64): view('obat/editobat', [...])
 5 SYSTEMPATH\CodeIgniter.php(942): App\Controllers\ObatController->edit('4')
 6 SYSTEMPATH\CodeIgniter.php(502): CodeIgniter\CodeIgniter->runController(Object(App\Controllers\ObatController))
 7 SYSTEMPATH\CodeIgniter.php(361): CodeIgniter\CodeIgniter->handleRequest(null, Object(Config\Cache), false)
 8 FCPATH\index.php(79): CodeIgniter\CodeIgniter->run()
 9 SYSTEMPATH\Commands\Server\rewrite.php(47): require_once('C:\\xampp\\htdocs\\Apotek\\public\\index.php')
CRITICAL - 2023-12-11 09:15:31 --> Cannot use object of type App\Models\obatModel as array
in APPPATH\Views\obat\editobat.php on line 8.
 1 SYSTEMPATH\View\View.php(228): include()
 2 SYSTEMPATH\View\View.php(231): CodeIgniter\View\View->CodeIgniter\View\{closure}()
 3 SYSTEMPATH\Common.php(1190): CodeIgniter\View\View->render('obat/editobat', [], true)
 4 APPPATH\Controllers\ObatController.php(64): view('obat/editobat', [...])
 5 SYSTEMPATH\CodeIgniter.php(942): App\Controllers\ObatController->edit('4')
 6 SYSTEMPATH\CodeIgniter.php(502): CodeIgniter\CodeIgniter->runController(Object(App\Controllers\ObatController))
 7 SYSTEMPATH\CodeIgniter.php(361): CodeIgniter\CodeIgniter->handleRequest(null, Object(Config\Cache), false)
 8 FCPATH\index.php(79): CodeIgniter\CodeIgniter->run()
 9 SYSTEMPATH\Commands\Server\rewrite.php(47): require_once('C:\\xampp\\htdocs\\Apotek\\public\\index.php')
CRITICAL - 2023-12-11 09:16:27 --> Trying to access array offset on value of type null
in APPPATH\Views\obat\editobat.php on line 8.
 1 APPPATH\Views\obat\editobat.php(8): CodeIgniter\Debug\Exceptions->errorHandler(2, 'Trying to access array offset on value of type null', 'C:\\xampp\\htdocs\\Apotek\\app\\Views\\obat\\editobat.php', 8)
 2 SYSTEMPATH\View\View.php(228): include('C:\\xampp\\htdocs\\Apotek\\app\\Views\\obat\\editobat.php')
 3 SYSTEMPATH\View\View.php(231): CodeIgniter\View\View->CodeIgniter\View\{closure}()
 4 SYSTEMPATH\Common.php(1190): CodeIgniter\View\View->render('obat/editobat', [], true)
 5 APPPATH\Controllers\ObatController.php(64): view('obat/editobat', [...])
 6 SYSTEMPATH\CodeIgniter.php(942): App\Controllers\ObatController->edit('vendor', 'fontawesome-free', 'css', 'all.min.css')
 7 SYSTEMPATH\CodeIgniter.php(502): CodeIgniter\CodeIgniter->runController(Object(App\Controllers\ObatController))
 8 SYSTEMPATH\CodeIgniter.php(361): CodeIgniter\CodeIgniter->handleRequest(null, Object(Config\Cache), false)
 9 FCPATH\index.php(79): CodeIgniter\CodeIgniter->run()
10 SYSTEMPATH\Commands\Server\rewrite.php(47): require_once('C:\\xampp\\htdocs\\Apotek\\public\\index.php')
CRITICAL - 2023-12-11 09:16:28 --> Trying to access array offset on value of type null
in APPPATH\Views\obat\editobat.php on line 8.
 1 APPPATH\Views\obat\editobat.php(8): CodeIgniter\Debug\Exceptions->errorHandler(2, 'Trying to access array offset on value of type null', 'C:\\xampp\\htdocs\\Apotek\\app\\Views\\obat\\editobat.php', 8)
 2 SYSTEMPATH\View\View.php(228): include('C:\\xampp\\htdocs\\Apotek\\app\\Views\\obat\\editobat.php')
 3 SYSTEMPATH\View\View.php(231): CodeIgniter\View\View->CodeIgniter\View\{closure}()
 4 SYSTEMPATH\Common.php(1190): CodeIgniter\View\View->render('obat/editobat', [], true)
 5 APPPATH\Controllers\ObatController.php(64): view('obat/editobat', [...])
 6 SYSTEMPATH\CodeIgniter.php(942): App\Controllers\ObatController->edit('css', 'sb-admin-2.min.css')
 7 SYSTEMPATH\CodeIgniter.php(502): CodeIgniter\CodeIgniter->runController(Object(App\Controllers\ObatController))
 8 SYSTEMPATH\CodeIgniter.php(361): CodeIgniter\CodeIgniter->handleRequest(null, Object(Config\Cache), false)
 9 FCPATH\index.php(79): CodeIgniter\CodeIgniter->run()
10 SYSTEMPATH\Commands\Server\rewrite.php(47): require_once('C:\\xampp\\htdocs\\Apotek\\public\\index.php')
CRITICAL - 2023-12-11 09:16:28 --> Trying to access array offset on value of type null
in APPPATH\Views\obat\editobat.php on line 8.
 1 APPPATH\Views\obat\editobat.php(8): CodeIgniter\Debug\Exceptions->errorHandler(2, 'Trying to access array offset on value of type null', 'C:\\xampp\\htdocs\\Apotek\\app\\Views\\obat\\editobat.php', 8)
 2 SYSTEMPATH\View\View.php(228): include('C:\\xampp\\htdocs\\Apotek\\app\\Views\\obat\\editobat.php')
 3 SYSTEMPATH\View\View.php(231): CodeIgniter\View\View->CodeIgniter\View\{closure}()
 4 SYSTEMPATH\Common.php(1190): CodeIgniter\View\View->render('obat/editobat', [], true)
 5 APPPATH\Controllers\ObatController.php(64): view('obat/editobat', [...])
 6 SYSTEMPATH\CodeIgniter.php(942): App\Controllers\ObatController->edit('vendor', 'jquery', 'jquery.min.js')
 7 SYSTEMPATH\CodeIgniter.php(502): CodeIgniter\CodeIgniter->runController(Object(App\Controllers\ObatController))
 8 SYSTEMPATH\CodeIgniter.php(361): CodeIgniter\CodeIgniter->handleRequest(null, Object(Config\Cache), false)
 9 FCPATH\index.php(79): CodeIgniter\CodeIgniter->run()
10 SYSTEMPATH\Commands\Server\rewrite.php(47): require_once('C:\\xampp\\htdocs\\Apotek\\public\\index.php')
CRITICAL - 2023-12-11 09:16:28 --> Trying to access array offset on value of type null
in APPPATH\Views\obat\editobat.php on line 8.
 1 APPPATH\Views\obat\editobat.php(8): CodeIgniter\Debug\Exceptions->errorHandler(2, 'Trying to access array offset on value of type null', 'C:\\xampp\\htdocs\\Apotek\\app\\Views\\obat\\editobat.php', 8)
 2 SYSTEMPATH\View\View.php(228): include('C:\\xampp\\htdocs\\Apotek\\app\\Views\\obat\\editobat.php')
 3 SYSTEMPATH\View\View.php(231): CodeIgniter\View\View->CodeIgniter\View\{closure}()
 4 SYSTEMPATH\Common.php(1190): CodeIgniter\View\View->render('obat/editobat', [], true)
 5 APPPATH\Controllers\ObatController.php(64): view('obat/editobat', [...])
 6 SYSTEMPATH\CodeIgniter.php(942): App\Controllers\ObatController->edit('img', 'undraw_profile.svg')
 7 SYSTEMPATH\CodeIgniter.php(502): CodeIgniter\CodeIgniter->runController(Object(App\Controllers\ObatController))
 8 SYSTEMPATH\CodeIgniter.php(361): CodeIgniter\CodeIgniter->handleRequest(null, Object(Config\Cache), false)
 9 FCPATH\index.php(79): CodeIgniter\CodeIgniter->run()
10 SYSTEMPATH\Commands\Server\rewrite.php(47): require_once('C:\\xampp\\htdocs\\Apotek\\public\\index.php')
CRITICAL - 2023-12-11 09:16:28 --> Trying to access array offset on value of type null
in APPPATH\Views\obat\editobat.php on line 8.
 1 APPPATH\Views\obat\editobat.php(8): CodeIgniter\Debug\Exceptions->errorHandler(2, 'Trying to access array offset on value of type null', 'C:\\xampp\\htdocs\\Apotek\\app\\Views\\obat\\editobat.php', 8)
 2 SYSTEMPATH\View\View.php(228): include('C:\\xampp\\htdocs\\Apotek\\app\\Views\\obat\\editobat.php')
 3 SYSTEMPATH\View\View.php(231): CodeIgniter\View\View->CodeIgniter\View\{closure}()
 4 SYSTEMPATH\Common.php(1190): CodeIgniter\View\View->render('obat/editobat', [], true)
 5 APPPATH\Controllers\ObatController.php(64): view('obat/editobat', [...])
 6 SYSTEMPATH\CodeIgniter.php(942): App\Controllers\ObatController->edit('vendor', 'bootstrap', 'js', 'bootstrap.bundle.min.js')
 7 SYSTEMPATH\CodeIgniter.php(502): CodeIgniter\CodeIgniter->runController(Object(App\Controllers\ObatController))
 8 SYSTEMPATH\CodeIgniter.php(361): CodeIgniter\CodeIgniter->handleRequest(null, Object(Config\Cache), false)
 9 FCPATH\index.php(79): CodeIgniter\CodeIgniter->run()
10 SYSTEMPATH\Commands\Server\rewrite.php(47): require_once('C:\\xampp\\htdocs\\Apotek\\public\\index.php')
CRITICAL - 2023-12-11 09:16:28 --> Trying to access array offset on value of type null
in APPPATH\Views\obat\editobat.php on line 8.
 1 APPPATH\Views\obat\editobat.php(8): CodeIgniter\Debug\Exceptions->errorHandler(2, 'Trying to access array offset on value of type null', 'C:\\xampp\\htdocs\\Apotek\\app\\Views\\obat\\editobat.php', 8)
 2 SYSTEMPATH\View\View.php(228): include('C:\\xampp\\htdocs\\Apotek\\app\\Views\\obat\\editobat.php')
 3 SYSTEMPATH\View\View.php(231): CodeIgniter\View\View->CodeIgniter\View\{closure}()
 4 SYSTEMPATH\Common.php(1190): CodeIgniter\View\View->render('obat/editobat', [], true)
 5 APPPATH\Controllers\ObatController.php(64): view('obat/editobat', [...])
 6 SYSTEMPATH\CodeIgniter.php(942): App\Controllers\ObatController->edit('vendor', 'jquery-easing', 'jquery.easing.min.js')
 7 SYSTEMPATH\CodeIgniter.php(502): CodeIgniter\CodeIgniter->runController(Object(App\Controllers\ObatController))
 8 SYSTEMPATH\CodeIgniter.php(361): CodeIgniter\CodeIgniter->handleRequest(null, Object(Config\Cache), false)
 9 FCPATH\index.php(79): CodeIgniter\CodeIgniter->run()
10 SYSTEMPATH\Commands\Server\rewrite.php(47): require_once('C:\\xampp\\htdocs\\Apotek\\public\\index.php')
CRITICAL - 2023-12-11 09:16:28 --> Trying to access array offset on value of type null
in APPPATH\Views\obat\editobat.php on line 8.
 1 APPPATH\Views\obat\editobat.php(8): CodeIgniter\Debug\Exceptions->errorHandler(2, 'Trying to access array offset on value of type null', 'C:\\xampp\\htdocs\\Apotek\\app\\Views\\obat\\editobat.php', 8)
 2 SYSTEMPATH\View\View.php(228): include('C:\\xampp\\htdocs\\Apotek\\app\\Views\\obat\\editobat.php')
 3 SYSTEMPATH\View\View.php(231): CodeIgniter\View\View->CodeIgniter\View\{closure}()
 4 SYSTEMPATH\Common.php(1190): CodeIgniter\View\View->render('obat/editobat', [], true)
 5 APPPATH\Controllers\ObatController.php(64): view('obat/editobat', [...])
 6 SYSTEMPATH\CodeIgniter.php(942): App\Controllers\ObatController->edit('js', 'sb-admin-2.min.js')
 7 SYSTEMPATH\CodeIgniter.php(502): CodeIgniter\CodeIgniter->runController(Object(App\Controllers\ObatController))
 8 SYSTEMPATH\CodeIgniter.php(361): CodeIgniter\CodeIgniter->handleRequest(null, Object(Config\Cache), false)
 9 FCPATH\index.php(79): CodeIgniter\CodeIgniter->run()
10 SYSTEMPATH\Commands\Server\rewrite.php(47): require_once('C:\\xampp\\htdocs\\Apotek\\public\\index.php')
CRITICAL - 2023-12-11 09:16:29 --> Trying to access array offset on value of type null
in APPPATH\Views\obat\editobat.php on line 8.
 1 APPPATH\Views\obat\editobat.php(8): CodeIgniter\Debug\Exceptions->errorHandler(2, 'Trying to access array offset on value of type null', 'C:\\xampp\\htdocs\\Apotek\\app\\Views\\obat\\editobat.php', 8)
 2 SYSTEMPATH\View\View.php(228): include('C:\\xampp\\htdocs\\Apotek\\app\\Views\\obat\\editobat.php')
 3 SYSTEMPATH\View\View.php(231): CodeIgniter\View\View->CodeIgniter\View\{closure}()
 4 SYSTEMPATH\Common.php(1190): CodeIgniter\View\View->render('obat/editobat', [], true)
 5 APPPATH\Controllers\ObatController.php(64): view('obat/editobat', [...])
 6 SYSTEMPATH\CodeIgniter.php(942): App\Controllers\ObatController->edit('vendor', 'datatables', 'jquery.dataTables.min.js')
 7 SYSTEMPATH\CodeIgniter.php(502): CodeIgniter\CodeIgniter->runController(Object(App\Controllers\ObatController))
 8 SYSTEMPATH\CodeIgniter.php(361): CodeIgniter\CodeIgniter->handleRequest(null, Object(Config\Cache), false)
 9 FCPATH\index.php(79): CodeIgniter\CodeIgniter->run()
10 SYSTEMPATH\Commands\Server\rewrite.php(47): require_once('C:\\xampp\\htdocs\\Apotek\\public\\index.php')
CRITICAL - 2023-12-11 09:16:29 --> Trying to access array offset on value of type null
in APPPATH\Views\obat\editobat.php on line 8.
 1 APPPATH\Views\obat\editobat.php(8): CodeIgniter\Debug\Exceptions->errorHandler(2, 'Trying to access array offset on value of type null', 'C:\\xampp\\htdocs\\Apotek\\app\\Views\\obat\\editobat.php', 8)
 2 SYSTEMPATH\View\View.php(228): include('C:\\xampp\\htdocs\\Apotek\\app\\Views\\obat\\editobat.php')
 3 SYSTEMPATH\View\View.php(231): CodeIgniter\View\View->CodeIgniter\View\{closure}()
 4 SYSTEMPATH\Common.php(1190): CodeIgniter\View\View->render('obat/editobat', [], true)
 5 APPPATH\Controllers\ObatController.php(64): view('obat/editobat', [...])
 6 SYSTEMPATH\CodeIgniter.php(942): App\Controllers\ObatController->edit('vendor', 'datatables', 'dataTables.bootstrap4.min.js')
 7 SYSTEMPATH\CodeIgniter.php(502): CodeIgniter\CodeIgniter->runController(Object(App\Controllers\ObatController))
 8 SYSTEMPATH\CodeIgniter.php(361): CodeIgniter\CodeIgniter->handleRequest(null, Object(Config\Cache), false)
 9 FCPATH\index.php(79): CodeIgniter\CodeIgniter->run()
10 SYSTEMPATH\Commands\Server\rewrite.php(47): require_once('C:\\xampp\\htdocs\\Apotek\\public\\index.php')
CRITICAL - 2023-12-11 09:16:29 --> Trying to access array offset on value of type null
in APPPATH\Views\obat\editobat.php on line 8.
 1 APPPATH\Views\obat\editobat.php(8): CodeIgniter\Debug\Exceptions->errorHandler(2, 'Trying to access array offset on value of type null', 'C:\\xampp\\htdocs\\Apotek\\app\\Views\\obat\\editobat.php', 8)
 2 SYSTEMPATH\View\View.php(228): include('C:\\xampp\\htdocs\\Apotek\\app\\Views\\obat\\editobat.php')
 3 SYSTEMPATH\View\View.php(231): CodeIgniter\View\View->CodeIgniter\View\{closure}()
 4 SYSTEMPATH\Common.php(1190): CodeIgniter\View\View->render('obat/editobat', [], true)
 5 APPPATH\Controllers\ObatController.php(64): view('obat/editobat', [...])
 6 SYSTEMPATH\CodeIgniter.php(942): App\Controllers\ObatController->edit('js', 'demo', 'datatables-demo.js')
 7 SYSTEMPATH\CodeIgniter.php(502): CodeIgniter\CodeIgniter->runController(Object(App\Controllers\ObatController))
 8 SYSTEMPATH\CodeIgniter.php(361): CodeIgniter\CodeIgniter->handleRequest(null, Object(Config\Cache), false)
 9 FCPATH\index.php(79): CodeIgniter\CodeIgniter->run()
10 SYSTEMPATH\Commands\Server\rewrite.php(47): require_once('C:\\xampp\\htdocs\\Apotek\\public\\index.php')
CRITICAL - 2023-12-11 09:17:21 --> Trying to access array offset on value of type null
in APPPATH\Views\obat\editobat.php on line 8.
 1 APPPATH\Views\obat\editobat.php(8): CodeIgniter\Debug\Exceptions->errorHandler(2, 'Trying to access array offset on value of type null', 'C:\\xampp\\htdocs\\Apotek\\app\\Views\\obat\\editobat.php', 8)
 2 SYSTEMPATH\View\View.php(228): include('C:\\xampp\\htdocs\\Apotek\\app\\Views\\obat\\editobat.php')
 3 SYSTEMPATH\View\View.php(231): CodeIgniter\View\View->CodeIgniter\View\{closure}()
 4 SYSTEMPATH\Common.php(1190): CodeIgniter\View\View->render('obat/editobat', [], true)
 5 APPPATH\Controllers\ObatController.php(64): view('obat/editobat', [...])
 6 SYSTEMPATH\CodeIgniter.php(942): App\Controllers\ObatController->edit('vendor', 'jquery', 'jquery.min.js')
 7 SYSTEMPATH\CodeIgniter.php(502): CodeIgniter\CodeIgniter->runController(Object(App\Controllers\ObatController))
 8 SYSTEMPATH\CodeIgniter.php(361): CodeIgniter\CodeIgniter->handleRequest(null, Object(Config\Cache), false)
 9 FCPATH\index.php(79): CodeIgniter\CodeIgniter->run()
10 SYSTEMPATH\Commands\Server\rewrite.php(47): require_once('C:\\xampp\\htdocs\\Apotek\\public\\index.php')
CRITICAL - 2023-12-11 09:17:21 --> Trying to access array offset on value of type null
in APPPATH\Views\obat\editobat.php on line 8.
 1 APPPATH\Views\obat\editobat.php(8): CodeIgniter\Debug\Exceptions->errorHandler(2, 'Trying to access array offset on value of type null', 'C:\\xampp\\htdocs\\Apotek\\app\\Views\\obat\\editobat.php', 8)
 2 SYSTEMPATH\View\View.php(228): include('C:\\xampp\\htdocs\\Apotek\\app\\Views\\obat\\editobat.php')
 3 SYSTEMPATH\View\View.php(231): CodeIgniter\View\View->CodeIgniter\View\{closure}()
 4 SYSTEMPATH\Common.php(1190): CodeIgniter\View\View->render('obat/editobat', [], true)
 5 APPPATH\Controllers\ObatController.php(64): view('obat/editobat', [...])
 6 SYSTEMPATH\CodeIgniter.php(942): App\Controllers\ObatController->edit('img', 'undraw_profile.svg')
 7 SYSTEMPATH\CodeIgniter.php(502): CodeIgniter\CodeIgniter->runController(Object(App\Controllers\ObatController))
 8 SYSTEMPATH\CodeIgniter.php(361): CodeIgniter\CodeIgniter->handleRequest(null, Object(Config\Cache), false)
 9 FCPATH\index.php(79): CodeIgniter\CodeIgniter->run()
10 SYSTEMPATH\Commands\Server\rewrite.php(47): require_once('C:\\xampp\\htdocs\\Apotek\\public\\index.php')
CRITICAL - 2023-12-11 09:17:22 --> Trying to access array offset on value of type null
in APPPATH\Views\obat\editobat.php on line 8.
 1 APPPATH\Views\obat\editobat.php(8): CodeIgniter\Debug\Exceptions->errorHandler(2, 'Trying to access array offset on value of type null', 'C:\\xampp\\htdocs\\Apotek\\app\\Views\\obat\\editobat.php', 8)
 2 SYSTEMPATH\View\View.php(228): include('C:\\xampp\\htdocs\\Apotek\\app\\Views\\obat\\editobat.php')
 3 SYSTEMPATH\View\View.php(231): CodeIgniter\View\View->CodeIgniter\View\{closure}()
 4 SYSTEMPATH\Common.php(1190): CodeIgniter\View\View->render('obat/editobat', [], true)
 5 APPPATH\Controllers\ObatController.php(64): view('obat/editobat', [...])
 6 SYSTEMPATH\CodeIgniter.php(942): App\Controllers\ObatController->edit('vendor', 'bootstrap', 'js', 'bootstrap.bundle.min.js')
 7 SYSTEMPATH\CodeIgniter.php(502): CodeIgniter\CodeIgniter->runController(Object(App\Controllers\ObatController))
 8 SYSTEMPATH\CodeIgniter.php(361): CodeIgniter\CodeIgniter->handleRequest(null, Object(Config\Cache), false)
 9 FCPATH\index.php(79): CodeIgniter\CodeIgniter->run()
10 SYSTEMPATH\Commands\Server\rewrite.php(47): require_once('C:\\xampp\\htdocs\\Apotek\\public\\index.php')
CRITICAL - 2023-12-11 09:17:22 --> Trying to access array offset on value of type null
in APPPATH\Views\obat\editobat.php on line 8.
 1 APPPATH\Views\obat\editobat.php(8): CodeIgniter\Debug\Exceptions->errorHandler(2, 'Trying to access array offset on value of type null', 'C:\\xampp\\htdocs\\Apotek\\app\\Views\\obat\\editobat.php', 8)
 2 SYSTEMPATH\View\View.php(228): include('C:\\xampp\\htdocs\\Apotek\\app\\Views\\obat\\editobat.php')
 3 SYSTEMPATH\View\View.php(231): CodeIgniter\View\View->CodeIgniter\View\{closure}()
 4 SYSTEMPATH\Common.php(1190): CodeIgniter\View\View->render('obat/editobat', [], true)
 5 APPPATH\Controllers\ObatController.php(64): view('obat/editobat', [...])
 6 SYSTEMPATH\CodeIgniter.php(942): App\Controllers\ObatController->edit('vendor', 'jquery-easing', 'jquery.easing.min.js')
 7 SYSTEMPATH\CodeIgniter.php(502): CodeIgniter\CodeIgniter->runController(Object(App\Controllers\ObatController))
 8 SYSTEMPATH\CodeIgniter.php(361): CodeIgniter\CodeIgniter->handleRequest(null, Object(Config\Cache), false)
 9 FCPATH\index.php(79): CodeIgniter\CodeIgniter->run()
10 SYSTEMPATH\Commands\Server\rewrite.php(47): require_once('C:\\xampp\\htdocs\\Apotek\\public\\index.php')
CRITICAL - 2023-12-11 09:17:22 --> Trying to access array offset on value of type null
in APPPATH\Views\obat\editobat.php on line 8.
 1 APPPATH\Views\obat\editobat.php(8): CodeIgniter\Debug\Exceptions->errorHandler(2, 'Trying to access array offset on value of type null', 'C:\\xampp\\htdocs\\Apotek\\app\\Views\\obat\\editobat.php', 8)
 2 SYSTEMPATH\View\View.php(228): include('C:\\xampp\\htdocs\\Apotek\\app\\Views\\obat\\editobat.php')
 3 SYSTEMPATH\View\View.php(231): CodeIgniter\View\View->CodeIgniter\View\{closure}()
 4 SYSTEMPATH\Common.php(1190): CodeIgniter\View\View->render('obat/editobat', [], true)
 5 APPPATH\Controllers\ObatController.php(64): view('obat/editobat', [...])
 6 SYSTEMPATH\CodeIgniter.php(942): App\Controllers\ObatController->edit('js', 'sb-admin-2.min.js')
 7 SYSTEMPATH\CodeIgniter.php(502): CodeIgniter\CodeIgniter->runController(Object(App\Controllers\ObatController))
 8 SYSTEMPATH\CodeIgniter.php(361): CodeIgniter\CodeIgniter->handleRequest(null, Object(Config\Cache), false)
 9 FCPATH\index.php(79): CodeIgniter\CodeIgniter->run()
10 SYSTEMPATH\Commands\Server\rewrite.php(47): require_once('C:\\xampp\\htdocs\\Apotek\\public\\index.php')
CRITICAL - 2023-12-11 09:17:22 --> Trying to access array offset on value of type null
in APPPATH\Views\obat\editobat.php on line 8.
 1 APPPATH\Views\obat\editobat.php(8): CodeIgniter\Debug\Exceptions->errorHandler(2, 'Trying to access array offset on value of type null', 'C:\\xampp\\htdocs\\Apotek\\app\\Views\\obat\\editobat.php', 8)
 2 SYSTEMPATH\View\View.php(228): include('C:\\xampp\\htdocs\\Apotek\\app\\Views\\obat\\editobat.php')
 3 SYSTEMPATH\View\View.php(231): CodeIgniter\View\View->CodeIgniter\View\{closure}()
 4 SYSTEMPATH\Common.php(1190): CodeIgniter\View\View->render('obat/editobat', [], true)
 5 APPPATH\Controllers\ObatController.php(64): view('obat/editobat', [...])
 6 SYSTEMPATH\CodeIgniter.php(942): App\Controllers\ObatController->edit('vendor', 'datatables', 'jquery.dataTables.min.js')
 7 SYSTEMPATH\CodeIgniter.php(502): CodeIgniter\CodeIgniter->runController(Object(App\Controllers\ObatController))
 8 SYSTEMPATH\CodeIgniter.php(361): CodeIgniter\CodeIgniter->handleRequest(null, Object(Config\Cache), false)
 9 FCPATH\index.php(79): CodeIgniter\CodeIgniter->run()
10 SYSTEMPATH\Commands\Server\rewrite.php(47): require_once('C:\\xampp\\htdocs\\Apotek\\public\\index.php')
CRITICAL - 2023-12-11 09:17:22 --> Trying to access array offset on value of type null
in APPPATH\Views\obat\editobat.php on line 8.
 1 APPPATH\Views\obat\editobat.php(8): CodeIgniter\Debug\Exceptions->errorHandler(2, 'Trying to access array offset on value of type null', 'C:\\xampp\\htdocs\\Apotek\\app\\Views\\obat\\editobat.php', 8)
 2 SYSTEMPATH\View\View.php(228): include('C:\\xampp\\htdocs\\Apotek\\app\\Views\\obat\\editobat.php')
 3 SYSTEMPATH\View\View.php(231): CodeIgniter\View\View->CodeIgniter\View\{closure}()
 4 SYSTEMPATH\Common.php(1190): CodeIgniter\View\View->render('obat/editobat', [], true)
 5 APPPATH\Controllers\ObatController.php(64): view('obat/editobat', [...])
 6 SYSTEMPATH\CodeIgniter.php(942): App\Controllers\ObatController->edit('vendor', 'datatables', 'dataTables.bootstrap4.min.js')
 7 SYSTEMPATH\CodeIgniter.php(502): CodeIgniter\CodeIgniter->runController(Object(App\Controllers\ObatController))
 8 SYSTEMPATH\CodeIgniter.php(361): CodeIgniter\CodeIgniter->handleRequest(null, Object(Config\Cache), false)
 9 FCPATH\index.php(79): CodeIgniter\CodeIgniter->run()
10 SYSTEMPATH\Commands\Server\rewrite.php(47): require_once('C:\\xampp\\htdocs\\Apotek\\public\\index.php')
CRITICAL - 2023-12-11 09:17:22 --> Trying to access array offset on value of type null
in APPPATH\Views\obat\editobat.php on line 8.
 1 APPPATH\Views\obat\editobat.php(8): CodeIgniter\Debug\Exceptions->errorHandler(2, 'Trying to access array offset on value of type null', 'C:\\xampp\\htdocs\\Apotek\\app\\Views\\obat\\editobat.php', 8)
 2 SYSTEMPATH\View\View.php(228): include('C:\\xampp\\htdocs\\Apotek\\app\\Views\\obat\\editobat.php')
 3 SYSTEMPATH\View\View.php(231): CodeIgniter\View\View->CodeIgniter\View\{closure}()
 4 SYSTEMPATH\Common.php(1190): CodeIgniter\View\View->render('obat/editobat', [], true)
 5 APPPATH\Controllers\ObatController.php(64): view('obat/editobat', [...])
 6 SYSTEMPATH\CodeIgniter.php(942): App\Controllers\ObatController->edit('js', 'demo', 'datatables-demo.js')
 7 SYSTEMPATH\CodeIgniter.php(502): CodeIgniter\CodeIgniter->runController(Object(App\Controllers\ObatController))
 8 SYSTEMPATH\CodeIgniter.php(361): CodeIgniter\CodeIgniter->handleRequest(null, Object(Config\Cache), false)
 9 FCPATH\index.php(79): CodeIgniter\CodeIgniter->run()
10 SYSTEMPATH\Commands\Server\rewrite.php(47): require_once('C:\\xampp\\htdocs\\Apotek\\public\\index.php')
CRITICAL - 2023-12-11 09:17:31 --> Trying to access array offset on value of type null
in APPPATH\Views\obat\editobat.php on line 8.
 1 APPPATH\Views\obat\editobat.php(8): CodeIgniter\Debug\Exceptions->errorHandler(2, 'Trying to access array offset on value of type null', 'C:\\xampp\\htdocs\\Apotek\\app\\Views\\obat\\editobat.php', 8)
 2 SYSTEMPATH\View\View.php(228): include('C:\\xampp\\htdocs\\Apotek\\app\\Views\\obat\\editobat.php')
 3 SYSTEMPATH\View\View.php(231): CodeIgniter\View\View->CodeIgniter\View\{closure}()
 4 SYSTEMPATH\Common.php(1190): CodeIgniter\View\View->render('obat/editobat', [], true)
 5 APPPATH\Controllers\ObatController.php(64): view('obat/editobat', [...])
 6 SYSTEMPATH\CodeIgniter.php(942): App\Controllers\ObatController->edit('img', 'undraw_profile.svg')
 7 SYSTEMPATH\CodeIgniter.php(502): CodeIgniter\CodeIgniter->runController(Object(App\Controllers\ObatController))
 8 SYSTEMPATH\CodeIgniter.php(361): CodeIgniter\CodeIgniter->handleRequest(null, Object(Config\Cache), false)
 9 FCPATH\index.php(79): CodeIgniter\CodeIgniter->run()
10 SYSTEMPATH\Commands\Server\rewrite.php(47): require_once('C:\\xampp\\htdocs\\Apotek\\public\\index.php')
CRITICAL - 2023-12-11 09:17:31 --> Trying to access array offset on value of type null
in APPPATH\Views\obat\editobat.php on line 8.
 1 APPPATH\Views\obat\editobat.php(8): CodeIgniter\Debug\Exceptions->errorHandler(2, 'Trying to access array offset on value of type null', 'C:\\xampp\\htdocs\\Apotek\\app\\Views\\obat\\editobat.php', 8)
 2 SYSTEMPATH\View\View.php(228): include('C:\\xampp\\htdocs\\Apotek\\app\\Views\\obat\\editobat.php')
 3 SYSTEMPATH\View\View.php(231): CodeIgniter\View\View->CodeIgniter\View\{closure}()
 4 SYSTEMPATH\Common.php(1190): CodeIgniter\View\View->render('obat/editobat', [], true)
 5 APPPATH\Controllers\ObatController.php(64): view('obat/editobat', [...])
 6 SYSTEMPATH\CodeIgniter.php(942): App\Controllers\ObatController->edit('vendor', 'bootstrap', 'js', 'bootstrap.bundle.min.js')
 7 SYSTEMPATH\CodeIgniter.php(502): CodeIgniter\CodeIgniter->runController(Object(App\Controllers\ObatController))
 8 SYSTEMPATH\CodeIgniter.php(361): CodeIgniter\CodeIgniter->handleRequest(null, Object(Config\Cache), false)
 9 FCPATH\index.php(79): CodeIgniter\CodeIgniter->run()
10 SYSTEMPATH\Commands\Server\rewrite.php(47): require_once('C:\\xampp\\htdocs\\Apotek\\public\\index.php')
CRITICAL - 2023-12-11 09:17:32 --> Trying to access array offset on value of type null
in APPPATH\Views\obat\editobat.php on line 8.
 1 APPPATH\Views\obat\editobat.php(8): CodeIgniter\Debug\Exceptions->errorHandler(2, 'Trying to access array offset on value of type null', 'C:\\xampp\\htdocs\\Apotek\\app\\Views\\obat\\editobat.php', 8)
 2 SYSTEMPATH\View\View.php(228): include('C:\\xampp\\htdocs\\Apotek\\app\\Views\\obat\\editobat.php')
 3 SYSTEMPATH\View\View.php(231): CodeIgniter\View\View->CodeIgniter\View\{closure}()
 4 SYSTEMPATH\Common.php(1190): CodeIgniter\View\View->render('obat/editobat', [], true)
 5 APPPATH\Controllers\ObatController.php(64): view('obat/editobat', [...])
 6 SYSTEMPATH\CodeIgniter.php(942): App\Controllers\ObatController->edit('vendor', 'jquery', 'jquery.min.js')
 7 SYSTEMPATH\CodeIgniter.php(502): CodeIgniter\CodeIgniter->runController(Object(App\Controllers\ObatController))
 8 SYSTEMPATH\CodeIgniter.php(361): CodeIgniter\CodeIgniter->handleRequest(null, Object(Config\Cache), false)
 9 FCPATH\index.php(79): CodeIgniter\CodeIgniter->run()
10 SYSTEMPATH\Commands\Server\rewrite.php(47): require_once('C:\\xampp\\htdocs\\Apotek\\public\\index.php')
CRITICAL - 2023-12-11 09:17:32 --> Trying to access array offset on value of type null
in APPPATH\Views\obat\editobat.php on line 8.
 1 APPPATH\Views\obat\editobat.php(8): CodeIgniter\Debug\Exceptions->errorHandler(2, 'Trying to access array offset on value of type null', 'C:\\xampp\\htdocs\\Apotek\\app\\Views\\obat\\editobat.php', 8)
 2 SYSTEMPATH\View\View.php(228): include('C:\\xampp\\htdocs\\Apotek\\app\\Views\\obat\\editobat.php')
 3 SYSTEMPATH\View\View.php(231): CodeIgniter\View\View->CodeIgniter\View\{closure}()
 4 SYSTEMPATH\Common.php(1190): CodeIgniter\View\View->render('obat/editobat', [], true)
 5 APPPATH\Controllers\ObatController.php(64): view('obat/editobat', [...])
 6 SYSTEMPATH\CodeIgniter.php(942): App\Controllers\ObatController->edit('vendor', 'jquery-easing', 'jquery.easing.min.js')
 7 SYSTEMPATH\CodeIgniter.php(502): CodeIgniter\CodeIgniter->runController(Object(App\Controllers\ObatController))
 8 SYSTEMPATH\CodeIgniter.php(361): CodeIgniter\CodeIgniter->handleRequest(null, Object(Config\Cache), false)
 9 FCPATH\index.php(79): CodeIgniter\CodeIgniter->run()
10 SYSTEMPATH\Commands\Server\rewrite.php(47): require_once('C:\\xampp\\htdocs\\Apotek\\public\\index.php')
CRITICAL - 2023-12-11 09:17:32 --> Trying to access array offset on value of type null
in APPPATH\Views\obat\editobat.php on line 8.
 1 APPPATH\Views\obat\editobat.php(8): CodeIgniter\Debug\Exceptions->errorHandler(2, 'Trying to access array offset on value of type null', 'C:\\xampp\\htdocs\\Apotek\\app\\Views\\obat\\editobat.php', 8)
 2 SYSTEMPATH\View\View.php(228): include('C:\\xampp\\htdocs\\Apotek\\app\\Views\\obat\\editobat.php')
 3 SYSTEMPATH\View\View.php(231): CodeIgniter\View\View->CodeIgniter\View\{closure}()
 4 SYSTEMPATH\Common.php(1190): CodeIgniter\View\View->render('obat/editobat', [], true)
 5 APPPATH\Controllers\ObatController.php(64): view('obat/editobat', [...])
 6 SYSTEMPATH\CodeIgniter.php(942): App\Controllers\ObatController->edit('js', 'sb-admin-2.min.js')
 7 SYSTEMPATH\CodeIgniter.php(502): CodeIgniter\CodeIgniter->runController(Object(App\Controllers\ObatController))
 8 SYSTEMPATH\CodeIgniter.php(361): CodeIgniter\CodeIgniter->handleRequest(null, Object(Config\Cache), false)
 9 FCPATH\index.php(79): CodeIgniter\CodeIgniter->run()
10 SYSTEMPATH\Commands\Server\rewrite.php(47): require_once('C:\\xampp\\htdocs\\Apotek\\public\\index.php')
CRITICAL - 2023-12-11 09:17:32 --> Trying to access array offset on value of type null
in APPPATH\Views\obat\editobat.php on line 8.
 1 APPPATH\Views\obat\editobat.php(8): CodeIgniter\Debug\Exceptions->errorHandler(2, 'Trying to access array offset on value of type null', 'C:\\xampp\\htdocs\\Apotek\\app\\Views\\obat\\editobat.php', 8)
 2 SYSTEMPATH\View\View.php(228): include('C:\\xampp\\htdocs\\Apotek\\app\\Views\\obat\\editobat.php')
 3 SYSTEMPATH\View\View.php(231): CodeIgniter\View\View->CodeIgniter\View\{closure}()
 4 SYSTEMPATH\Common.php(1190): CodeIgniter\View\View->render('obat/editobat', [], true)
 5 APPPATH\Controllers\ObatController.php(64): view('obat/editobat', [...])
 6 SYSTEMPATH\CodeIgniter.php(942): App\Controllers\ObatController->edit('vendor', 'datatables', 'jquery.dataTables.min.js')
 7 SYSTEMPATH\CodeIgniter.php(502): CodeIgniter\CodeIgniter->runController(Object(App\Controllers\ObatController))
 8 SYSTEMPATH\CodeIgniter.php(361): CodeIgniter\CodeIgniter->handleRequest(null, Object(Config\Cache), false)
 9 FCPATH\index.php(79): CodeIgniter\CodeIgniter->run()
10 SYSTEMPATH\Commands\Server\rewrite.php(47): require_once('C:\\xampp\\htdocs\\Apotek\\public\\index.php')
CRITICAL - 2023-12-11 09:17:32 --> Trying to access array offset on value of type null
in APPPATH\Views\obat\editobat.php on line 8.
 1 APPPATH\Views\obat\editobat.php(8): CodeIgniter\Debug\Exceptions->errorHandler(2, 'Trying to access array offset on value of type null', 'C:\\xampp\\htdocs\\Apotek\\app\\Views\\obat\\editobat.php', 8)
 2 SYSTEMPATH\View\View.php(228): include('C:\\xampp\\htdocs\\Apotek\\app\\Views\\obat\\editobat.php')
 3 SYSTEMPATH\View\View.php(231): CodeIgniter\View\View->CodeIgniter\View\{closure}()
 4 SYSTEMPATH\Common.php(1190): CodeIgniter\View\View->render('obat/editobat', [], true)
 5 APPPATH\Controllers\ObatController.php(64): view('obat/editobat', [...])
 6 SYSTEMPATH\CodeIgniter.php(942): App\Controllers\ObatController->edit('vendor', 'datatables', 'dataTables.bootstrap4.min.js')
 7 SYSTEMPATH\CodeIgniter.php(502): CodeIgniter\CodeIgniter->runController(Object(App\Controllers\ObatController))
 8 SYSTEMPATH\CodeIgniter.php(361): CodeIgniter\CodeIgniter->handleRequest(null, Object(Config\Cache), false)
 9 FCPATH\index.php(79): CodeIgniter\CodeIgniter->run()
10 SYSTEMPATH\Commands\Server\rewrite.php(47): require_once('C:\\xampp\\htdocs\\Apotek\\public\\index.php')
CRITICAL - 2023-12-11 09:17:33 --> Trying to access array offset on value of type null
in APPPATH\Views\obat\editobat.php on line 8.
 1 APPPATH\Views\obat\editobat.php(8): CodeIgniter\Debug\Exceptions->errorHandler(2, 'Trying to access array offset on value of type null', 'C:\\xampp\\htdocs\\Apotek\\app\\Views\\obat\\editobat.php', 8)
 2 SYSTEMPATH\View\View.php(228): include('C:\\xampp\\htdocs\\Apotek\\app\\Views\\obat\\editobat.php')
 3 SYSTEMPATH\View\View.php(231): CodeIgniter\View\View->CodeIgniter\View\{closure}()
 4 SYSTEMPATH\Common.php(1190): CodeIgniter\View\View->render('obat/editobat', [], true)
 5 APPPATH\Controllers\ObatController.php(64): view('obat/editobat', [...])
 6 SYSTEMPATH\CodeIgniter.php(942): App\Controllers\ObatController->edit('js', 'demo', 'datatables-demo.js')
 7 SYSTEMPATH\CodeIgniter.php(502): CodeIgniter\CodeIgniter->runController(Object(App\Controllers\ObatController))
 8 SYSTEMPATH\CodeIgniter.php(361): CodeIgniter\CodeIgniter->handleRequest(null, Object(Config\Cache), false)
 9 FCPATH\index.php(79): CodeIgniter\CodeIgniter->run()
10 SYSTEMPATH\Commands\Server\rewrite.php(47): require_once('C:\\xampp\\htdocs\\Apotek\\public\\index.php')
CRITICAL - 2023-12-11 09:18:40 --> Trying to access array offset on value of type null
in APPPATH\Views\obat\editobat.php on line 8.
 1 APPPATH\Views\obat\editobat.php(8): CodeIgniter\Debug\Exceptions->errorHandler(2, 'Trying to access array offset on value of type null', 'C:\\xampp\\htdocs\\Apotek\\app\\Views\\obat\\editobat.php', 8)
 2 SYSTEMPATH\View\View.php(228): include('C:\\xampp\\htdocs\\Apotek\\app\\Views\\obat\\editobat.php')
 3 SYSTEMPATH\View\View.php(231): CodeIgniter\View\View->CodeIgniter\View\{closure}()
 4 SYSTEMPATH\Common.php(1190): CodeIgniter\View\View->render('obat/editobat', [], true)
 5 APPPATH\Controllers\ObatController.php(64): view('obat/editobat', [...])
 6 SYSTEMPATH\CodeIgniter.php(942): App\Controllers\ObatController->edit('img', 'undraw_profile.svg')
 7 SYSTEMPATH\CodeIgniter.php(502): CodeIgniter\CodeIgniter->runController(Object(App\Controllers\ObatController))
 8 SYSTEMPATH\CodeIgniter.php(361): CodeIgniter\CodeIgniter->handleRequest(null, Object(Config\Cache), false)
 9 FCPATH\index.php(79): CodeIgniter\CodeIgniter->run()
10 SYSTEMPATH\Commands\Server\rewrite.php(47): require_once('C:\\xampp\\htdocs\\Apotek\\public\\index.php')
CRITICAL - 2023-12-11 09:19:31 --> Trying to access array offset on value of type null
in APPPATH\Views\obat\editobat.php on line 8.
 1 APPPATH\Views\obat\editobat.php(8): CodeIgniter\Debug\Exceptions->errorHandler(2, 'Trying to access array offset on value of type null', 'C:\\xampp\\htdocs\\Apotek\\app\\Views\\obat\\editobat.php', 8)
 2 SYSTEMPATH\View\View.php(228): include('C:\\xampp\\htdocs\\Apotek\\app\\Views\\obat\\editobat.php')
 3 SYSTEMPATH\View\View.php(231): CodeIgniter\View\View->CodeIgniter\View\{closure}()
 4 SYSTEMPATH\Common.php(1190): CodeIgniter\View\View->render('obat/editobat', [], true)
 5 APPPATH\Controllers\ObatController.php(64): view('obat/editobat', [...])
 6 SYSTEMPATH\CodeIgniter.php(942): App\Controllers\ObatController->edit('img', 'undraw_profile.svg')
 7 SYSTEMPATH\CodeIgniter.php(502): CodeIgniter\CodeIgniter->runController(Object(App\Controllers\ObatController))
 8 SYSTEMPATH\CodeIgniter.php(361): CodeIgniter\CodeIgniter->handleRequest(null, Object(Config\Cache), false)
 9 FCPATH\index.php(79): CodeIgniter\CodeIgniter->run()
10 SYSTEMPATH\Commands\Server\rewrite.php(47): require_once('C:\\xampp\\htdocs\\Apotek\\public\\index.php')
CRITICAL - 2023-12-11 09:19:41 --> Trying to access array offset on value of type null
in APPPATH\Views\obat\editobat.php on line 8.
 1 APPPATH\Views\obat\editobat.php(8): CodeIgniter\Debug\Exceptions->errorHandler(2, 'Trying to access array offset on value of type null', 'C:\\xampp\\htdocs\\Apotek\\app\\Views\\obat\\editobat.php', 8)
 2 SYSTEMPATH\View\View.php(228): include('C:\\xampp\\htdocs\\Apotek\\app\\Views\\obat\\editobat.php')
 3 SYSTEMPATH\View\View.php(231): CodeIgniter\View\View->CodeIgniter\View\{closure}()
 4 SYSTEMPATH\Common.php(1190): CodeIgniter\View\View->render('obat/editobat', [], true)
 5 APPPATH\Controllers\ObatController.php(64): view('obat/editobat', [...])
 6 SYSTEMPATH\CodeIgniter.php(942): App\Controllers\ObatController->edit('img', 'undraw_profile.svg')
 7 SYSTEMPATH\CodeIgniter.php(502): CodeIgniter\CodeIgniter->runController(Object(App\Controllers\ObatController))
 8 SYSTEMPATH\CodeIgniter.php(361): CodeIgniter\CodeIgniter->handleRequest(null, Object(Config\Cache), false)
 9 FCPATH\index.php(79): CodeIgniter\CodeIgniter->run()
10 SYSTEMPATH\Commands\Server\rewrite.php(47): require_once('C:\\xampp\\htdocs\\Apotek\\public\\index.php')
CRITICAL - 2023-12-11 09:22:50 --> Trying to access array offset on value of type null
in APPPATH\Views\obat\editobat.php on line 8.
 1 APPPATH\Views\obat\editobat.php(8): CodeIgniter\Debug\Exceptions->errorHandler(2, 'Trying to access array offset on value of type null', 'C:\\xampp\\htdocs\\Apotek\\app\\Views\\obat\\editobat.php', 8)
 2 SYSTEMPATH\View\View.php(228): include('C:\\xampp\\htdocs\\Apotek\\app\\Views\\obat\\editobat.php')
 3 SYSTEMPATH\View\View.php(231): CodeIgniter\View\View->CodeIgniter\View\{closure}()
 4 SYSTEMPATH\Common.php(1190): CodeIgniter\View\View->render('obat/editobat', [], true)
 5 APPPATH\Controllers\ObatController.php(64): view('obat/editobat', [...])
 6 SYSTEMPATH\CodeIgniter.php(942): App\Controllers\ObatController->edit('img', 'undraw_profile.svg')
 7 SYSTEMPATH\CodeIgniter.php(502): CodeIgniter\CodeIgniter->runController(Object(App\Controllers\ObatController))
 8 SYSTEMPATH\CodeIgniter.php(361): CodeIgniter\CodeIgniter->handleRequest(null, Object(Config\Cache), false)
 9 FCPATH\index.php(79): CodeIgniter\CodeIgniter->run()
10 SYSTEMPATH\Commands\Server\rewrite.php(47): require_once('C:\\xampp\\htdocs\\Apotek\\public\\index.php')
CRITICAL - 2023-12-11 09:24:48 --> Trying to access array offset on value of type null
in APPPATH\Views\obat\editobat.php on line 8.
 1 APPPATH\Views\obat\editobat.php(8): CodeIgniter\Debug\Exceptions->errorHandler(2, 'Trying to access array offset on value of type null', 'C:\\xampp\\htdocs\\Apotek\\app\\Views\\obat\\editobat.php', 8)
 2 SYSTEMPATH\View\View.php(228): include('C:\\xampp\\htdocs\\Apotek\\app\\Views\\obat\\editobat.php')
 3 SYSTEMPATH\View\View.php(231): CodeIgniter\View\View->CodeIgniter\View\{closure}()
 4 SYSTEMPATH\Common.php(1190): CodeIgniter\View\View->render('obat/editobat', [], true)
 5 APPPATH\Controllers\ObatController.php(64): view('obat/editobat', [...])
 6 SYSTEMPATH\CodeIgniter.php(942): App\Controllers\ObatController->edit('img', 'undraw_profile.svg')
 7 SYSTEMPATH\CodeIgniter.php(502): CodeIgniter\CodeIgniter->runController(Object(App\Controllers\ObatController))
 8 SYSTEMPATH\CodeIgniter.php(361): CodeIgniter\CodeIgniter->handleRequest(null, Object(Config\Cache), false)
 9 FCPATH\index.php(79): CodeIgniter\CodeIgniter->run()
10 SYSTEMPATH\Commands\Server\rewrite.php(47): require_once('C:\\xampp\\htdocs\\Apotek\\public\\index.php')
CRITICAL - 2023-12-11 09:25:29 --> Trying to access array offset on value of type null
in APPPATH\Views\obat\editobat.php on line 8.
 1 APPPATH\Views\obat\editobat.php(8): CodeIgniter\Debug\Exceptions->errorHandler(2, 'Trying to access array offset on value of type null', 'C:\\xampp\\htdocs\\Apotek\\app\\Views\\obat\\editobat.php', 8)
 2 SYSTEMPATH\View\View.php(228): include('C:\\xampp\\htdocs\\Apotek\\app\\Views\\obat\\editobat.php')
 3 SYSTEMPATH\View\View.php(231): CodeIgniter\View\View->CodeIgniter\View\{closure}()
 4 SYSTEMPATH\Common.php(1190): CodeIgniter\View\View->render('obat/editobat', [], true)
 5 APPPATH\Controllers\ObatController.php(64): view('obat/editobat', [...])
 6 SYSTEMPATH\CodeIgniter.php(942): App\Controllers\ObatController->edit('img', 'undraw_profile.svg')
 7 SYSTEMPATH\CodeIgniter.php(502): CodeIgniter\CodeIgniter->runController(Object(App\Controllers\ObatController))
 8 SYSTEMPATH\CodeIgniter.php(361): CodeIgniter\CodeIgniter->handleRequest(null, Object(Config\Cache), false)
 9 FCPATH\index.php(79): CodeIgniter\CodeIgniter->run()
10 SYSTEMPATH\Commands\Server\rewrite.php(47): require_once('C:\\xampp\\htdocs\\Apotek\\public\\index.php')
CRITICAL - 2023-12-11 09:25:30 --> Trying to access array offset on value of type null
in APPPATH\Views\obat\editobat.php on line 8.
 1 APPPATH\Views\obat\editobat.php(8): CodeIgniter\Debug\Exceptions->errorHandler(2, 'Trying to access array offset on value of type null', 'C:\\xampp\\htdocs\\Apotek\\app\\Views\\obat\\editobat.php', 8)
 2 SYSTEMPATH\View\View.php(228): include('C:\\xampp\\htdocs\\Apotek\\app\\Views\\obat\\editobat.php')
 3 SYSTEMPATH\View\View.php(231): CodeIgniter\View\View->CodeIgniter\View\{closure}()
 4 SYSTEMPATH\Common.php(1190): CodeIgniter\View\View->render('obat/editobat', [], true)
 5 APPPATH\Controllers\ObatController.php(64): view('obat/editobat', [...])
 6 SYSTEMPATH\CodeIgniter.php(942): App\Controllers\ObatController->edit('img', 'undraw_profile.svg')
 7 SYSTEMPATH\CodeIgniter.php(502): CodeIgniter\CodeIgniter->runController(Object(App\Controllers\ObatController))
 8 SYSTEMPATH\CodeIgniter.php(361): CodeIgniter\CodeIgniter->handleRequest(null, Object(Config\Cache), false)
 9 FCPATH\index.php(79): CodeIgniter\CodeIgniter->run()
10 SYSTEMPATH\Commands\Server\rewrite.php(47): require_once('C:\\xampp\\htdocs\\Apotek\\public\\index.php')
CRITICAL - 2023-12-11 09:27:14 --> Trying to access array offset on value of type null
in APPPATH\Views\obat\editobat.php on line 4.
 1 APPPATH\Views\obat\editobat.php(4): CodeIgniter\Debug\Exceptions->errorHandler(2, 'Trying to access array offset on value of type null', 'C:\\xampp\\htdocs\\Apotek\\app\\Views\\obat\\editobat.php', 4)
 2 SYSTEMPATH\View\View.php(228): include('C:\\xampp\\htdocs\\Apotek\\app\\Views\\obat\\editobat.php')
 3 SYSTEMPATH\View\View.php(231): CodeIgniter\View\View->CodeIgniter\View\{closure}()
 4 SYSTEMPATH\Common.php(1190): CodeIgniter\View\View->render('obat/editobat', [], true)
 5 APPPATH\Controllers\ObatController.php(64): view('obat/editobat', [...])
 6 SYSTEMPATH\CodeIgniter.php(942): App\Controllers\ObatController->edit('img', 'undraw_profile.svg')
 7 SYSTEMPATH\CodeIgniter.php(502): CodeIgniter\CodeIgniter->runController(Object(App\Controllers\ObatController))
 8 SYSTEMPATH\CodeIgniter.php(361): CodeIgniter\CodeIgniter->handleRequest(null, Object(Config\Cache), false)
 9 FCPATH\index.php(79): CodeIgniter\CodeIgniter->run()
10 SYSTEMPATH\Commands\Server\rewrite.php(47): require_once('C:\\xampp\\htdocs\\Apotek\\public\\index.php')
CRITICAL - 2023-12-11 09:27:33 --> Trying to access array offset on value of type null
in APPPATH\Views\obat\editobat.php on line 4.
 1 APPPATH\Views\obat\editobat.php(4): CodeIgniter\Debug\Exceptions->errorHandler(2, 'Trying to access array offset on value of type null', 'C:\\xampp\\htdocs\\Apotek\\app\\Views\\obat\\editobat.php', 4)
 2 SYSTEMPATH\View\View.php(228): include('C:\\xampp\\htdocs\\Apotek\\app\\Views\\obat\\editobat.php')
 3 SYSTEMPATH\View\View.php(231): CodeIgniter\View\View->CodeIgniter\View\{closure}()
 4 SYSTEMPATH\Common.php(1190): CodeIgniter\View\View->render('obat/editobat', [], true)
 5 APPPATH\Controllers\ObatController.php(64): view('obat/editobat', [...])
 6 SYSTEMPATH\CodeIgniter.php(942): App\Controllers\ObatController->edit('img', 'undraw_profile.svg')
 7 SYSTEMPATH\CodeIgniter.php(502): CodeIgniter\CodeIgniter->runController(Object(App\Controllers\ObatController))
 8 SYSTEMPATH\CodeIgniter.php(361): CodeIgniter\CodeIgniter->handleRequest(null, Object(Config\Cache), false)
 9 FCPATH\index.php(79): CodeIgniter\CodeIgniter->run()
10 SYSTEMPATH\Commands\Server\rewrite.php(47): require_once('C:\\xampp\\htdocs\\Apotek\\public\\index.php')
CRITICAL - 2023-12-11 09:27:54 --> Trying to access array offset on value of type null
in APPPATH\Views\obat\editobat.php on line 4.
 1 APPPATH\Views\obat\editobat.php(4): CodeIgniter\Debug\Exceptions->errorHandler(2, 'Trying to access array offset on value of type null', 'C:\\xampp\\htdocs\\Apotek\\app\\Views\\obat\\editobat.php', 4)
 2 SYSTEMPATH\View\View.php(228): include('C:\\xampp\\htdocs\\Apotek\\app\\Views\\obat\\editobat.php')
 3 SYSTEMPATH\View\View.php(231): CodeIgniter\View\View->CodeIgniter\View\{closure}()
 4 SYSTEMPATH\Common.php(1190): CodeIgniter\View\View->render('obat/editobat', [], true)
 5 APPPATH\Controllers\ObatController.php(64): view('obat/editobat', [...])
 6 SYSTEMPATH\CodeIgniter.php(942): App\Controllers\ObatController->edit('img', 'undraw_profile.svg')
 7 SYSTEMPATH\CodeIgniter.php(502): CodeIgniter\CodeIgniter->runController(Object(App\Controllers\ObatController))
 8 SYSTEMPATH\CodeIgniter.php(361): CodeIgniter\CodeIgniter->handleRequest(null, Object(Config\Cache), false)
 9 FCPATH\index.php(79): CodeIgniter\CodeIgniter->run()
10 SYSTEMPATH\Commands\Server\rewrite.php(47): require_once('C:\\xampp\\htdocs\\Apotek\\public\\index.php')
CRITICAL - 2023-12-11 09:58:32 --> Trying to access array offset on value of type null
in APPPATH\Views\obat\editobat.php on line 4.
 1 APPPATH\Views\obat\editobat.php(4): CodeIgniter\Debug\Exceptions->errorHandler(2, 'Trying to access array offset on value of type null', 'C:\\xampp\\htdocs\\Apotek\\app\\Views\\obat\\editobat.php', 4)
 2 SYSTEMPATH\View\View.php(228): include('C:\\xampp\\htdocs\\Apotek\\app\\Views\\obat\\editobat.php')
 3 SYSTEMPATH\View\View.php(231): CodeIgniter\View\View->CodeIgniter\View\{closure}()
 4 SYSTEMPATH\Common.php(1190): CodeIgniter\View\View->render('obat/editobat', [], true)
 5 APPPATH\Controllers\ObatController.php(64): view('obat/editobat', [...])
 6 SYSTEMPATH\CodeIgniter.php(942): App\Controllers\ObatController->edit('img', 'undraw_profile.svg')
 7 SYSTEMPATH\CodeIgniter.php(502): CodeIgniter\CodeIgniter->runController(Object(App\Controllers\ObatController))
 8 SYSTEMPATH\CodeIgniter.php(361): CodeIgniter\CodeIgniter->handleRequest(null, Object(Config\Cache), false)
 9 FCPATH\index.php(79): CodeIgniter\CodeIgniter->run()
10 SYSTEMPATH\Commands\Server\rewrite.php(47): require_once('C:\\xampp\\htdocs\\Apotek\\public\\index.php')
CRITICAL - 2023-12-11 09:58:48 --> Trying to access array offset on value of type null
in APPPATH\Views\obat\editobat.php on line 4.
 1 APPPATH\Views\obat\editobat.php(4): CodeIgniter\Debug\Exceptions->errorHandler(2, 'Trying to access array offset on value of type null', 'C:\\xampp\\htdocs\\Apotek\\app\\Views\\obat\\editobat.php', 4)
 2 SYSTEMPATH\View\View.php(228): include('C:\\xampp\\htdocs\\Apotek\\app\\Views\\obat\\editobat.php')
 3 SYSTEMPATH\View\View.php(231): CodeIgniter\View\View->CodeIgniter\View\{closure}()
 4 SYSTEMPATH\Common.php(1190): CodeIgniter\View\View->render('obat/editobat', [], true)
 5 APPPATH\Controllers\ObatController.php(64): view('obat/editobat', [...])
 6 SYSTEMPATH\CodeIgniter.php(942): App\Controllers\ObatController->edit('img', 'undraw_profile.svg')
 7 SYSTEMPATH\CodeIgniter.php(502): CodeIgniter\CodeIgniter->runController(Object(App\Controllers\ObatController))
 8 SYSTEMPATH\CodeIgniter.php(361): CodeIgniter\CodeIgniter->handleRequest(null, Object(Config\Cache), false)
 9 FCPATH\index.php(79): CodeIgniter\CodeIgniter->run()
10 SYSTEMPATH\Commands\Server\rewrite.php(47): require_once('C:\\xampp\\htdocs\\Apotek\\public\\index.php')
CRITICAL - 2023-12-11 10:01:14 --> Class "App\Controllers\obatModel" not found
in APPPATH\Controllers\PenjualanController.php on line 11.
 1 SYSTEMPATH\CodeIgniter.php(914): App\Controllers\PenjualanController->__construct()
 2 SYSTEMPATH\CodeIgniter.php(493): CodeIgniter\CodeIgniter->createController()
 3 SYSTEMPATH\CodeIgniter.php(361): CodeIgniter\CodeIgniter->handleRequest(null, Object(Config\Cache), false)
 4 FCPATH\index.php(79): CodeIgniter\CodeIgniter->run()
 5 SYSTEMPATH\Commands\Server\rewrite.php(47): require_once('C:\\xampp\\htdocs\\Apotek\\public\\index.php')
