CRITICAL - 2023-12-24 13:40:28 --> Trying to access array offset on value of type null
in APPPATH\Views\layouts\topbar.php on line 28.
 1 APPPATH\Views\layouts\topbar.php(28): CodeIgniter\Debug\Exceptions->errorHandler(2, 'Trying to access array offset on value of type null', 'C:\\xampp\\htdocs\\Apotek\\app\\Views\\layouts\\topbar.php', 28)
 2 SYSTEMPATH\View\View.php(228): include('C:\\xampp\\htdocs\\Apotek\\app\\Views\\layouts\\topbar.php')
 3 SYSTEMPATH\View\View.php(231): CodeIgniter\View\View->CodeIgniter\View\{closure}()
 4 SYSTEMPATH\View\View.php(469): CodeIgniter\View\View->render('layouts/topbar.php', null, true)
 5 APPPATH\Views\layouts\template.php(26): CodeIgniter\View\View->include('layouts/topbar.php')
 6 SYSTEMPATH\View\View.php(228): include('C:\\xampp\\htdocs\\Apotek\\app\\Views\\layouts\\template.php')
 7 SYSTEMPATH\View\View.php(231): CodeIgniter\View\View->CodeIgniter\View\{closure}()
 8 SYSTEMPATH\View\View.php(244): CodeIgniter\View\View->render('layouts/template', [], true)
 9 SYSTEMPATH\Common.php(1190): CodeIgniter\View\View->render('dashboard/dashboard', [], true)
10 APPPATH\Controllers\Home.php(38): view('dashboard/dashboard', [...])
11 SYSTEMPATH\CodeIgniter.php(942): App\Controllers\Home->dashboard()
12 SYSTEMPATH\CodeIgniter.php(502): CodeIgniter\CodeIgniter->runController(Object(App\Controllers\Home))
13 SYSTEMPATH\CodeIgniter.php(361): CodeIgniter\CodeIgniter->handleRequest(null, Object(Config\Cache), false)
14 FCPATH\index.php(79): CodeIgniter\CodeIgniter->run()
15 SYSTEMPATH\Commands\Server\rewrite.php(47): require_once('C:\\xampp\\htdocs\\Apotek\\public\\index.php')
CRITICAL - 2023-12-24 13:40:37 --> Trying to access array offset on value of type null
in APPPATH\Views\layouts\topbar.php on line 28.
 1 APPPATH\Views\layouts\topbar.php(28): CodeIgniter\Debug\Exceptions->errorHandler(2, 'Trying to access array offset on value of type null', 'C:\\xampp\\htdocs\\Apotek\\app\\Views\\layouts\\topbar.php', 28)
 2 SYSTEMPATH\View\View.php(228): include('C:\\xampp\\htdocs\\Apotek\\app\\Views\\layouts\\topbar.php')
 3 SYSTEMPATH\View\View.php(231): CodeIgniter\View\View->CodeIgniter\View\{closure}()
 4 SYSTEMPATH\View\View.php(469): CodeIgniter\View\View->render('layouts/topbar.php', null, true)
 5 APPPATH\Views\layouts\template.php(26): CodeIgniter\View\View->include('layouts/topbar.php')
 6 SYSTEMPATH\View\View.php(228): include('C:\\xampp\\htdocs\\Apotek\\app\\Views\\layouts\\template.php')
 7 SYSTEMPATH\View\View.php(231): CodeIgniter\View\View->CodeIgniter\View\{closure}()
 8 SYSTEMPATH\View\View.php(244): CodeIgniter\View\View->render('layouts/template', [], true)
 9 SYSTEMPATH\Common.php(1190): CodeIgniter\View\View->render('dashboard/dashboard', [], true)
10 APPPATH\Controllers\Home.php(38): view('dashboard/dashboard', [...])
11 SYSTEMPATH\CodeIgniter.php(942): App\Controllers\Home->dashboard()
12 SYSTEMPATH\CodeIgniter.php(502): CodeIgniter\CodeIgniter->runController(Object(App\Controllers\Home))
13 SYSTEMPATH\CodeIgniter.php(361): CodeIgniter\CodeIgniter->handleRequest(null, Object(Config\Cache), false)
14 FCPATH\index.php(79): CodeIgniter\CodeIgniter->run()
15 SYSTEMPATH\Commands\Server\rewrite.php(47): require_once('C:\\xampp\\htdocs\\Apotek\\public\\index.php')
CRITICAL - 2023-12-24 13:41:06 --> Class "App\Controllers\obatModel" not found
in APPPATH\Controllers\PenjualanController.php on line 13.
 1 SYSTEMPATH\CodeIgniter.php(914): App\Controllers\PenjualanController->__construct()
 2 SYSTEMPATH\CodeIgniter.php(493): CodeIgniter\CodeIgniter->createController()
 3 SYSTEMPATH\CodeIgniter.php(361): CodeIgniter\CodeIgniter->handleRequest(null, Object(Config\Cache), false)
 4 FCPATH\index.php(79): CodeIgniter\CodeIgniter->run()
 5 SYSTEMPATH\Commands\Server\rewrite.php(47): require_once('C:\\xampp\\htdocs\\Apotek\\public\\index.php')
CRITICAL - 2023-12-24 15:17:06 --> Undefined variable $pelanggan
in APPPATH\Views\pelanggan\datapelanggan.php on line 35.
 1 APPPATH\Views\pelanggan\datapelanggan.php(35): CodeIgniter\Debug\Exceptions->errorHandler(2, 'Undefined variable $pelanggan', 'C:\\xampp\\htdocs\\Apotek\\app\\Views\\pelanggan\\datapelanggan.php', 35)
 2 SYSTEMPATH\View\View.php(228): include('C:\\xampp\\htdocs\\Apotek\\app\\Views\\pelanggan\\datapelanggan.php')
 3 SYSTEMPATH\View\View.php(231): CodeIgniter\View\View->CodeIgniter\View\{closure}()
 4 SYSTEMPATH\Common.php(1190): CodeIgniter\View\View->render('pelanggan/datapelanggan', [], true)
 5 APPPATH\Controllers\PelangganController.php(23): view('pelanggan/datapelanggan', [...])
 6 SYSTEMPATH\CodeIgniter.php(942): App\Controllers\PelangganController->pelanggan()
 7 SYSTEMPATH\CodeIgniter.php(502): CodeIgniter\CodeIgniter->runController(Object(App\Controllers\PelangganController))
 8 SYSTEMPATH\CodeIgniter.php(361): CodeIgniter\CodeIgniter->handleRequest(null, Object(Config\Cache), false)
 9 FCPATH\index.php(79): CodeIgniter\CodeIgniter->run()
10 SYSTEMPATH\Commands\Server\rewrite.php(47): require_once('C:\\xampp\\htdocs\\Apotek\\public\\index.php')
CRITICAL - 2023-12-24 15:32:56 --> Undefined variable $pelanggan
in APPPATH\Views\pelanggan\editpelanggan.php on line 4.
 1 APPPATH\Views\pelanggan\editpelanggan.php(4): CodeIgniter\Debug\Exceptions->errorHandler(2, 'Undefined variable $pelanggan', 'C:\\xampp\\htdocs\\Apotek\\app\\Views\\pelanggan\\editpelanggan.php', 4)
 2 SYSTEMPATH\View\View.php(228): include('C:\\xampp\\htdocs\\Apotek\\app\\Views\\pelanggan\\editpelanggan.php')
 3 SYSTEMPATH\View\View.php(231): CodeIgniter\View\View->CodeIgniter\View\{closure}()
 4 SYSTEMPATH\Common.php(1190): CodeIgniter\View\View->render('pelanggan/editpelanggan', [], true)
 5 APPPATH\Controllers\PelangganController.php(65): view('pelanggan/editpelanggan', [...])
 6 SYSTEMPATH\CodeIgniter.php(942): App\Controllers\PelangganController->edit('2')
 7 SYSTEMPATH\CodeIgniter.php(502): CodeIgniter\CodeIgniter->runController(Object(App\Controllers\PelangganController))
 8 SYSTEMPATH\CodeIgniter.php(361): CodeIgniter\CodeIgniter->handleRequest(null, Object(Config\Cache), false)
 9 FCPATH\index.php(79): CodeIgniter\CodeIgniter->run()
10 SYSTEMPATH\Commands\Server\rewrite.php(47): require_once('C:\\xampp\\htdocs\\Apotek\\public\\index.php')
CRITICAL - 2023-12-24 15:33:10 --> Undefined variable $pelanggan
in APPPATH\Views\pelanggan\editpelanggan.php on line 4.
 1 APPPATH\Views\pelanggan\editpelanggan.php(4): CodeIgniter\Debug\Exceptions->errorHandler(2, 'Undefined variable $pelanggan', 'C:\\xampp\\htdocs\\Apotek\\app\\Views\\pelanggan\\editpelanggan.php', 4)
 2 SYSTEMPATH\View\View.php(228): include('C:\\xampp\\htdocs\\Apotek\\app\\Views\\pelanggan\\editpelanggan.php')
 3 SYSTEMPATH\View\View.php(231): CodeIgniter\View\View->CodeIgniter\View\{closure}()
 4 SYSTEMPATH\Common.php(1190): CodeIgniter\View\View->render('pelanggan/editpelanggan', [], true)
 5 APPPATH\Controllers\PelangganController.php(65): view('pelanggan/editpelanggan', [...])
 6 SYSTEMPATH\CodeIgniter.php(942): App\Controllers\PelangganController->edit('2')
 7 SYSTEMPATH\CodeIgniter.php(502): CodeIgniter\CodeIgniter->runController(Object(App\Controllers\PelangganController))
 8 SYSTEMPATH\CodeIgniter.php(361): CodeIgniter\CodeIgniter->handleRequest(null, Object(Config\Cache), false)
 9 FCPATH\index.php(79): CodeIgniter\CodeIgniter->run()
10 SYSTEMPATH\Commands\Server\rewrite.php(47): require_once('C:\\xampp\\htdocs\\Apotek\\public\\index.php')
CRITICAL - 2023-12-24 15:33:14 --> Undefined variable $pelanggan
in APPPATH\Views\pelanggan\editpelanggan.php on line 4.
 1 APPPATH\Views\pelanggan\editpelanggan.php(4): CodeIgniter\Debug\Exceptions->errorHandler(2, 'Undefined variable $pelanggan', 'C:\\xampp\\htdocs\\Apotek\\app\\Views\\pelanggan\\editpelanggan.php', 4)
 2 SYSTEMPATH\View\View.php(228): include('C:\\xampp\\htdocs\\Apotek\\app\\Views\\pelanggan\\editpelanggan.php')
 3 SYSTEMPATH\View\View.php(231): CodeIgniter\View\View->CodeIgniter\View\{closure}()
 4 SYSTEMPATH\Common.php(1190): CodeIgniter\View\View->render('pelanggan/editpelanggan', [], true)
 5 APPPATH\Controllers\PelangganController.php(65): view('pelanggan/editpelanggan', [...])
 6 SYSTEMPATH\CodeIgniter.php(942): App\Controllers\PelangganController->edit('2')
 7 SYSTEMPATH\CodeIgniter.php(502): CodeIgniter\CodeIgniter->runController(Object(App\Controllers\PelangganController))
 8 SYSTEMPATH\CodeIgniter.php(361): CodeIgniter\CodeIgniter->handleRequest(null, Object(Config\Cache), false)
 9 FCPATH\index.php(79): CodeIgniter\CodeIgniter->run()
10 SYSTEMPATH\Commands\Server\rewrite.php(47): require_once('C:\\xampp\\htdocs\\Apotek\\public\\index.php')
CRITICAL - 2023-12-24 15:33:57 --> Undefined variable $pelanggan
in APPPATH\Views\pelanggan\editpelanggan.php on line 4.
 1 APPPATH\Views\pelanggan\editpelanggan.php(4): CodeIgniter\Debug\Exceptions->errorHandler(2, 'Undefined variable $pelanggan', 'C:\\xampp\\htdocs\\Apotek\\app\\Views\\pelanggan\\editpelanggan.php', 4)
 2 SYSTEMPATH\View\View.php(228): include('C:\\xampp\\htdocs\\Apotek\\app\\Views\\pelanggan\\editpelanggan.php')
 3 SYSTEMPATH\View\View.php(231): CodeIgniter\View\View->CodeIgniter\View\{closure}()
 4 SYSTEMPATH\Common.php(1190): CodeIgniter\View\View->render('pelanggan/editpelanggan', [], true)
 5 APPPATH\Controllers\PelangganController.php(65): view('pelanggan/editpelanggan', [...])
 6 SYSTEMPATH\CodeIgniter.php(942): App\Controllers\PelangganController->edit('2')
 7 SYSTEMPATH\CodeIgniter.php(502): CodeIgniter\CodeIgniter->runController(Object(App\Controllers\PelangganController))
 8 SYSTEMPATH\CodeIgniter.php(361): CodeIgniter\CodeIgniter->handleRequest(null, Object(Config\Cache), false)
 9 FCPATH\index.php(79): CodeIgniter\CodeIgniter->run()
10 SYSTEMPATH\Commands\Server\rewrite.php(47): require_once('C:\\xampp\\htdocs\\Apotek\\public\\index.php')
CRITICAL - 2023-12-24 15:34:38 --> Undefined variable $pelanggan
in APPPATH\Views\pelanggan\editpelanggan.php on line 4.
 1 APPPATH\Views\pelanggan\editpelanggan.php(4): CodeIgniter\Debug\Exceptions->errorHandler(2, 'Undefined variable $pelanggan', 'C:\\xampp\\htdocs\\Apotek\\app\\Views\\pelanggan\\editpelanggan.php', 4)
 2 SYSTEMPATH\View\View.php(228): include('C:\\xampp\\htdocs\\Apotek\\app\\Views\\pelanggan\\editpelanggan.php')
 3 SYSTEMPATH\View\View.php(231): CodeIgniter\View\View->CodeIgniter\View\{closure}()
 4 SYSTEMPATH\Common.php(1190): CodeIgniter\View\View->render('pelanggan/editpelanggan', [], true)
 5 APPPATH\Controllers\PelangganController.php(65): view('pelanggan/editpelanggan', [...])
 6 SYSTEMPATH\CodeIgniter.php(942): App\Controllers\PelangganController->edit('2')
 7 SYSTEMPATH\CodeIgniter.php(502): CodeIgniter\CodeIgniter->runController(Object(App\Controllers\PelangganController))
 8 SYSTEMPATH\CodeIgniter.php(361): CodeIgniter\CodeIgniter->handleRequest(null, Object(Config\Cache), false)
 9 FCPATH\index.php(79): CodeIgniter\CodeIgniter->run()
10 SYSTEMPATH\Commands\Server\rewrite.php(47): require_once('C:\\xampp\\htdocs\\Apotek\\public\\index.php')
CRITICAL - 2023-12-24 15:35:06 --> Undefined variable $pelanggan
in APPPATH\Views\pelanggan\editpelanggan.php on line 4.
 1 APPPATH\Views\pelanggan\editpelanggan.php(4): CodeIgniter\Debug\Exceptions->errorHandler(2, 'Undefined variable $pelanggan', 'C:\\xampp\\htdocs\\Apotek\\app\\Views\\pelanggan\\editpelanggan.php', 4)
 2 SYSTEMPATH\View\View.php(228): include('C:\\xampp\\htdocs\\Apotek\\app\\Views\\pelanggan\\editpelanggan.php')
 3 SYSTEMPATH\View\View.php(231): CodeIgniter\View\View->CodeIgniter\View\{closure}()
 4 SYSTEMPATH\Common.php(1190): CodeIgniter\View\View->render('pelanggan/editpelanggan', [], true)
 5 APPPATH\Controllers\PelangganController.php(65): view('pelanggan/editpelanggan', [...])
 6 SYSTEMPATH\CodeIgniter.php(942): App\Controllers\PelangganController->edit('2')
 7 SYSTEMPATH\CodeIgniter.php(502): CodeIgniter\CodeIgniter->runController(Object(App\Controllers\PelangganController))
 8 SYSTEMPATH\CodeIgniter.php(361): CodeIgniter\CodeIgniter->handleRequest(null, Object(Config\Cache), false)
 9 FCPATH\index.php(79): CodeIgniter\CodeIgniter->run()
10 SYSTEMPATH\Commands\Server\rewrite.php(47): require_once('C:\\xampp\\htdocs\\Apotek\\public\\index.php')
CRITICAL - 2023-12-24 15:35:37 --> Undefined variable $pelanggan
in APPPATH\Views\pelanggan\editpelanggan.php on line 4.
 1 APPPATH\Views\pelanggan\editpelanggan.php(4): CodeIgniter\Debug\Exceptions->errorHandler(2, 'Undefined variable $pelanggan', 'C:\\xampp\\htdocs\\Apotek\\app\\Views\\pelanggan\\editpelanggan.php', 4)
 2 SYSTEMPATH\View\View.php(228): include('C:\\xampp\\htdocs\\Apotek\\app\\Views\\pelanggan\\editpelanggan.php')
 3 SYSTEMPATH\View\View.php(231): CodeIgniter\View\View->CodeIgniter\View\{closure}()
 4 SYSTEMPATH\Common.php(1190): CodeIgniter\View\View->render('pelanggan/editpelanggan', [], true)
 5 APPPATH\Controllers\PelangganController.php(65): view('pelanggan/editpelanggan', [...])
 6 SYSTEMPATH\CodeIgniter.php(942): App\Controllers\PelangganController->edit('2')
 7 SYSTEMPATH\CodeIgniter.php(502): CodeIgniter\CodeIgniter->runController(Object(App\Controllers\PelangganController))
 8 SYSTEMPATH\CodeIgniter.php(361): CodeIgniter\CodeIgniter->handleRequest(null, Object(Config\Cache), false)
 9 FCPATH\index.php(79): CodeIgniter\CodeIgniter->run()
10 SYSTEMPATH\Commands\Server\rewrite.php(47): require_once('C:\\xampp\\htdocs\\Apotek\\public\\index.php')
CRITICAL - 2023-12-24 15:37:30 --> Undefined variable $pelanggan
in APPPATH\Views\pelanggan\editpelanggan.php on line 4.
 1 APPPATH\Views\pelanggan\editpelanggan.php(4): CodeIgniter\Debug\Exceptions->errorHandler(2, 'Undefined variable $pelanggan', 'C:\\xampp\\htdocs\\Apotek\\app\\Views\\pelanggan\\editpelanggan.php', 4)
 2 SYSTEMPATH\View\View.php(228): include('C:\\xampp\\htdocs\\Apotek\\app\\Views\\pelanggan\\editpelanggan.php')
 3 SYSTEMPATH\View\View.php(231): CodeIgniter\View\View->CodeIgniter\View\{closure}()
 4 SYSTEMPATH\Common.php(1190): CodeIgniter\View\View->render('pelanggan/editpelanggan', [], true)
 5 APPPATH\Controllers\PelangganController.php(66): view('pelanggan/editpelanggan', [...])
 6 SYSTEMPATH\CodeIgniter.php(942): App\Controllers\PelangganController->edit('2')
 7 SYSTEMPATH\CodeIgniter.php(502): CodeIgniter\CodeIgniter->runController(Object(App\Controllers\PelangganController))
 8 SYSTEMPATH\CodeIgniter.php(361): CodeIgniter\CodeIgniter->handleRequest(null, Object(Config\Cache), false)
 9 FCPATH\index.php(79): CodeIgniter\CodeIgniter->run()
10 SYSTEMPATH\Commands\Server\rewrite.php(47): require_once('C:\\xampp\\htdocs\\Apotek\\public\\index.php')
CRITICAL - 2023-12-24 15:38:12 --> Undefined variable $pelanggan
in APPPATH\Controllers\PelangganController.php on line 63.
 1 APPPATH\Controllers\PelangganController.php(63): CodeIgniter\Debug\Exceptions->errorHandler(2, 'Undefined variable $pelanggan', 'C:\\xampp\\htdocs\\Apotek\\app\\Controllers\\PelangganController.php', 63)
 2 SYSTEMPATH\CodeIgniter.php(942): App\Controllers\PelangganController->edit('2')
 3 SYSTEMPATH\CodeIgniter.php(502): CodeIgniter\CodeIgniter->runController(Object(App\Controllers\PelangganController))
 4 SYSTEMPATH\CodeIgniter.php(361): CodeIgniter\CodeIgniter->handleRequest(null, Object(Config\Cache), false)
 5 FCPATH\index.php(79): CodeIgniter\CodeIgniter->run()
 6 SYSTEMPATH\Commands\Server\rewrite.php(47): require_once('C:\\xampp\\htdocs\\Apotek\\public\\index.php')
CRITICAL - 2023-12-24 15:39:41 --> Undefined variable $pelanggan
in APPPATH\Views\pelanggan\editpelanggan.php on line 4.
 1 APPPATH\Views\pelanggan\editpelanggan.php(4): CodeIgniter\Debug\Exceptions->errorHandler(2, 'Undefined variable $pelanggan', 'C:\\xampp\\htdocs\\Apotek\\app\\Views\\pelanggan\\editpelanggan.php', 4)
 2 SYSTEMPATH\View\View.php(228): include('C:\\xampp\\htdocs\\Apotek\\app\\Views\\pelanggan\\editpelanggan.php')
 3 SYSTEMPATH\View\View.php(231): CodeIgniter\View\View->CodeIgniter\View\{closure}()
 4 SYSTEMPATH\Common.php(1190): CodeIgniter\View\View->render('pelanggan/editpelanggan', [], true)
 5 APPPATH\Controllers\PelangganController.php(65): view('pelanggan/editpelanggan', [...])
 6 SYSTEMPATH\CodeIgniter.php(942): App\Controllers\PelangganController->edit('2')
 7 SYSTEMPATH\CodeIgniter.php(502): CodeIgniter\CodeIgniter->runController(Object(App\Controllers\PelangganController))
 8 SYSTEMPATH\CodeIgniter.php(361): CodeIgniter\CodeIgniter->handleRequest(null, Object(Config\Cache), false)
 9 FCPATH\index.php(79): CodeIgniter\CodeIgniter->run()
10 SYSTEMPATH\Commands\Server\rewrite.php(47): require_once('C:\\xampp\\htdocs\\Apotek\\public\\index.php')
CRITICAL - 2023-12-24 15:39:45 --> Undefined variable $pelanggan
in APPPATH\Views\pelanggan\editpelanggan.php on line 4.
 1 APPPATH\Views\pelanggan\editpelanggan.php(4): CodeIgniter\Debug\Exceptions->errorHandler(2, 'Undefined variable $pelanggan', 'C:\\xampp\\htdocs\\Apotek\\app\\Views\\pelanggan\\editpelanggan.php', 4)
 2 SYSTEMPATH\View\View.php(228): include('C:\\xampp\\htdocs\\Apotek\\app\\Views\\pelanggan\\editpelanggan.php')
 3 SYSTEMPATH\View\View.php(231): CodeIgniter\View\View->CodeIgniter\View\{closure}()
 4 SYSTEMPATH\Common.php(1190): CodeIgniter\View\View->render('pelanggan/editpelanggan', [], true)
 5 APPPATH\Controllers\PelangganController.php(65): view('pelanggan/editpelanggan', [...])
 6 SYSTEMPATH\CodeIgniter.php(942): App\Controllers\PelangganController->edit('2')
 7 SYSTEMPATH\CodeIgniter.php(502): CodeIgniter\CodeIgniter->runController(Object(App\Controllers\PelangganController))
 8 SYSTEMPATH\CodeIgniter.php(361): CodeIgniter\CodeIgniter->handleRequest(null, Object(Config\Cache), false)
 9 FCPATH\index.php(79): CodeIgniter\CodeIgniter->run()
10 SYSTEMPATH\Commands\Server\rewrite.php(47): require_once('C:\\xampp\\htdocs\\Apotek\\public\\index.php')
CRITICAL - 2023-12-24 15:40:19 --> Undefined variable $pelanggan
in APPPATH\Views\pelanggan\editpelanggan.php on line 2.
 1 APPPATH\Views\pelanggan\editpelanggan.php(2): CodeIgniter\Debug\Exceptions->errorHandler(2, 'Undefined variable $pelanggan', 'C:\\xampp\\htdocs\\Apotek\\app\\Views\\pelanggan\\editpelanggan.php', 2)
 2 SYSTEMPATH\View\View.php(228): include('C:\\xampp\\htdocs\\Apotek\\app\\Views\\pelanggan\\editpelanggan.php')
 3 SYSTEMPATH\View\View.php(231): CodeIgniter\View\View->CodeIgniter\View\{closure}()
 4 SYSTEMPATH\Common.php(1190): CodeIgniter\View\View->render('pelanggan/editpelanggan', [], true)
 5 APPPATH\Controllers\PelangganController.php(65): view('pelanggan/editpelanggan', [...])
 6 SYSTEMPATH\CodeIgniter.php(942): App\Controllers\PelangganController->edit('2')
 7 SYSTEMPATH\CodeIgniter.php(502): CodeIgniter\CodeIgniter->runController(Object(App\Controllers\PelangganController))
 8 SYSTEMPATH\CodeIgniter.php(361): CodeIgniter\CodeIgniter->handleRequest(null, Object(Config\Cache), false)
 9 FCPATH\index.php(79): CodeIgniter\CodeIgniter->run()
10 SYSTEMPATH\Commands\Server\rewrite.php(47): require_once('C:\\xampp\\htdocs\\Apotek\\public\\index.php')
CRITICAL - 2023-12-24 15:41:29 --> Trying to access array offset on value of type null
in APPPATH\Views\pelanggan\editpelanggan.php on line 4.
 1 APPPATH\Views\pelanggan\editpelanggan.php(4): CodeIgniter\Debug\Exceptions->errorHandler(2, 'Trying to access array offset on value of type null', 'C:\\xampp\\htdocs\\Apotek\\app\\Views\\pelanggan\\editpelanggan.php', 4)
 2 SYSTEMPATH\View\View.php(228): include('C:\\xampp\\htdocs\\Apotek\\app\\Views\\pelanggan\\editpelanggan.php')
 3 SYSTEMPATH\View\View.php(231): CodeIgniter\View\View->CodeIgniter\View\{closure}()
 4 SYSTEMPATH\Common.php(1190): CodeIgniter\View\View->render('pelanggan/editpelanggan', [], true)
 5 APPPATH\Controllers\PelangganController.php(65): view('pelanggan/editpelanggan', [...])
 6 SYSTEMPATH\CodeIgniter.php(942): App\Controllers\PelangganController->edit('img', 'undraw_profile.svg')
 7 SYSTEMPATH\CodeIgniter.php(502): CodeIgniter\CodeIgniter->runController(Object(App\Controllers\PelangganController))
 8 SYSTEMPATH\CodeIgniter.php(361): CodeIgniter\CodeIgniter->handleRequest(null, Object(Config\Cache), false)
 9 FCPATH\index.php(79): CodeIgniter\CodeIgniter->run()
10 SYSTEMPATH\Commands\Server\rewrite.php(47): require_once('C:\\xampp\\htdocs\\Apotek\\public\\index.php')
CRITICAL - 2023-12-24 15:42:42 --> Trying to access array offset on value of type null
in APPPATH\Views\pelanggan\editpelanggan.php on line 4.
 1 APPPATH\Views\pelanggan\editpelanggan.php(4): CodeIgniter\Debug\Exceptions->errorHandler(2, 'Trying to access array offset on value of type null', 'C:\\xampp\\htdocs\\Apotek\\app\\Views\\pelanggan\\editpelanggan.php', 4)
 2 SYSTEMPATH\View\View.php(228): include('C:\\xampp\\htdocs\\Apotek\\app\\Views\\pelanggan\\editpelanggan.php')
 3 SYSTEMPATH\View\View.php(231): CodeIgniter\View\View->CodeIgniter\View\{closure}()
 4 SYSTEMPATH\Common.php(1190): CodeIgniter\View\View->render('pelanggan/editpelanggan', [], true)
 5 APPPATH\Controllers\PelangganController.php(65): view('pelanggan/editpelanggan', [...])
 6 SYSTEMPATH\CodeIgniter.php(942): App\Controllers\PelangganController->edit('img', 'undraw_profile.svg')
 7 SYSTEMPATH\CodeIgniter.php(502): CodeIgniter\CodeIgniter->runController(Object(App\Controllers\PelangganController))
 8 SYSTEMPATH\CodeIgniter.php(361): CodeIgniter\CodeIgniter->handleRequest(null, Object(Config\Cache), false)
 9 FCPATH\index.php(79): CodeIgniter\CodeIgniter->run()
10 SYSTEMPATH\Commands\Server\rewrite.php(47): require_once('C:\\xampp\\htdocs\\Apotek\\public\\index.php')
CRITICAL - 2023-12-24 16:15:02 --> Call to a member function save() on null
in APPPATH\Controllers\Home.php on line 60.
 1 SYSTEMPATH\CodeIgniter.php(942): App\Controllers\Home->saveDetail()
 2 SYSTEMPATH\CodeIgniter.php(502): CodeIgniter\CodeIgniter->runController(Object(App\Controllers\Home))
 3 SYSTEMPATH\CodeIgniter.php(361): CodeIgniter\CodeIgniter->handleRequest(null, Object(Config\Cache), false)
 4 FCPATH\index.php(79): CodeIgniter\CodeIgniter->run()
 5 SYSTEMPATH\Commands\Server\rewrite.php(47): require_once('C:\\xampp\\htdocs\\Apotek\\public\\index.php')
CRITICAL - 2023-12-24 16:15:06 --> Call to undefined method App\Models\penjualanDetailModel::AllObat
in SYSTEMPATH\Model.php on line 873.
 1 APPPATH\Controllers\Home.php(47): CodeIgniter\Model->__call('AllObat', [])
 2 SYSTEMPATH\CodeIgniter.php(942): App\Controllers\Home->dashboard()
 3 SYSTEMPATH\CodeIgniter.php(502): CodeIgniter\CodeIgniter->runController(Object(App\Controllers\Home))
 4 SYSTEMPATH\CodeIgniter.php(361): CodeIgniter\CodeIgniter->handleRequest(null, Object(Config\Cache), false)
 5 FCPATH\index.php(79): CodeIgniter\CodeIgniter->run()
 6 SYSTEMPATH\Commands\Server\rewrite.php(47): require_once('C:\\xampp\\htdocs\\Apotek\\public\\index.php')
CRITICAL - 2023-12-24 16:15:14 --> Call to undefined method App\Models\penjualanDetailModel::AllObat
in SYSTEMPATH\Model.php on line 873.
 1 APPPATH\Controllers\Home.php(47): CodeIgniter\Model->__call('AllObat', [])
 2 SYSTEMPATH\CodeIgniter.php(942): App\Controllers\Home->dashboard()
 3 SYSTEMPATH\CodeIgniter.php(502): CodeIgniter\CodeIgniter->runController(Object(App\Controllers\Home))
 4 SYSTEMPATH\CodeIgniter.php(361): CodeIgniter\CodeIgniter->handleRequest(null, Object(Config\Cache), false)
 5 FCPATH\index.php(79): CodeIgniter\CodeIgniter->run()
 6 SYSTEMPATH\Commands\Server\rewrite.php(47): require_once('C:\\xampp\\htdocs\\Apotek\\public\\index.php')
CRITICAL - 2023-12-24 16:15:57 --> Call to undefined method App\Models\penjualanDetailModel::AllObat
in SYSTEMPATH\Model.php on line 873.
 1 APPPATH\Controllers\Home.php(47): CodeIgniter\Model->__call('AllObat', [])
 2 SYSTEMPATH\CodeIgniter.php(942): App\Controllers\Home->dashboard()
 3 SYSTEMPATH\CodeIgniter.php(502): CodeIgniter\CodeIgniter->runController(Object(App\Controllers\Home))
 4 SYSTEMPATH\CodeIgniter.php(361): CodeIgniter\CodeIgniter->handleRequest(null, Object(Config\Cache), false)
 5 FCPATH\index.php(79): CodeIgniter\CodeIgniter->run()
 6 SYSTEMPATH\Commands\Server\rewrite.php(47): require_once('C:\\xampp\\htdocs\\Apotek\\public\\index.php')
CRITICAL - 2023-12-24 16:16:05 --> Class "App\Controllers\obatModel" not found
in APPPATH\Controllers\PenjualanController.php on line 13.
 1 SYSTEMPATH\CodeIgniter.php(914): App\Controllers\PenjualanController->__construct()
 2 SYSTEMPATH\CodeIgniter.php(493): CodeIgniter\CodeIgniter->createController()
 3 SYSTEMPATH\CodeIgniter.php(361): CodeIgniter\CodeIgniter->handleRequest(null, Object(Config\Cache), false)
 4 FCPATH\index.php(79): CodeIgniter\CodeIgniter->run()
 5 SYSTEMPATH\Commands\Server\rewrite.php(47): require_once('C:\\xampp\\htdocs\\Apotek\\public\\index.php')
CRITICAL - 2023-12-24 16:16:09 --> Call to undefined method App\Models\penjualanDetailModel::AllObat
in SYSTEMPATH\Model.php on line 873.
 1 APPPATH\Controllers\Home.php(47): CodeIgniter\Model->__call('AllObat', [])
 2 SYSTEMPATH\CodeIgniter.php(942): App\Controllers\Home->dashboard()
 3 SYSTEMPATH\CodeIgniter.php(502): CodeIgniter\CodeIgniter->runController(Object(App\Controllers\Home))
 4 SYSTEMPATH\CodeIgniter.php(361): CodeIgniter\CodeIgniter->handleRequest(null, Object(Config\Cache), false)
 5 FCPATH\index.php(79): CodeIgniter\CodeIgniter->run()
 6 SYSTEMPATH\Commands\Server\rewrite.php(47): require_once('C:\\xampp\\htdocs\\Apotek\\public\\index.php')
CRITICAL - 2023-12-24 16:16:12 --> Call to undefined method App\Models\penjualanDetailModel::AllObat
in SYSTEMPATH\Model.php on line 873.
 1 APPPATH\Controllers\Home.php(47): CodeIgniter\Model->__call('AllObat', [])
 2 SYSTEMPATH\CodeIgniter.php(942): App\Controllers\Home->dashboard()
 3 SYSTEMPATH\CodeIgniter.php(502): CodeIgniter\CodeIgniter->runController(Object(App\Controllers\Home))
 4 SYSTEMPATH\CodeIgniter.php(361): CodeIgniter\CodeIgniter->handleRequest(null, Object(Config\Cache), false)
 5 FCPATH\index.php(79): CodeIgniter\CodeIgniter->run()
 6 SYSTEMPATH\Commands\Server\rewrite.php(47): require_once('C:\\xampp\\htdocs\\Apotek\\public\\index.php')
CRITICAL - 2023-12-24 16:16:28 --> Call to undefined method App\Models\penjualanDetailModel::AllObat
in SYSTEMPATH\Model.php on line 873.
 1 APPPATH\Controllers\Home.php(47): CodeIgniter\Model->__call('AllObat', [])
 2 SYSTEMPATH\CodeIgniter.php(942): App\Controllers\Home->dashboard()
 3 SYSTEMPATH\CodeIgniter.php(502): CodeIgniter\CodeIgniter->runController(Object(App\Controllers\Home))
 4 SYSTEMPATH\CodeIgniter.php(361): CodeIgniter\CodeIgniter->handleRequest(null, Object(Config\Cache), false)
 5 FCPATH\index.php(79): CodeIgniter\CodeIgniter->run()
 6 SYSTEMPATH\Commands\Server\rewrite.php(47): require_once('C:\\xampp\\htdocs\\Apotek\\public\\index.php')
CRITICAL - 2023-12-24 16:16:45 --> Call to undefined method App\Models\penjualanDetailModel::AllObat
in SYSTEMPATH\Model.php on line 873.
 1 APPPATH\Controllers\Home.php(47): CodeIgniter\Model->__call('AllObat', [])
 2 SYSTEMPATH\CodeIgniter.php(942): App\Controllers\Home->dashboard()
 3 SYSTEMPATH\CodeIgniter.php(502): CodeIgniter\CodeIgniter->runController(Object(App\Controllers\Home))
 4 SYSTEMPATH\CodeIgniter.php(361): CodeIgniter\CodeIgniter->handleRequest(null, Object(Config\Cache), false)
 5 FCPATH\index.php(79): CodeIgniter\CodeIgniter->run()
 6 SYSTEMPATH\Commands\Server\rewrite.php(47): require_once('C:\\xampp\\htdocs\\Apotek\\public\\index.php')
CRITICAL - 2023-12-24 16:16:55 --> Call to undefined method App\Models\penjualanDetailModel::AllObat
in SYSTEMPATH\Model.php on line 873.
 1 APPPATH\Controllers\Home.php(47): CodeIgniter\Model->__call('AllObat', [])
 2 SYSTEMPATH\CodeIgniter.php(942): App\Controllers\Home->dashboard()
 3 SYSTEMPATH\CodeIgniter.php(502): CodeIgniter\CodeIgniter->runController(Object(App\Controllers\Home))
 4 SYSTEMPATH\CodeIgniter.php(361): CodeIgniter\CodeIgniter->handleRequest(null, Object(Config\Cache), false)
 5 FCPATH\index.php(79): CodeIgniter\CodeIgniter->run()
 6 SYSTEMPATH\Commands\Server\rewrite.php(47): require_once('C:\\xampp\\htdocs\\Apotek\\public\\index.php')
CRITICAL - 2023-12-24 16:17:03 --> Call to undefined method App\Models\penjualanDetailModel::AllObat
in SYSTEMPATH\Model.php on line 873.
 1 APPPATH\Controllers\Home.php(47): CodeIgniter\Model->__call('AllObat', [])
 2 SYSTEMPATH\CodeIgniter.php(942): App\Controllers\Home->dashboard()
 3 SYSTEMPATH\CodeIgniter.php(502): CodeIgniter\CodeIgniter->runController(Object(App\Controllers\Home))
 4 SYSTEMPATH\CodeIgniter.php(361): CodeIgniter\CodeIgniter->handleRequest(null, Object(Config\Cache), false)
 5 FCPATH\index.php(79): CodeIgniter\CodeIgniter->run()
 6 SYSTEMPATH\Commands\Server\rewrite.php(47): require_once('C:\\xampp\\htdocs\\Apotek\\public\\index.php')
CRITICAL - 2023-12-24 16:17:33 --> Undefined variable $obat
in APPPATH\Controllers\Home.php on line 51.
 1 APPPATH\Controllers\Home.php(51): CodeIgniter\Debug\Exceptions->errorHandler(2, 'Undefined variable $obat', 'C:\\xampp\\htdocs\\Apotek\\app\\Controllers\\Home.php', 51)
 2 SYSTEMPATH\CodeIgniter.php(942): App\Controllers\Home->dashboard()
 3 SYSTEMPATH\CodeIgniter.php(502): CodeIgniter\CodeIgniter->runController(Object(App\Controllers\Home))
 4 SYSTEMPATH\CodeIgniter.php(361): CodeIgniter\CodeIgniter->handleRequest(null, Object(Config\Cache), false)
 5 FCPATH\index.php(79): CodeIgniter\CodeIgniter->run()
 6 SYSTEMPATH\Commands\Server\rewrite.php(47): require_once('C:\\xampp\\htdocs\\Apotek\\public\\index.php')
CRITICAL - 2023-12-24 16:17:40 --> Undefined variable $obat
in APPPATH\Controllers\Home.php on line 51.
 1 APPPATH\Controllers\Home.php(51): CodeIgniter\Debug\Exceptions->errorHandler(2, 'Undefined variable $obat', 'C:\\xampp\\htdocs\\Apotek\\app\\Controllers\\Home.php', 51)
 2 SYSTEMPATH\CodeIgniter.php(942): App\Controllers\Home->dashboard()
 3 SYSTEMPATH\CodeIgniter.php(502): CodeIgniter\CodeIgniter->runController(Object(App\Controllers\Home))
 4 SYSTEMPATH\CodeIgniter.php(361): CodeIgniter\CodeIgniter->handleRequest(null, Object(Config\Cache), false)
 5 FCPATH\index.php(79): CodeIgniter\CodeIgniter->run()
 6 SYSTEMPATH\Commands\Server\rewrite.php(47): require_once('C:\\xampp\\htdocs\\Apotek\\public\\index.php')
CRITICAL - 2023-12-24 16:18:42 --> Undefined variable $pelanggan
in APPPATH\Views\dashboard\dashboard.php on line 9.
 1 APPPATH\Views\dashboard\dashboard.php(9): CodeIgniter\Debug\Exceptions->errorHandler(2, 'Undefined variable $pelanggan', 'C:\\xampp\\htdocs\\Apotek\\app\\Views\\dashboard\\dashboard.php', 9)
 2 SYSTEMPATH\View\View.php(228): include('C:\\xampp\\htdocs\\Apotek\\app\\Views\\dashboard\\dashboard.php')
 3 SYSTEMPATH\View\View.php(231): CodeIgniter\View\View->CodeIgniter\View\{closure}()
 4 SYSTEMPATH\Common.php(1190): CodeIgniter\View\View->render('dashboard/dashboard', [], true)
 5 APPPATH\Controllers\Home.php(53): view('dashboard/dashboard', [...])
 6 SYSTEMPATH\CodeIgniter.php(942): App\Controllers\Home->dashboard()
 7 SYSTEMPATH\CodeIgniter.php(502): CodeIgniter\CodeIgniter->runController(Object(App\Controllers\Home))
 8 SYSTEMPATH\CodeIgniter.php(361): CodeIgniter\CodeIgniter->handleRequest(null, Object(Config\Cache), false)
 9 FCPATH\index.php(79): CodeIgniter\CodeIgniter->run()
10 SYSTEMPATH\Commands\Server\rewrite.php(47): require_once('C:\\xampp\\htdocs\\Apotek\\public\\index.php')
CRITICAL - 2023-12-24 16:18:49 --> Undefined variable $pelanggan
in APPPATH\Views\dashboard\dashboard.php on line 9.
 1 APPPATH\Views\dashboard\dashboard.php(9): CodeIgniter\Debug\Exceptions->errorHandler(2, 'Undefined variable $pelanggan', 'C:\\xampp\\htdocs\\Apotek\\app\\Views\\dashboard\\dashboard.php', 9)
 2 SYSTEMPATH\View\View.php(228): include('C:\\xampp\\htdocs\\Apotek\\app\\Views\\dashboard\\dashboard.php')
 3 SYSTEMPATH\View\View.php(231): CodeIgniter\View\View->CodeIgniter\View\{closure}()
 4 SYSTEMPATH\Common.php(1190): CodeIgniter\View\View->render('dashboard/dashboard', [], true)
 5 APPPATH\Controllers\Home.php(53): view('dashboard/dashboard', [...])
 6 SYSTEMPATH\CodeIgniter.php(942): App\Controllers\Home->dashboard()
 7 SYSTEMPATH\CodeIgniter.php(502): CodeIgniter\CodeIgniter->runController(Object(App\Controllers\Home))
 8 SYSTEMPATH\CodeIgniter.php(361): CodeIgniter\CodeIgniter->handleRequest(null, Object(Config\Cache), false)
 9 FCPATH\index.php(79): CodeIgniter\CodeIgniter->run()
10 SYSTEMPATH\Commands\Server\rewrite.php(47): require_once('C:\\xampp\\htdocs\\Apotek\\public\\index.php')
CRITICAL - 2023-12-24 16:19:33 --> Undefined variable $pelanggan
in APPPATH\Views\dashboard\dashboard.php on line 9.
 1 APPPATH\Views\dashboard\dashboard.php(9): CodeIgniter\Debug\Exceptions->errorHandler(2, 'Undefined variable $pelanggan', 'C:\\xampp\\htdocs\\Apotek\\app\\Views\\dashboard\\dashboard.php', 9)
 2 SYSTEMPATH\View\View.php(228): include('C:\\xampp\\htdocs\\Apotek\\app\\Views\\dashboard\\dashboard.php')
 3 SYSTEMPATH\View\View.php(231): CodeIgniter\View\View->CodeIgniter\View\{closure}()
 4 SYSTEMPATH\Common.php(1190): CodeIgniter\View\View->render('dashboard/dashboard', [], true)
 5 APPPATH\Controllers\Home.php(50): view('dashboard/dashboard', [...])
 6 SYSTEMPATH\CodeIgniter.php(942): App\Controllers\Home->dashboard()
 7 SYSTEMPATH\CodeIgniter.php(502): CodeIgniter\CodeIgniter->runController(Object(App\Controllers\Home))
 8 SYSTEMPATH\CodeIgniter.php(361): CodeIgniter\CodeIgniter->handleRequest(null, Object(Config\Cache), false)
 9 FCPATH\index.php(79): CodeIgniter\CodeIgniter->run()
10 SYSTEMPATH\Commands\Server\rewrite.php(47): require_once('C:\\xampp\\htdocs\\Apotek\\public\\index.php')
CRITICAL - 2023-12-24 16:19:34 --> Undefined variable $pelanggan
in APPPATH\Views\dashboard\dashboard.php on line 9.
 1 APPPATH\Views\dashboard\dashboard.php(9): CodeIgniter\Debug\Exceptions->errorHandler(2, 'Undefined variable $pelanggan', 'C:\\xampp\\htdocs\\Apotek\\app\\Views\\dashboard\\dashboard.php', 9)
 2 SYSTEMPATH\View\View.php(228): include('C:\\xampp\\htdocs\\Apotek\\app\\Views\\dashboard\\dashboard.php')
 3 SYSTEMPATH\View\View.php(231): CodeIgniter\View\View->CodeIgniter\View\{closure}()
 4 SYSTEMPATH\Common.php(1190): CodeIgniter\View\View->render('dashboard/dashboard', [], true)
 5 APPPATH\Controllers\Home.php(50): view('dashboard/dashboard', [...])
 6 SYSTEMPATH\CodeIgniter.php(942): App\Controllers\Home->dashboard()
 7 SYSTEMPATH\CodeIgniter.php(502): CodeIgniter\CodeIgniter->runController(Object(App\Controllers\Home))
 8 SYSTEMPATH\CodeIgniter.php(361): CodeIgniter\CodeIgniter->handleRequest(null, Object(Config\Cache), false)
 9 FCPATH\index.php(79): CodeIgniter\CodeIgniter->run()
10 SYSTEMPATH\Commands\Server\rewrite.php(47): require_once('C:\\xampp\\htdocs\\Apotek\\public\\index.php')
CRITICAL - 2023-12-24 16:20:34 --> Undefined variable $pelanggan
in APPPATH\Views\dashboard\dashboard.php on line 9.
 1 APPPATH\Views\dashboard\dashboard.php(9): CodeIgniter\Debug\Exceptions->errorHandler(2, 'Undefined variable $pelanggan', 'C:\\xampp\\htdocs\\Apotek\\app\\Views\\dashboard\\dashboard.php', 9)
 2 SYSTEMPATH\View\View.php(228): include('C:\\xampp\\htdocs\\Apotek\\app\\Views\\dashboard\\dashboard.php')
 3 SYSTEMPATH\View\View.php(231): CodeIgniter\View\View->CodeIgniter\View\{closure}()
 4 SYSTEMPATH\Common.php(1190): CodeIgniter\View\View->render('dashboard/dashboard', [], true)
 5 APPPATH\Controllers\Home.php(53): view('dashboard/dashboard', [...])
 6 SYSTEMPATH\CodeIgniter.php(942): App\Controllers\Home->dashboard()
 7 SYSTEMPATH\CodeIgniter.php(502): CodeIgniter\CodeIgniter->runController(Object(App\Controllers\Home))
 8 SYSTEMPATH\CodeIgniter.php(361): CodeIgniter\CodeIgniter->handleRequest(null, Object(Config\Cache), false)
 9 FCPATH\index.php(79): CodeIgniter\CodeIgniter->run()
10 SYSTEMPATH\Commands\Server\rewrite.php(47): require_once('C:\\xampp\\htdocs\\Apotek\\public\\index.php')
CRITICAL - 2023-12-24 16:21:17 --> Undefined variable $pelanggan
in APPPATH\Views\dashboard\dashboard.php on line 9.
 1 APPPATH\Views\dashboard\dashboard.php(9): CodeIgniter\Debug\Exceptions->errorHandler(2, 'Undefined variable $pelanggan', 'C:\\xampp\\htdocs\\Apotek\\app\\Views\\dashboard\\dashboard.php', 9)
 2 SYSTEMPATH\View\View.php(228): include('C:\\xampp\\htdocs\\Apotek\\app\\Views\\dashboard\\dashboard.php')
 3 SYSTEMPATH\View\View.php(231): CodeIgniter\View\View->CodeIgniter\View\{closure}()
 4 SYSTEMPATH\Common.php(1190): CodeIgniter\View\View->render('dashboard/dashboard', [], true)
 5 APPPATH\Controllers\Home.php(53): view('dashboard/dashboard', [...])
 6 SYSTEMPATH\CodeIgniter.php(942): App\Controllers\Home->dashboard()
 7 SYSTEMPATH\CodeIgniter.php(502): CodeIgniter\CodeIgniter->runController(Object(App\Controllers\Home))
 8 SYSTEMPATH\CodeIgniter.php(361): CodeIgniter\CodeIgniter->handleRequest(null, Object(Config\Cache), false)
 9 FCPATH\index.php(79): CodeIgniter\CodeIgniter->run()
10 SYSTEMPATH\Commands\Server\rewrite.php(47): require_once('C:\\xampp\\htdocs\\Apotek\\public\\index.php')
CRITICAL - 2023-12-24 16:21:21 --> Undefined variable $pelanggan
in APPPATH\Views\dashboard\dashboard.php on line 9.
 1 APPPATH\Views\dashboard\dashboard.php(9): CodeIgniter\Debug\Exceptions->errorHandler(2, 'Undefined variable $pelanggan', 'C:\\xampp\\htdocs\\Apotek\\app\\Views\\dashboard\\dashboard.php', 9)
 2 SYSTEMPATH\View\View.php(228): include('C:\\xampp\\htdocs\\Apotek\\app\\Views\\dashboard\\dashboard.php')
 3 SYSTEMPATH\View\View.php(231): CodeIgniter\View\View->CodeIgniter\View\{closure}()
 4 SYSTEMPATH\Common.php(1190): CodeIgniter\View\View->render('dashboard/dashboard', [], true)
 5 APPPATH\Controllers\Home.php(53): view('dashboard/dashboard', [...])
 6 SYSTEMPATH\CodeIgniter.php(942): App\Controllers\Home->dashboard()
 7 SYSTEMPATH\CodeIgniter.php(502): CodeIgniter\CodeIgniter->runController(Object(App\Controllers\Home))
 8 SYSTEMPATH\CodeIgniter.php(361): CodeIgniter\CodeIgniter->handleRequest(null, Object(Config\Cache), false)
 9 FCPATH\index.php(79): CodeIgniter\CodeIgniter->run()
10 SYSTEMPATH\Commands\Server\rewrite.php(47): require_once('C:\\xampp\\htdocs\\Apotek\\public\\index.php')
CRITICAL - 2023-12-24 16:22:01 --> Undefined variable $pelanggan
in APPPATH\Views\dashboard\dashboard.php on line 9.
 1 APPPATH\Views\dashboard\dashboard.php(9): CodeIgniter\Debug\Exceptions->errorHandler(2, 'Undefined variable $pelanggan', 'C:\\xampp\\htdocs\\Apotek\\app\\Views\\dashboard\\dashboard.php', 9)
 2 SYSTEMPATH\View\View.php(228): include('C:\\xampp\\htdocs\\Apotek\\app\\Views\\dashboard\\dashboard.php')
 3 SYSTEMPATH\View\View.php(231): CodeIgniter\View\View->CodeIgniter\View\{closure}()
 4 SYSTEMPATH\Common.php(1190): CodeIgniter\View\View->render('dashboard/dashboard', [], true)
 5 APPPATH\Controllers\Home.php(53): view('dashboard/dashboard', [...])
 6 SYSTEMPATH\CodeIgniter.php(942): App\Controllers\Home->dashboard()
 7 SYSTEMPATH\CodeIgniter.php(502): CodeIgniter\CodeIgniter->runController(Object(App\Controllers\Home))
 8 SYSTEMPATH\CodeIgniter.php(361): CodeIgniter\CodeIgniter->handleRequest(null, Object(Config\Cache), false)
 9 FCPATH\index.php(79): CodeIgniter\CodeIgniter->run()
10 SYSTEMPATH\Commands\Server\rewrite.php(47): require_once('C:\\xampp\\htdocs\\Apotek\\public\\index.php')
CRITICAL - 2023-12-24 16:22:19 --> Call to undefined method App\Models\penjualanDetailModel::AllObat
in SYSTEMPATH\Model.php on line 873.
 1 APPPATH\Controllers\Home.php(47): CodeIgniter\Model->__call('AllObat', [])
 2 SYSTEMPATH\CodeIgniter.php(942): App\Controllers\Home->dashboard()
 3 SYSTEMPATH\CodeIgniter.php(502): CodeIgniter\CodeIgniter->runController(Object(App\Controllers\Home))
 4 SYSTEMPATH\CodeIgniter.php(361): CodeIgniter\CodeIgniter->handleRequest(null, Object(Config\Cache), false)
 5 FCPATH\index.php(79): CodeIgniter\CodeIgniter->run()
 6 SYSTEMPATH\Commands\Server\rewrite.php(47): require_once('C:\\xampp\\htdocs\\Apotek\\public\\index.php')
ERROR - 2023-12-24 16:23:34 --> mysqli_sql_exception: Column 'id_obat' cannot be null in C:\xampp\htdocs\Apotek\system\Database\MySQLi\Connection.php:306
Stack trace:
#0 C:\xampp\htdocs\Apotek\system\Database\MySQLi\Connection.php(306): mysqli->query('INSERT INTO `pe...', 0)
#1 C:\xampp\htdocs\Apotek\system\Database\BaseConnection.php(693): CodeIgniter\Database\MySQLi\Connection->execute('INSERT INTO `pe...')
#2 C:\xampp\htdocs\Apotek\system\Database\BaseConnection.php(607): CodeIgniter\Database\BaseConnection->simpleQuery('INSERT INTO `pe...')
#3 C:\xampp\htdocs\Apotek\system\Database\BaseBuilder.php(2308): CodeIgniter\Database\BaseConnection->query('INSERT INTO `pe...', Array, false)
#4 C:\xampp\htdocs\Apotek\system\Model.php(319): CodeIgniter\Database\BaseBuilder->insert()
#5 C:\xampp\htdocs\Apotek\system\BaseModel.php(788): CodeIgniter\Model->doInsert(Array)
#6 C:\xampp\htdocs\Apotek\system\Model.php(715): CodeIgniter\BaseModel->insert(Array, false)
#7 C:\xampp\htdocs\Apotek\system\BaseModel.php(698): CodeIgniter\Model->insert(Array, false)
#8 C:\xampp\htdocs\Apotek\app\Controllers\Home.php(63): CodeIgniter\BaseModel->save(Array)
#9 C:\xampp\htdocs\Apotek\system\CodeIgniter.php(942): App\Controllers\Home->saveDetail()
#10 C:\xampp\htdocs\Apotek\system\CodeIgniter.php(502): CodeIgniter\CodeIgniter->runController(Object(App\Controllers\Home))
#11 C:\xampp\htdocs\Apotek\system\CodeIgniter.php(361): CodeIgniter\CodeIgniter->handleRequest(NULL, Object(Config\Cache), false)
#12 C:\xampp\htdocs\Apotek\public\index.php(79): CodeIgniter\CodeIgniter->run()
#13 C:\xampp\htdocs\Apotek\system\Commands\Server\rewrite.php(47): require_once('C:\\xampp\\htdocs...')
#14 {main}
CRITICAL - 2023-12-24 16:23:34 --> Column 'id_obat' cannot be null
in SYSTEMPATH\Database\BaseConnection.php on line 647.
 1 SYSTEMPATH\Database\BaseBuilder.php(2308): CodeIgniter\Database\BaseConnection->query('INSERT INTO `penjualan_detail` (`id_pelanggan`, `id_obat`, `jumlah_obat`) VALUES (:id_pelanggan:, :id_obat:, :jumlah_obat:)', [...], false)
 2 SYSTEMPATH\Model.php(319): CodeIgniter\Database\BaseBuilder->insert()
 3 SYSTEMPATH\BaseModel.php(788): CodeIgniter\Model->doInsert([...])
 4 SYSTEMPATH\Model.php(715): CodeIgniter\BaseModel->insert([...], false)
 5 SYSTEMPATH\BaseModel.php(698): CodeIgniter\Model->insert([...], false)
 6 APPPATH\Controllers\Home.php(63): CodeIgniter\BaseModel->save([...])
 7 SYSTEMPATH\CodeIgniter.php(942): App\Controllers\Home->saveDetail()
 8 SYSTEMPATH\CodeIgniter.php(502): CodeIgniter\CodeIgniter->runController(Object(App\Controllers\Home))
 9 SYSTEMPATH\CodeIgniter.php(361): CodeIgniter\CodeIgniter->handleRequest(null, Object(Config\Cache), false)
10 FCPATH\index.php(79): CodeIgniter\CodeIgniter->run()
11 SYSTEMPATH\Commands\Server\rewrite.php(47): require_once('C:\\xampp\\htdocs\\Apotek\\public\\index.php')
ERROR - 2023-12-24 16:24:30 --> mysqli_sql_exception: Column 'id_obat' cannot be null in C:\xampp\htdocs\Apotek\system\Database\MySQLi\Connection.php:306
Stack trace:
#0 C:\xampp\htdocs\Apotek\system\Database\MySQLi\Connection.php(306): mysqli->query('INSERT INTO `pe...', 0)
#1 C:\xampp\htdocs\Apotek\system\Database\BaseConnection.php(693): CodeIgniter\Database\MySQLi\Connection->execute('INSERT INTO `pe...')
#2 C:\xampp\htdocs\Apotek\system\Database\BaseConnection.php(607): CodeIgniter\Database\BaseConnection->simpleQuery('INSERT INTO `pe...')
#3 C:\xampp\htdocs\Apotek\system\Database\BaseBuilder.php(2308): CodeIgniter\Database\BaseConnection->query('INSERT INTO `pe...', Array, false)
#4 C:\xampp\htdocs\Apotek\system\Model.php(319): CodeIgniter\Database\BaseBuilder->insert()
#5 C:\xampp\htdocs\Apotek\system\BaseModel.php(788): CodeIgniter\Model->doInsert(Array)
#6 C:\xampp\htdocs\Apotek\system\Model.php(715): CodeIgniter\BaseModel->insert(Array, false)
#7 C:\xampp\htdocs\Apotek\system\BaseModel.php(698): CodeIgniter\Model->insert(Array, false)
#8 C:\xampp\htdocs\Apotek\app\Controllers\Home.php(63): CodeIgniter\BaseModel->save(Array)
#9 C:\xampp\htdocs\Apotek\system\CodeIgniter.php(942): App\Controllers\Home->saveDetail()
#10 C:\xampp\htdocs\Apotek\system\CodeIgniter.php(502): CodeIgniter\CodeIgniter->runController(Object(App\Controllers\Home))
#11 C:\xampp\htdocs\Apotek\system\CodeIgniter.php(361): CodeIgniter\CodeIgniter->handleRequest(NULL, Object(Config\Cache), false)
#12 C:\xampp\htdocs\Apotek\public\index.php(79): CodeIgniter\CodeIgniter->run()
#13 C:\xampp\htdocs\Apotek\system\Commands\Server\rewrite.php(47): require_once('C:\\xampp\\htdocs...')
#14 {main}
CRITICAL - 2023-12-24 16:24:30 --> Column 'id_obat' cannot be null
in SYSTEMPATH\Database\BaseConnection.php on line 647.
 1 SYSTEMPATH\Database\BaseBuilder.php(2308): CodeIgniter\Database\BaseConnection->query('INSERT INTO `penjualan_detail` (`id_pelanggan`, `id_obat`, `jumlah_obat`) VALUES (:id_pelanggan:, :id_obat:, :jumlah_obat:)', [...], false)
 2 SYSTEMPATH\Model.php(319): CodeIgniter\Database\BaseBuilder->insert()
 3 SYSTEMPATH\BaseModel.php(788): CodeIgniter\Model->doInsert([...])
 4 SYSTEMPATH\Model.php(715): CodeIgniter\BaseModel->insert([...], false)
 5 SYSTEMPATH\BaseModel.php(698): CodeIgniter\Model->insert([...], false)
 6 APPPATH\Controllers\Home.php(63): CodeIgniter\BaseModel->save([...])
 7 SYSTEMPATH\CodeIgniter.php(942): App\Controllers\Home->saveDetail()
 8 SYSTEMPATH\CodeIgniter.php(502): CodeIgniter\CodeIgniter->runController(Object(App\Controllers\Home))
 9 SYSTEMPATH\CodeIgniter.php(361): CodeIgniter\CodeIgniter->handleRequest(null, Object(Config\Cache), false)
10 FCPATH\index.php(79): CodeIgniter\CodeIgniter->run()
11 SYSTEMPATH\Commands\Server\rewrite.php(47): require_once('C:\\xampp\\htdocs\\Apotek\\public\\index.php')
ERROR - 2023-12-24 16:27:06 --> mysqli_sql_exception: Column 'id_obat' cannot be null in C:\xampp\htdocs\Apotek\system\Database\MySQLi\Connection.php:306
Stack trace:
#0 C:\xampp\htdocs\Apotek\system\Database\MySQLi\Connection.php(306): mysqli->query('INSERT INTO `pe...', 0)
#1 C:\xampp\htdocs\Apotek\system\Database\BaseConnection.php(693): CodeIgniter\Database\MySQLi\Connection->execute('INSERT INTO `pe...')
#2 C:\xampp\htdocs\Apotek\system\Database\BaseConnection.php(607): CodeIgniter\Database\BaseConnection->simpleQuery('INSERT INTO `pe...')
#3 C:\xampp\htdocs\Apotek\system\Database\BaseBuilder.php(2308): CodeIgniter\Database\BaseConnection->query('INSERT INTO `pe...', Array, false)
#4 C:\xampp\htdocs\Apotek\system\Model.php(319): CodeIgniter\Database\BaseBuilder->insert()
#5 C:\xampp\htdocs\Apotek\system\BaseModel.php(788): CodeIgniter\Model->doInsert(Array)
#6 C:\xampp\htdocs\Apotek\system\Model.php(715): CodeIgniter\BaseModel->insert(Array, false)
#7 C:\xampp\htdocs\Apotek\system\BaseModel.php(698): CodeIgniter\Model->insert(Array, false)
#8 C:\xampp\htdocs\Apotek\app\Controllers\Home.php(63): CodeIgniter\BaseModel->save(Array)
#9 C:\xampp\htdocs\Apotek\system\CodeIgniter.php(942): App\Controllers\Home->saveDetail()
#10 C:\xampp\htdocs\Apotek\system\CodeIgniter.php(502): CodeIgniter\CodeIgniter->runController(Object(App\Controllers\Home))
#11 C:\xampp\htdocs\Apotek\system\CodeIgniter.php(361): CodeIgniter\CodeIgniter->handleRequest(NULL, Object(Config\Cache), false)
#12 C:\xampp\htdocs\Apotek\public\index.php(79): CodeIgniter\CodeIgniter->run()
#13 C:\xampp\htdocs\Apotek\system\Commands\Server\rewrite.php(47): require_once('C:\\xampp\\htdocs...')
#14 {main}
CRITICAL - 2023-12-24 16:27:06 --> Column 'id_obat' cannot be null
in SYSTEMPATH\Database\BaseConnection.php on line 647.
 1 SYSTEMPATH\Database\BaseBuilder.php(2308): CodeIgniter\Database\BaseConnection->query('INSERT INTO `penjualan_detail` (`id_pelanggan`, `id_obat`, `jumlah_obat`) VALUES (:id_pelanggan:, :id_obat:, :jumlah_obat:)', [...], false)
 2 SYSTEMPATH\Model.php(319): CodeIgniter\Database\BaseBuilder->insert()
 3 SYSTEMPATH\BaseModel.php(788): CodeIgniter\Model->doInsert([...])
 4 SYSTEMPATH\Model.php(715): CodeIgniter\BaseModel->insert([...], false)
 5 SYSTEMPATH\BaseModel.php(698): CodeIgniter\Model->insert([...], false)
 6 APPPATH\Controllers\Home.php(63): CodeIgniter\BaseModel->save([...])
 7 SYSTEMPATH\CodeIgniter.php(942): App\Controllers\Home->saveDetail()
 8 SYSTEMPATH\CodeIgniter.php(502): CodeIgniter\CodeIgniter->runController(Object(App\Controllers\Home))
 9 SYSTEMPATH\CodeIgniter.php(361): CodeIgniter\CodeIgniter->handleRequest(null, Object(Config\Cache), false)
10 FCPATH\index.php(79): CodeIgniter\CodeIgniter->run()
11 SYSTEMPATH\Commands\Server\rewrite.php(47): require_once('C:\\xampp\\htdocs\\Apotek\\public\\index.php')
