CRITICAL - 2023-11-15 07:39:39 --> Undefined variable $user
in APPPATH\Views\User\login.html on line 1.
 1 APPPATH\Views\User\login.html(1): CodeIgniter\Debug\Exceptions->errorHandler(2, 'Undefined variable $user', 'C:\\xampp\\htdocs\\posyandu\\app\\Views\\User\\login.html', 1)
 2 SYSTEMPATH\View\View.php(228): include('C:\\xampp\\htdocs\\posyandu\\app\\Views\\User\\login.html')
 3 SYSTEMPATH\View\View.php(231): CodeIgniter\View\View->CodeIgniter\View\{closure}()
 4 SYSTEMPATH\Common.php(1190): CodeIgniter\View\View->render('user/login.html', [], true)
 5 APPPATH\Controllers\Page.php(9): view('user/login.html')
 6 SYSTEMPATH\CodeIgniter.php(942): App\Controllers\Page->login()
 7 SYSTEMPATH\CodeIgniter.php(502): CodeIgniter\CodeIgniter->runController(Object(App\Controllers\Page))
 8 SYSTEMPATH\CodeIgniter.php(361): CodeIgniter\CodeIgniter->handleRequest(null, Object(Config\Cache), false)
 9 FCPATH\index.php(79): CodeIgniter\CodeIgniter->run()
10 SYSTEMPATH\Commands\Server\rewrite.php(47): require_once('C:\\xampp\\htdocs\\posyandu\\public\\index.php')
CRITICAL - 2023-11-15 07:40:07 --> Invalid file: "user/login.html"
in SYSTEMPATH\Exceptions\FrameworkException.php on line 39.
 1 SYSTEMPATH\View\View.php(216): CodeIgniter\Exceptions\FrameworkException::forInvalidFile('user/login.html')
 2 SYSTEMPATH\Common.php(1190): CodeIgniter\View\View->render('user/login.html', [], true)
 3 APPPATH\Controllers\Page.php(9): view('user/login.html')
 4 SYSTEMPATH\CodeIgniter.php(942): App\Controllers\Page->login()
 5 SYSTEMPATH\CodeIgniter.php(502): CodeIgniter\CodeIgniter->runController(Object(App\Controllers\Page))
 6 SYSTEMPATH\CodeIgniter.php(361): CodeIgniter\CodeIgniter->handleRequest(null, Object(Config\Cache), false)
 7 FCPATH\index.php(79): CodeIgniter\CodeIgniter->run()
 8 SYSTEMPATH\Commands\Server\rewrite.php(47): require_once('C:\\xampp\\htdocs\\posyandu\\public\\index.php')
CRITICAL - 2023-11-15 07:40:14 --> Invalid file: "user/login.html"
in SYSTEMPATH\Exceptions\FrameworkException.php on line 39.
 1 SYSTEMPATH\View\View.php(216): CodeIgniter\Exceptions\FrameworkException::forInvalidFile('user/login.html')
 2 SYSTEMPATH\Common.php(1190): CodeIgniter\View\View->render('user/login.html', [], true)
 3 APPPATH\Controllers\Page.php(9): view('user/login.html')
 4 SYSTEMPATH\CodeIgniter.php(942): App\Controllers\Page->login()
 5 SYSTEMPATH\CodeIgniter.php(502): CodeIgniter\CodeIgniter->runController(Object(App\Controllers\Page))
 6 SYSTEMPATH\CodeIgniter.php(361): CodeIgniter\CodeIgniter->handleRequest(null, Object(Config\Cache), false)
 7 FCPATH\index.php(79): CodeIgniter\CodeIgniter->run()
 8 SYSTEMPATH\Commands\Server\rewrite.php(47): require_once('C:\\xampp\\htdocs\\posyandu\\public\\index.php')
CRITICAL - 2023-11-15 07:40:45 --> Invalid file: "user/login.html"
in SYSTEMPATH\Exceptions\FrameworkException.php on line 39.
 1 SYSTEMPATH\View\View.php(216): CodeIgniter\Exceptions\FrameworkException::forInvalidFile('user/login.html')
 2 SYSTEMPATH\Common.php(1190): CodeIgniter\View\View->render('user/login.html', [], true)
 3 APPPATH\Controllers\Page.php(9): view('user/login.html')
 4 SYSTEMPATH\CodeIgniter.php(942): App\Controllers\Page->login()
 5 SYSTEMPATH\CodeIgniter.php(502): CodeIgniter\CodeIgniter->runController(Object(App\Controllers\Page))
 6 SYSTEMPATH\CodeIgniter.php(361): CodeIgniter\CodeIgniter->handleRequest(null, Object(Config\Cache), false)
 7 FCPATH\index.php(79): CodeIgniter\CodeIgniter->run()
 8 SYSTEMPATH\Commands\Server\rewrite.php(47): require_once('C:\\xampp\\htdocs\\posyandu\\public\\index.php')
CRITICAL - 2023-11-15 07:40:47 --> Invalid file: "user/login.html"
in SYSTEMPATH\Exceptions\FrameworkException.php on line 39.
 1 SYSTEMPATH\View\View.php(216): CodeIgniter\Exceptions\FrameworkException::forInvalidFile('user/login.html')
 2 SYSTEMPATH\Common.php(1190): CodeIgniter\View\View->render('user/login.html', [], true)
 3 APPPATH\Controllers\Page.php(9): view('user/login.html')
 4 SYSTEMPATH\CodeIgniter.php(942): App\Controllers\Page->login()
 5 SYSTEMPATH\CodeIgniter.php(502): CodeIgniter\CodeIgniter->runController(Object(App\Controllers\Page))
 6 SYSTEMPATH\CodeIgniter.php(361): CodeIgniter\CodeIgniter->handleRequest(null, Object(Config\Cache), false)
 7 FCPATH\index.php(79): CodeIgniter\CodeIgniter->run()
 8 SYSTEMPATH\Commands\Server\rewrite.php(47): require_once('C:\\xampp\\htdocs\\posyandu\\public\\index.php')
CRITICAL - 2023-11-15 07:41:15 --> Invalid file: "user/login.html"
in SYSTEMPATH\Exceptions\FrameworkException.php on line 39.
 1 SYSTEMPATH\View\View.php(216): CodeIgniter\Exceptions\FrameworkException::forInvalidFile('user/login.html')
 2 SYSTEMPATH\Common.php(1190): CodeIgniter\View\View->render('user/login.html', [], true)
 3 APPPATH\Controllers\Page.php(9): view('user/login.html')
 4 SYSTEMPATH\CodeIgniter.php(942): App\Controllers\Page->login()
 5 SYSTEMPATH\CodeIgniter.php(502): CodeIgniter\CodeIgniter->runController(Object(App\Controllers\Page))
 6 SYSTEMPATH\CodeIgniter.php(361): CodeIgniter\CodeIgniter->handleRequest(null, Object(Config\Cache), false)
 7 FCPATH\index.php(79): CodeIgniter\CodeIgniter->run()
 8 SYSTEMPATH\Commands\Server\rewrite.php(47): require_once('C:\\xampp\\htdocs\\posyandu\\public\\index.php')
CRITICAL - 2023-11-15 07:41:28 --> Invalid file: "user/login.html"
in SYSTEMPATH\Exceptions\FrameworkException.php on line 39.
 1 SYSTEMPATH\View\View.php(216): CodeIgniter\Exceptions\FrameworkException::forInvalidFile('user/login.html')
 2 SYSTEMPATH\Common.php(1190): CodeIgniter\View\View->render('user/login.html', [], true)
 3 APPPATH\Controllers\Page.php(9): view('user/login.html')
 4 SYSTEMPATH\CodeIgniter.php(942): App\Controllers\Page->login()
 5 SYSTEMPATH\CodeIgniter.php(502): CodeIgniter\CodeIgniter->runController(Object(App\Controllers\Page))
 6 SYSTEMPATH\CodeIgniter.php(361): CodeIgniter\CodeIgniter->handleRequest(null, Object(Config\Cache), false)
 7 FCPATH\index.php(79): CodeIgniter\CodeIgniter->run()
 8 SYSTEMPATH\Commands\Server\rewrite.php(47): require_once('C:\\xampp\\htdocs\\posyandu\\public\\index.php')
CRITICAL - 2023-11-15 07:41:29 --> Invalid file: "user/login.html"
in SYSTEMPATH\Exceptions\FrameworkException.php on line 39.
 1 SYSTEMPATH\View\View.php(216): CodeIgniter\Exceptions\FrameworkException::forInvalidFile('user/login.html')
 2 SYSTEMPATH\Common.php(1190): CodeIgniter\View\View->render('user/login.html', [], true)
 3 APPPATH\Controllers\Page.php(9): view('user/login.html')
 4 SYSTEMPATH\CodeIgniter.php(942): App\Controllers\Page->login()
 5 SYSTEMPATH\CodeIgniter.php(502): CodeIgniter\CodeIgniter->runController(Object(App\Controllers\Page))
 6 SYSTEMPATH\CodeIgniter.php(361): CodeIgniter\CodeIgniter->handleRequest(null, Object(Config\Cache), false)
 7 FCPATH\index.php(79): CodeIgniter\CodeIgniter->run()
 8 SYSTEMPATH\Commands\Server\rewrite.php(47): require_once('C:\\xampp\\htdocs\\posyandu\\public\\index.php')
CRITICAL - 2023-11-15 07:41:54 --> Array to string conversion
in APPPATH\Views\User\login.php on line 1.
 1 APPPATH\Views\User\login.php(1): CodeIgniter\Debug\Exceptions->errorHandler(2, 'Array to string conversion', 'C:\\xampp\\htdocs\\posyandu\\app\\Views\\User\\login.php', 1)
 2 SYSTEMPATH\View\View.php(228): include('C:\\xampp\\htdocs\\posyandu\\app\\Views\\User\\login.php')
 3 SYSTEMPATH\View\View.php(231): CodeIgniter\View\View->CodeIgniter\View\{closure}()
 4 SYSTEMPATH\Common.php(1190): CodeIgniter\View\View->render('user/login.php', [], true)
 5 APPPATH\Controllers\User.php(19): view('user/login.php', [...])
 6 SYSTEMPATH\CodeIgniter.php(942): App\Controllers\User->login()
 7 SYSTEMPATH\CodeIgniter.php(502): CodeIgniter\CodeIgniter->runController(Object(App\Controllers\User))
 8 SYSTEMPATH\CodeIgniter.php(361): CodeIgniter\CodeIgniter->handleRequest(null, Object(Config\Cache), false)
 9 FCPATH\index.php(79): CodeIgniter\CodeIgniter->run()
10 SYSTEMPATH\Commands\Server\rewrite.php(47): require_once('C:\\xampp\\htdocs\\posyandu\\public\\index.php')
CRITICAL - 2023-11-15 07:42:42 --> Undefined variable $data
in APPPATH\Views\User\login.php on line 1.
 1 APPPATH\Views\User\login.php(1): CodeIgniter\Debug\Exceptions->errorHandler(2, 'Undefined variable $data', 'C:\\xampp\\htdocs\\posyandu\\app\\Views\\User\\login.php', 1)
 2 SYSTEMPATH\View\View.php(228): include('C:\\xampp\\htdocs\\posyandu\\app\\Views\\User\\login.php')
 3 SYSTEMPATH\View\View.php(231): CodeIgniter\View\View->CodeIgniter\View\{closure}()
 4 SYSTEMPATH\Common.php(1190): CodeIgniter\View\View->render('user/login.php', [], true)
 5 APPPATH\Controllers\User.php(19): view('user/login.php', [...])
 6 SYSTEMPATH\CodeIgniter.php(942): App\Controllers\User->login()
 7 SYSTEMPATH\CodeIgniter.php(502): CodeIgniter\CodeIgniter->runController(Object(App\Controllers\User))
 8 SYSTEMPATH\CodeIgniter.php(361): CodeIgniter\CodeIgniter->handleRequest(null, Object(Config\Cache), false)
 9 FCPATH\index.php(79): CodeIgniter\CodeIgniter->run()
10 SYSTEMPATH\Commands\Server\rewrite.php(47): require_once('C:\\xampp\\htdocs\\posyandu\\public\\index.php')
CRITICAL - 2023-11-15 07:43:22 --> Undefined variable $data
in APPPATH\Views\User\login.php on line 1.
 1 APPPATH\Views\User\login.php(1): CodeIgniter\Debug\Exceptions->errorHandler(2, 'Undefined variable $data', 'C:\\xampp\\htdocs\\posyandu\\app\\Views\\User\\login.php', 1)
 2 SYSTEMPATH\View\View.php(228): include('C:\\xampp\\htdocs\\posyandu\\app\\Views\\User\\login.php')
 3 SYSTEMPATH\View\View.php(231): CodeIgniter\View\View->CodeIgniter\View\{closure}()
 4 SYSTEMPATH\Common.php(1190): CodeIgniter\View\View->render('user/login.php', [], true)
 5 APPPATH\Controllers\User.php(19): view('user/login.php', [...])
 6 SYSTEMPATH\CodeIgniter.php(942): App\Controllers\User->login()
 7 SYSTEMPATH\CodeIgniter.php(502): CodeIgniter\CodeIgniter->runController(Object(App\Controllers\User))
 8 SYSTEMPATH\CodeIgniter.php(361): CodeIgniter\CodeIgniter->handleRequest(null, Object(Config\Cache), false)
 9 FCPATH\index.php(79): CodeIgniter\CodeIgniter->run()
10 SYSTEMPATH\Commands\Server\rewrite.php(47): require_once('C:\\xampp\\htdocs\\posyandu\\public\\index.php')
CRITICAL - 2023-11-15 07:43:23 --> Undefined variable $data
in APPPATH\Views\User\login.php on line 1.
 1 APPPATH\Views\User\login.php(1): CodeIgniter\Debug\Exceptions->errorHandler(2, 'Undefined variable $data', 'C:\\xampp\\htdocs\\posyandu\\app\\Views\\User\\login.php', 1)
 2 SYSTEMPATH\View\View.php(228): include('C:\\xampp\\htdocs\\posyandu\\app\\Views\\User\\login.php')
 3 SYSTEMPATH\View\View.php(231): CodeIgniter\View\View->CodeIgniter\View\{closure}()
 4 SYSTEMPATH\Common.php(1190): CodeIgniter\View\View->render('user/login.php', [], true)
 5 APPPATH\Controllers\User.php(19): view('user/login.php', [...])
 6 SYSTEMPATH\CodeIgniter.php(942): App\Controllers\User->login()
 7 SYSTEMPATH\CodeIgniter.php(502): CodeIgniter\CodeIgniter->runController(Object(App\Controllers\User))
 8 SYSTEMPATH\CodeIgniter.php(361): CodeIgniter\CodeIgniter->handleRequest(null, Object(Config\Cache), false)
 9 FCPATH\index.php(79): CodeIgniter\CodeIgniter->run()
10 SYSTEMPATH\Commands\Server\rewrite.php(47): require_once('C:\\xampp\\htdocs\\posyandu\\public\\index.php')
CRITICAL - 2023-11-15 07:45:40 --> Undefined variable $data
in APPPATH\Views\User\login.php on line 1.
 1 APPPATH\Views\User\login.php(1): CodeIgniter\Debug\Exceptions->errorHandler(2, 'Undefined variable $data', 'C:\\xampp\\htdocs\\posyandu\\app\\Views\\User\\login.php', 1)
 2 SYSTEMPATH\View\View.php(228): include('C:\\xampp\\htdocs\\posyandu\\app\\Views\\User\\login.php')
 3 SYSTEMPATH\View\View.php(231): CodeIgniter\View\View->CodeIgniter\View\{closure}()
 4 SYSTEMPATH\Common.php(1190): CodeIgniter\View\View->render('user/login.php', [], true)
 5 APPPATH\Controllers\User.php(19): view('user/login.php', [...])
 6 SYSTEMPATH\CodeIgniter.php(942): App\Controllers\User->login()
 7 SYSTEMPATH\CodeIgniter.php(502): CodeIgniter\CodeIgniter->runController(Object(App\Controllers\User))
 8 SYSTEMPATH\CodeIgniter.php(361): CodeIgniter\CodeIgniter->handleRequest(null, Object(Config\Cache), false)
 9 FCPATH\index.php(79): CodeIgniter\CodeIgniter->run()
10 SYSTEMPATH\Commands\Server\rewrite.php(47): require_once('C:\\xampp\\htdocs\\posyandu\\public\\index.php')
CRITICAL - 2023-11-15 07:48:47 --> Undefined variable $data
in APPPATH\Views\User\login.php on line 1.
 1 APPPATH\Views\User\login.php(1): CodeIgniter\Debug\Exceptions->errorHandler(2, 'Undefined variable $data', 'C:\\xampp\\htdocs\\posyandu\\app\\Views\\User\\login.php', 1)
 2 SYSTEMPATH\View\View.php(228): include('C:\\xampp\\htdocs\\posyandu\\app\\Views\\User\\login.php')
 3 SYSTEMPATH\View\View.php(231): CodeIgniter\View\View->CodeIgniter\View\{closure}()
 4 SYSTEMPATH\Common.php(1190): CodeIgniter\View\View->render('user/login.php', [], true)
 5 APPPATH\Controllers\User.php(19): view('user/login.php', [...])
 6 SYSTEMPATH\CodeIgniter.php(942): App\Controllers\User->login()
 7 SYSTEMPATH\CodeIgniter.php(502): CodeIgniter\CodeIgniter->runController(Object(App\Controllers\User))
 8 SYSTEMPATH\CodeIgniter.php(361): CodeIgniter\CodeIgniter->handleRequest(null, Object(Config\Cache), false)
 9 FCPATH\index.php(79): CodeIgniter\CodeIgniter->run()
10 SYSTEMPATH\Commands\Server\rewrite.php(47): require_once('C:\\xampp\\htdocs\\posyandu\\public\\index.php')
CRITICAL - 2023-11-15 12:14:07 --> Undefined array key "usernmae"
in APPPATH\Controllers\User.php on line 29.
 1 APPPATH\Controllers\User.php(29): CodeIgniter\Debug\Exceptions->errorHandler(2, 'Undefined array key "usernmae"', 'C:\\xampp\\htdocs\\posyandu\\app\\Controllers\\User.php', 29)
 2 SYSTEMPATH\CodeIgniter.php(942): App\Controllers\User->auth()
 3 SYSTEMPATH\CodeIgniter.php(502): CodeIgniter\CodeIgniter->runController(Object(App\Controllers\User))
 4 SYSTEMPATH\CodeIgniter.php(361): CodeIgniter\CodeIgniter->handleRequest(null, Object(Config\Cache), false)
 5 FCPATH\index.php(79): CodeIgniter\CodeIgniter->run()
 6 SYSTEMPATH\Commands\Server\rewrite.php(47): require_once('C:\\xampp\\htdocs\\posyandu\\public\\index.php')
CRITICAL - 2023-11-15 12:24:58 --> syntax error, unexpected token "}", expecting ";"
in APPPATH\Controllers\User.php on line 40.
 1 SYSTEMPATH\Autoloader\Autoloader.php(291): CodeIgniter\Autoloader\Autoloader->includeFile('C:\\xampp\\htdocs\\posyandu\\app\\Controllers\\user.php')
 2 SYSTEMPATH\Autoloader\Autoloader.php(269): CodeIgniter\Autoloader\Autoloader->loadInNamespace('App\\Controllers\\user')
 3 [internal function]: CodeIgniter\Autoloader\Autoloader->loadClass('App\\Controllers\\user')
 4 SYSTEMPATH\CodeIgniter.php(900): class_exists('\\App\\Controllers\\user', true)
 5 SYSTEMPATH\CodeIgniter.php(489): CodeIgniter\CodeIgniter->startController()
 6 SYSTEMPATH\CodeIgniter.php(361): CodeIgniter\CodeIgniter->handleRequest(null, Object(Config\Cache), false)
 7 FCPATH\index.php(79): CodeIgniter\CodeIgniter->run()
 8 SYSTEMPATH\Commands\Server\rewrite.php(47): require_once('C:\\xampp\\htdocs\\posyandu\\public\\index.php')
CRITICAL - 2023-11-15 12:25:03 --> syntax error, unexpected token "}", expecting ";"
in APPPATH\Controllers\User.php on line 40.
 1 SYSTEMPATH\Autoloader\Autoloader.php(291): CodeIgniter\Autoloader\Autoloader->includeFile('C:\\xampp\\htdocs\\posyandu\\app\\Controllers\\user.php')
 2 SYSTEMPATH\Autoloader\Autoloader.php(269): CodeIgniter\Autoloader\Autoloader->loadInNamespace('App\\Controllers\\user')
 3 [internal function]: CodeIgniter\Autoloader\Autoloader->loadClass('App\\Controllers\\user')
 4 SYSTEMPATH\CodeIgniter.php(900): class_exists('\\App\\Controllers\\user', true)
 5 SYSTEMPATH\CodeIgniter.php(489): CodeIgniter\CodeIgniter->startController()
 6 SYSTEMPATH\CodeIgniter.php(361): CodeIgniter\CodeIgniter->handleRequest(null, Object(Config\Cache), false)
 7 FCPATH\index.php(79): CodeIgniter\CodeIgniter->run()
 8 SYSTEMPATH\Commands\Server\rewrite.php(47): require_once('C:\\xampp\\htdocs\\posyandu\\public\\index.php')
CRITICAL - 2023-11-15 12:25:04 --> syntax error, unexpected token "}", expecting ";"
in APPPATH\Controllers\User.php on line 40.
 1 SYSTEMPATH\Autoloader\Autoloader.php(291): CodeIgniter\Autoloader\Autoloader->includeFile('C:\\xampp\\htdocs\\posyandu\\app\\Controllers\\user.php')
 2 SYSTEMPATH\Autoloader\Autoloader.php(269): CodeIgniter\Autoloader\Autoloader->loadInNamespace('App\\Controllers\\user')
 3 [internal function]: CodeIgniter\Autoloader\Autoloader->loadClass('App\\Controllers\\user')
 4 SYSTEMPATH\CodeIgniter.php(900): class_exists('\\App\\Controllers\\user', true)
 5 SYSTEMPATH\CodeIgniter.php(489): CodeIgniter\CodeIgniter->startController()
 6 SYSTEMPATH\CodeIgniter.php(361): CodeIgniter\CodeIgniter->handleRequest(null, Object(Config\Cache), false)
 7 FCPATH\index.php(79): CodeIgniter\CodeIgniter->run()
 8 SYSTEMPATH\Commands\Server\rewrite.php(47): require_once('C:\\xampp\\htdocs\\posyandu\\public\\index.php')
CRITICAL - 2023-11-15 12:25:26 --> syntax error, unexpected token "}", expecting ";"
in APPPATH\Controllers\User.php on line 40.
 1 SYSTEMPATH\Autoloader\Autoloader.php(291): CodeIgniter\Autoloader\Autoloader->includeFile('C:\\xampp\\htdocs\\posyandu\\app\\Controllers\\user.php')
 2 SYSTEMPATH\Autoloader\Autoloader.php(269): CodeIgniter\Autoloader\Autoloader->loadInNamespace('App\\Controllers\\user')
 3 [internal function]: CodeIgniter\Autoloader\Autoloader->loadClass('App\\Controllers\\user')
 4 SYSTEMPATH\CodeIgniter.php(900): class_exists('\\App\\Controllers\\user', true)
 5 SYSTEMPATH\CodeIgniter.php(489): CodeIgniter\CodeIgniter->startController()
 6 SYSTEMPATH\CodeIgniter.php(361): CodeIgniter\CodeIgniter->handleRequest(null, Object(Config\Cache), false)
 7 FCPATH\index.php(79): CodeIgniter\CodeIgniter->run()
 8 SYSTEMPATH\Commands\Server\rewrite.php(47): require_once('C:\\xampp\\htdocs\\posyandu\\public\\index.php')
CRITICAL - 2023-11-15 12:25:59 --> Cannot use object of type App\Models\userModel as array
in APPPATH\Controllers\User.php on line 33.
 1 SYSTEMPATH\CodeIgniter.php(942): App\Controllers\User->auth()
 2 SYSTEMPATH\CodeIgniter.php(502): CodeIgniter\CodeIgniter->runController(Object(App\Controllers\User))
 3 SYSTEMPATH\CodeIgniter.php(361): CodeIgniter\CodeIgniter->handleRequest(null, Object(Config\Cache), false)
 4 FCPATH\index.php(79): CodeIgniter\CodeIgniter->run()
 5 SYSTEMPATH\Commands\Server\rewrite.php(47): require_once('C:\\xampp\\htdocs\\posyandu\\public\\index.php')
CRITICAL - 2023-11-15 12:26:49 --> Cannot use object of type App\Models\userModel as array
in APPPATH\Controllers\User.php on line 33.
 1 SYSTEMPATH\CodeIgniter.php(942): App\Controllers\User->auth()
 2 SYSTEMPATH\CodeIgniter.php(502): CodeIgniter\CodeIgniter->runController(Object(App\Controllers\User))
 3 SYSTEMPATH\CodeIgniter.php(361): CodeIgniter\CodeIgniter->handleRequest(null, Object(Config\Cache), false)
 4 FCPATH\index.php(79): CodeIgniter\CodeIgniter->run()
 5 SYSTEMPATH\Commands\Server\rewrite.php(47): require_once('C:\\xampp\\htdocs\\posyandu\\public\\index.php')
CRITICAL - 2023-11-15 12:28:01 --> Cannot use object of type App\Models\userModel as array
in APPPATH\Controllers\User.php on line 33.
 1 SYSTEMPATH\CodeIgniter.php(942): App\Controllers\User->auth()
 2 SYSTEMPATH\CodeIgniter.php(502): CodeIgniter\CodeIgniter->runController(Object(App\Controllers\User))
 3 SYSTEMPATH\CodeIgniter.php(361): CodeIgniter\CodeIgniter->handleRequest(null, Object(Config\Cache), false)
 4 FCPATH\index.php(79): CodeIgniter\CodeIgniter->run()
 5 SYSTEMPATH\Commands\Server\rewrite.php(47): require_once('C:\\xampp\\htdocs\\posyandu\\public\\index.php')
CRITICAL - 2023-11-15 12:28:10 --> Cannot use object of type App\Models\userModel as array
in APPPATH\Controllers\User.php on line 33.
 1 SYSTEMPATH\CodeIgniter.php(942): App\Controllers\User->auth()
 2 SYSTEMPATH\CodeIgniter.php(502): CodeIgniter\CodeIgniter->runController(Object(App\Controllers\User))
 3 SYSTEMPATH\CodeIgniter.php(361): CodeIgniter\CodeIgniter->handleRequest(null, Object(Config\Cache), false)
 4 FCPATH\index.php(79): CodeIgniter\CodeIgniter->run()
 5 SYSTEMPATH\Commands\Server\rewrite.php(47): require_once('C:\\xampp\\htdocs\\posyandu\\public\\index.php')
CRITICAL - 2023-11-15 12:29:19 --> Cannot use object of type App\Models\userModel as array
in APPPATH\Controllers\User.php on line 33.
 1 SYSTEMPATH\CodeIgniter.php(942): App\Controllers\User->auth()
 2 SYSTEMPATH\CodeIgniter.php(502): CodeIgniter\CodeIgniter->runController(Object(App\Controllers\User))
 3 SYSTEMPATH\CodeIgniter.php(361): CodeIgniter\CodeIgniter->handleRequest(null, Object(Config\Cache), false)
 4 FCPATH\index.php(79): CodeIgniter\CodeIgniter->run()
 5 SYSTEMPATH\Commands\Server\rewrite.php(47): require_once('C:\\xampp\\htdocs\\posyandu\\public\\index.php')
CRITICAL - 2023-11-15 12:29:24 --> Cannot use object of type App\Models\userModel as array
in APPPATH\Controllers\User.php on line 33.
 1 SYSTEMPATH\CodeIgniter.php(942): App\Controllers\User->auth()
 2 SYSTEMPATH\CodeIgniter.php(502): CodeIgniter\CodeIgniter->runController(Object(App\Controllers\User))
 3 SYSTEMPATH\CodeIgniter.php(361): CodeIgniter\CodeIgniter->handleRequest(null, Object(Config\Cache), false)
 4 FCPATH\index.php(79): CodeIgniter\CodeIgniter->run()
 5 SYSTEMPATH\Commands\Server\rewrite.php(47): require_once('C:\\xampp\\htdocs\\posyandu\\public\\index.php')
CRITICAL - 2023-11-15 12:30:45 --> Cannot use object of type App\Models\userModel as array
in APPPATH\Controllers\User.php on line 33.
 1 SYSTEMPATH\CodeIgniter.php(942): App\Controllers\User->auth()
 2 SYSTEMPATH\CodeIgniter.php(502): CodeIgniter\CodeIgniter->runController(Object(App\Controllers\User))
 3 SYSTEMPATH\CodeIgniter.php(361): CodeIgniter\CodeIgniter->handleRequest(null, Object(Config\Cache), false)
 4 FCPATH\index.php(79): CodeIgniter\CodeIgniter->run()
 5 SYSTEMPATH\Commands\Server\rewrite.php(47): require_once('C:\\xampp\\htdocs\\posyandu\\public\\index.php')
CRITICAL - 2023-11-15 12:31:27 --> Cannot use object of type App\Models\userModel as array
in APPPATH\Controllers\User.php on line 34.
 1 SYSTEMPATH\CodeIgniter.php(942): App\Controllers\User->auth()
 2 SYSTEMPATH\CodeIgniter.php(502): CodeIgniter\CodeIgniter->runController(Object(App\Controllers\User))
 3 SYSTEMPATH\CodeIgniter.php(361): CodeIgniter\CodeIgniter->handleRequest(null, Object(Config\Cache), false)
 4 FCPATH\index.php(79): CodeIgniter\CodeIgniter->run()
 5 SYSTEMPATH\Commands\Server\rewrite.php(47): require_once('C:\\xampp\\htdocs\\posyandu\\public\\index.php')
CRITICAL - 2023-11-15 12:31:46 --> Cannot use object of type App\Models\userModel as array
in APPPATH\Controllers\User.php on line 34.
 1 SYSTEMPATH\CodeIgniter.php(942): App\Controllers\User->auth()
 2 SYSTEMPATH\CodeIgniter.php(502): CodeIgniter\CodeIgniter->runController(Object(App\Controllers\User))
 3 SYSTEMPATH\CodeIgniter.php(361): CodeIgniter\CodeIgniter->handleRequest(null, Object(Config\Cache), false)
 4 FCPATH\index.php(79): CodeIgniter\CodeIgniter->run()
 5 SYSTEMPATH\Commands\Server\rewrite.php(47): require_once('C:\\xampp\\htdocs\\posyandu\\public\\index.php')
CRITICAL - 2023-11-15 12:44:30 --> Undefined variable $user
in APPPATH\Controllers\User.php on line 21.
 1 APPPATH\Controllers\User.php(21): CodeIgniter\Debug\Exceptions->errorHandler(2, 'Undefined variable $user', 'C:\\xampp\\htdocs\\posyandu\\app\\Controllers\\User.php', 21)
 2 SYSTEMPATH\CodeIgniter.php(942): App\Controllers\User->login()
 3 SYSTEMPATH\CodeIgniter.php(502): CodeIgniter\CodeIgniter->runController(Object(App\Controllers\User))
 4 SYSTEMPATH\CodeIgniter.php(361): CodeIgniter\CodeIgniter->handleRequest(null, Object(Config\Cache), false)
 5 FCPATH\index.php(79): CodeIgniter\CodeIgniter->run()
 6 SYSTEMPATH\Commands\Server\rewrite.php(47): require_once('C:\\xampp\\htdocs\\posyandu\\public\\index.php')
CRITICAL - 2023-11-15 12:45:21 --> Undefined array key "username"
in APPPATH\Views\User\login.php on line 39.
 1 APPPATH\Views\User\login.php(39): CodeIgniter\Debug\Exceptions->errorHandler(2, 'Undefined array key "username"', 'C:\\xampp\\htdocs\\posyandu\\app\\Views\\User\\login.php', 39)
 2 SYSTEMPATH\View\View.php(228): include('C:\\xampp\\htdocs\\posyandu\\app\\Views\\User\\login.php')
 3 SYSTEMPATH\View\View.php(231): CodeIgniter\View\View->CodeIgniter\View\{closure}()
 4 SYSTEMPATH\Common.php(1190): CodeIgniter\View\View->render('user/login', [], true)
 5 APPPATH\Controllers\User.php(21): view('user/login', [...])
 6 SYSTEMPATH\CodeIgniter.php(942): App\Controllers\User->login()
 7 SYSTEMPATH\CodeIgniter.php(502): CodeIgniter\CodeIgniter->runController(Object(App\Controllers\User))
 8 SYSTEMPATH\CodeIgniter.php(361): CodeIgniter\CodeIgniter->handleRequest(null, Object(Config\Cache), false)
 9 FCPATH\index.php(79): CodeIgniter\CodeIgniter->run()
10 SYSTEMPATH\Commands\Server\rewrite.php(47): require_once('C:\\xampp\\htdocs\\posyandu\\public\\index.php')
CRITICAL - 2023-11-15 12:45:23 --> Undefined array key "username"
in APPPATH\Views\User\login.php on line 39.
 1 APPPATH\Views\User\login.php(39): CodeIgniter\Debug\Exceptions->errorHandler(2, 'Undefined array key "username"', 'C:\\xampp\\htdocs\\posyandu\\app\\Views\\User\\login.php', 39)
 2 SYSTEMPATH\View\View.php(228): include('C:\\xampp\\htdocs\\posyandu\\app\\Views\\User\\login.php')
 3 SYSTEMPATH\View\View.php(231): CodeIgniter\View\View->CodeIgniter\View\{closure}()
 4 SYSTEMPATH\Common.php(1190): CodeIgniter\View\View->render('user/login', [], true)
 5 APPPATH\Controllers\User.php(21): view('user/login', [...])
 6 SYSTEMPATH\CodeIgniter.php(942): App\Controllers\User->login()
 7 SYSTEMPATH\CodeIgniter.php(502): CodeIgniter\CodeIgniter->runController(Object(App\Controllers\User))
 8 SYSTEMPATH\CodeIgniter.php(361): CodeIgniter\CodeIgniter->handleRequest(null, Object(Config\Cache), false)
 9 FCPATH\index.php(79): CodeIgniter\CodeIgniter->run()
10 SYSTEMPATH\Commands\Server\rewrite.php(47): require_once('C:\\xampp\\htdocs\\posyandu\\public\\index.php')
CRITICAL - 2023-11-15 13:00:17 --> Invalid file: "dashboard/index.php"
in SYSTEMPATH\Exceptions\FrameworkException.php on line 39.
 1 SYSTEMPATH\View\View.php(216): CodeIgniter\Exceptions\FrameworkException::forInvalidFile('dashboard/index.php')
 2 SYSTEMPATH\Common.php(1190): CodeIgniter\View\View->render('dashboard/index', [], true)
 3 APPPATH\Controllers\Home.php(9): view('dashboard/index')
 4 SYSTEMPATH\CodeIgniter.php(942): App\Controllers\Home->index()
 5 SYSTEMPATH\CodeIgniter.php(502): CodeIgniter\CodeIgniter->runController(Object(App\Controllers\Home))
 6 SYSTEMPATH\CodeIgniter.php(361): CodeIgniter\CodeIgniter->handleRequest(null, Object(Config\Cache), false)
 7 FCPATH\index.php(79): CodeIgniter\CodeIgniter->run()
 8 SYSTEMPATH\Commands\Server\rewrite.php(47): require_once('C:\\xampp\\htdocs\\posyandu\\public\\index.php')
CRITICAL - 2023-11-15 13:00:26 --> Invalid file: "dashboard/index.php"
in SYSTEMPATH\Exceptions\FrameworkException.php on line 39.
 1 SYSTEMPATH\View\View.php(216): CodeIgniter\Exceptions\FrameworkException::forInvalidFile('dashboard/index.php')
 2 SYSTEMPATH\Common.php(1190): CodeIgniter\View\View->render('dashboard/index', [], true)
 3 APPPATH\Controllers\Home.php(9): view('dashboard/index')
 4 SYSTEMPATH\CodeIgniter.php(942): App\Controllers\Home->index()
 5 SYSTEMPATH\CodeIgniter.php(502): CodeIgniter\CodeIgniter->runController(Object(App\Controllers\Home))
 6 SYSTEMPATH\CodeIgniter.php(361): CodeIgniter\CodeIgniter->handleRequest(null, Object(Config\Cache), false)
 7 FCPATH\index.php(79): CodeIgniter\CodeIgniter->run()
 8 SYSTEMPATH\Commands\Server\rewrite.php(47): require_once('C:\\xampp\\htdocs\\posyandu\\public\\index.php')
CRITICAL - 2023-11-15 13:00:27 --> Invalid file: "dashboard/index.php"
in SYSTEMPATH\Exceptions\FrameworkException.php on line 39.
 1 SYSTEMPATH\View\View.php(216): CodeIgniter\Exceptions\FrameworkException::forInvalidFile('dashboard/index.php')
 2 SYSTEMPATH\Common.php(1190): CodeIgniter\View\View->render('dashboard/index', [], true)
 3 APPPATH\Controllers\Home.php(9): view('dashboard/index')
 4 SYSTEMPATH\CodeIgniter.php(942): App\Controllers\Home->index()
 5 SYSTEMPATH\CodeIgniter.php(502): CodeIgniter\CodeIgniter->runController(Object(App\Controllers\Home))
 6 SYSTEMPATH\CodeIgniter.php(361): CodeIgniter\CodeIgniter->handleRequest(null, Object(Config\Cache), false)
 7 FCPATH\index.php(79): CodeIgniter\CodeIgniter->run()
 8 SYSTEMPATH\Commands\Server\rewrite.php(47): require_once('C:\\xampp\\htdocs\\posyandu\\public\\index.php')
CRITICAL - 2023-11-15 13:00:27 --> Invalid file: "dashboard/index.php"
in SYSTEMPATH\Exceptions\FrameworkException.php on line 39.
 1 SYSTEMPATH\View\View.php(216): CodeIgniter\Exceptions\FrameworkException::forInvalidFile('dashboard/index.php')
 2 SYSTEMPATH\Common.php(1190): CodeIgniter\View\View->render('dashboard/index', [], true)
 3 APPPATH\Controllers\Home.php(9): view('dashboard/index')
 4 SYSTEMPATH\CodeIgniter.php(942): App\Controllers\Home->index()
 5 SYSTEMPATH\CodeIgniter.php(502): CodeIgniter\CodeIgniter->runController(Object(App\Controllers\Home))
 6 SYSTEMPATH\CodeIgniter.php(361): CodeIgniter\CodeIgniter->handleRequest(null, Object(Config\Cache), false)
 7 FCPATH\index.php(79): CodeIgniter\CodeIgniter->run()
 8 SYSTEMPATH\Commands\Server\rewrite.php(47): require_once('C:\\xampp\\htdocs\\posyandu\\public\\index.php')
