CRITICAL - 2023-11-09 05:24:19 --> Invalid file: "index.php"
in SYSTEMPATH\Exceptions\FrameworkException.php on line 39.
 1 SYSTEMPATH\View\View.php(216): CodeIgniter\Exceptions\FrameworkException::forInvalidFile('index.php')
 2 SYSTEMPATH\Common.php(1190): CodeIgniter\View\View->render('index', [], true)
 3 APPPATH\Controllers\Home.php(9): view('index')
 4 SYSTEMPATH\CodeIgniter.php(942): App\Controllers\Home->index()
 5 SYSTEMPATH\CodeIgniter.php(502): CodeIgniter\CodeIgniter->runController(Object(App\Controllers\Home))
 6 SYSTEMPATH\CodeIgniter.php(361): CodeIgniter\CodeIgniter->handleRequest(null, Object(Config\Cache), false)
 7 FCPATH\index.php(79): CodeIgniter\CodeIgniter->run()
 8 SYSTEMPATH\Commands\Server\rewrite.php(47): require_once('C:\\xampp\\htdocs\\posyandu\\public\\index.php')
CRITICAL - 2023-11-09 05:30:32 --> Invalid file: "dashboar.php"
in SYSTEMPATH\Exceptions\FrameworkException.php on line 39.
 1 SYSTEMPATH\View\View.php(216): CodeIgniter\Exceptions\FrameworkException::forInvalidFile('dashboar.php')
 2 SYSTEMPATH\Common.php(1190): CodeIgniter\View\View->render('dashboar', [], true)
 3 APPPATH\Controllers\Home.php(9): view('dashboar')
 4 SYSTEMPATH\CodeIgniter.php(942): App\Controllers\Home->index()
 5 SYSTEMPATH\CodeIgniter.php(502): CodeIgniter\CodeIgniter->runController(Object(App\Controllers\Home))
 6 SYSTEMPATH\CodeIgniter.php(361): CodeIgniter\CodeIgniter->handleRequest(null, Object(Config\Cache), false)
 7 FCPATH\index.php(79): CodeIgniter\CodeIgniter->run()
 8 SYSTEMPATH\Commands\Server\rewrite.php(47): require_once('C:\\xampp\\htdocs\\posyandu\\public\\index.php')
CRITICAL - 2023-11-09 05:44:35 --> syntax error, unexpected token "interface", expecting identifier
in APPPATH\Controllers\Interface.php on line 5.
 1 SYSTEMPATH\Autoloader\Autoloader.php(291): CodeIgniter\Autoloader\Autoloader->includeFile('C:\\xampp\\htdocs\\posyandu\\app\\Controllers\\interface.php')
 2 SYSTEMPATH\Autoloader\Autoloader.php(269): CodeIgniter\Autoloader\Autoloader->loadInNamespace('App\\Controllers\\interface')
 3 [internal function]: CodeIgniter\Autoloader\Autoloader->loadClass('App\\Controllers\\interface')
 4 SYSTEMPATH\CodeIgniter.php(900): class_exists('\\App\\Controllers\\interface', true)
 5 SYSTEMPATH\CodeIgniter.php(489): CodeIgniter\CodeIgniter->startController()
 6 SYSTEMPATH\CodeIgniter.php(361): CodeIgniter\CodeIgniter->handleRequest(null, Object(Config\Cache), false)
 7 FCPATH\index.php(79): CodeIgniter\CodeIgniter->run()
 8 SYSTEMPATH\Commands\Server\rewrite.php(47): require_once('C:\\xampp\\htdocs\\posyandu\\public\\index.php')
CRITICAL - 2023-11-09 05:45:58 --> Invalid file: "buttons.php"
in SYSTEMPATH\Exceptions\FrameworkException.php on line 39.
 1 SYSTEMPATH\View\View.php(216): CodeIgniter\Exceptions\FrameworkException::forInvalidFile('buttons.php')
 2 SYSTEMPATH\Common.php(1190): CodeIgniter\View\View->render('buttons', [], true)
 3 APPPATH\Controllers\Interfa.php(9): view('buttons')
 4 SYSTEMPATH\CodeIgniter.php(942): App\Controllers\Interfa->buttons()
 5 SYSTEMPATH\CodeIgniter.php(502): CodeIgniter\CodeIgniter->runController(Object(App\Controllers\Interfa))
 6 SYSTEMPATH\CodeIgniter.php(361): CodeIgniter\CodeIgniter->handleRequest(null, Object(Config\Cache), false)
 7 FCPATH\index.php(79): CodeIgniter\CodeIgniter->run()
 8 SYSTEMPATH\Commands\Server\rewrite.php(47): require_once('C:\\xampp\\htdocs\\posyandu\\public\\index.php')
CRITICAL - 2023-11-09 05:46:13 --> Invalid file: "buttons.php"
in SYSTEMPATH\Exceptions\FrameworkException.php on line 39.
 1 SYSTEMPATH\View\View.php(216): CodeIgniter\Exceptions\FrameworkException::forInvalidFile('buttons.php')
 2 SYSTEMPATH\Common.php(1190): CodeIgniter\View\View->render('buttons', [], true)
 3 APPPATH\Controllers\Interfa.php(9): view('buttons')
 4 SYSTEMPATH\CodeIgniter.php(942): App\Controllers\Interfa->buttons()
 5 SYSTEMPATH\CodeIgniter.php(502): CodeIgniter\CodeIgniter->runController(Object(App\Controllers\Interfa))
 6 SYSTEMPATH\CodeIgniter.php(361): CodeIgniter\CodeIgniter->handleRequest(null, Object(Config\Cache), false)
 7 FCPATH\index.php(79): CodeIgniter\CodeIgniter->run()
 8 SYSTEMPATH\Commands\Server\rewrite.php(47): require_once('C:\\xampp\\htdocs\\posyandu\\public\\index.php')
CRITICAL - 2023-11-09 05:46:14 --> Invalid file: "buttons.php"
in SYSTEMPATH\Exceptions\FrameworkException.php on line 39.
 1 SYSTEMPATH\View\View.php(216): CodeIgniter\Exceptions\FrameworkException::forInvalidFile('buttons.php')
 2 SYSTEMPATH\Common.php(1190): CodeIgniter\View\View->render('buttons', [], true)
 3 APPPATH\Controllers\Interfa.php(9): view('buttons')
 4 SYSTEMPATH\CodeIgniter.php(942): App\Controllers\Interfa->buttons()
 5 SYSTEMPATH\CodeIgniter.php(502): CodeIgniter\CodeIgniter->runController(Object(App\Controllers\Interfa))
 6 SYSTEMPATH\CodeIgniter.php(361): CodeIgniter\CodeIgniter->handleRequest(null, Object(Config\Cache), false)
 7 FCPATH\index.php(79): CodeIgniter\CodeIgniter->run()
 8 SYSTEMPATH\Commands\Server\rewrite.php(47): require_once('C:\\xampp\\htdocs\\posyandu\\public\\index.php')
CRITICAL - 2023-11-09 05:46:14 --> Invalid file: "buttons.php"
in SYSTEMPATH\Exceptions\FrameworkException.php on line 39.
 1 SYSTEMPATH\View\View.php(216): CodeIgniter\Exceptions\FrameworkException::forInvalidFile('buttons.php')
 2 SYSTEMPATH\Common.php(1190): CodeIgniter\View\View->render('buttons', [], true)
 3 APPPATH\Controllers\Interfa.php(9): view('buttons')
 4 SYSTEMPATH\CodeIgniter.php(942): App\Controllers\Interfa->buttons()
 5 SYSTEMPATH\CodeIgniter.php(502): CodeIgniter\CodeIgniter->runController(Object(App\Controllers\Interfa))
 6 SYSTEMPATH\CodeIgniter.php(361): CodeIgniter\CodeIgniter->handleRequest(null, Object(Config\Cache), false)
 7 FCPATH\index.php(79): CodeIgniter\CodeIgniter->run()
 8 SYSTEMPATH\Commands\Server\rewrite.php(47): require_once('C:\\xampp\\htdocs\\posyandu\\public\\index.php')
CRITICAL - 2023-11-09 05:56:25 --> Invalid file: "dashboard/cards.php"
in SYSTEMPATH\Exceptions\FrameworkException.php on line 39.
 1 SYSTEMPATH\View\View.php(216): CodeIgniter\Exceptions\FrameworkException::forInvalidFile('dashboard/cards.php')
 2 SYSTEMPATH\Common.php(1190): CodeIgniter\View\View->render('dashboard/cards', [], true)
 3 APPPATH\Controllers\Interfa.php(14): view('dashboard/cards')
 4 SYSTEMPATH\CodeIgniter.php(942): App\Controllers\Interfa->cards()
 5 SYSTEMPATH\CodeIgniter.php(502): CodeIgniter\CodeIgniter->runController(Object(App\Controllers\Interfa))
 6 SYSTEMPATH\CodeIgniter.php(361): CodeIgniter\CodeIgniter->handleRequest(null, Object(Config\Cache), false)
 7 FCPATH\index.php(79): CodeIgniter\CodeIgniter->run()
 8 SYSTEMPATH\Commands\Server\rewrite.php(47): require_once('C:\\xampp\\htdocs\\posyandu\\public\\index.php')
CRITICAL - 2023-11-09 05:56:42 --> Invalid file: "dashboard/buttons.php"
in SYSTEMPATH\Exceptions\FrameworkException.php on line 39.
 1 SYSTEMPATH\View\View.php(216): CodeIgniter\Exceptions\FrameworkException::forInvalidFile('dashboard/buttons.php')
 2 SYSTEMPATH\Common.php(1190): CodeIgniter\View\View->render('dashboard/buttons', [], true)
 3 APPPATH\Controllers\Interfa.php(9): view('dashboard/buttons')
 4 SYSTEMPATH\CodeIgniter.php(942): App\Controllers\Interfa->buttons()
 5 SYSTEMPATH\CodeIgniter.php(502): CodeIgniter\CodeIgniter->runController(Object(App\Controllers\Interfa))
 6 SYSTEMPATH\CodeIgniter.php(361): CodeIgniter\CodeIgniter->handleRequest(null, Object(Config\Cache), false)
 7 FCPATH\index.php(79): CodeIgniter\CodeIgniter->run()
 8 SYSTEMPATH\Commands\Server\rewrite.php(47): require_once('C:\\xampp\\htdocs\\posyandu\\public\\index.php')
CRITICAL - 2023-11-09 05:56:46 --> Invalid file: "dashboard/index.php"
in SYSTEMPATH\Exceptions\FrameworkException.php on line 39.
 1 SYSTEMPATH\View\View.php(216): CodeIgniter\Exceptions\FrameworkException::forInvalidFile('dashboard/index.php')
 2 SYSTEMPATH\Common.php(1190): CodeIgniter\View\View->render('dashboard/index', [], true)
 3 APPPATH\Controllers\Home.php(9): view('dashboard/index')
 4 SYSTEMPATH\CodeIgniter.php(942): App\Controllers\Home->index()
 5 SYSTEMPATH\CodeIgniter.php(502): CodeIgniter\CodeIgniter->runController(Object(App\Controllers\Home))
 6 SYSTEMPATH\CodeIgniter.php(361): CodeIgniter\CodeIgniter->handleRequest(null, Object(Config\Cache), false)
 7 FCPATH\index.php(79): CodeIgniter\CodeIgniter->run()
 8 SYSTEMPATH\Commands\Server\rewrite.php(47): require_once('C:\\xampp\\htdocs\\posyandu\\public\\index.php')
CRITICAL - 2023-11-09 05:56:50 --> Invalid file: "dashboard/index.php"
in SYSTEMPATH\Exceptions\FrameworkException.php on line 39.
 1 SYSTEMPATH\View\View.php(216): CodeIgniter\Exceptions\FrameworkException::forInvalidFile('dashboard/index.php')
 2 SYSTEMPATH\Common.php(1190): CodeIgniter\View\View->render('dashboard/index', [], true)
 3 APPPATH\Controllers\Home.php(9): view('dashboard/index')
 4 SYSTEMPATH\CodeIgniter.php(942): App\Controllers\Home->index()
 5 SYSTEMPATH\CodeIgniter.php(502): CodeIgniter\CodeIgniter->runController(Object(App\Controllers\Home))
 6 SYSTEMPATH\CodeIgniter.php(361): CodeIgniter\CodeIgniter->handleRequest(null, Object(Config\Cache), false)
 7 FCPATH\index.php(79): CodeIgniter\CodeIgniter->run()
 8 SYSTEMPATH\Commands\Server\rewrite.php(47): require_once('C:\\xampp\\htdocs\\posyandu\\public\\index.php')
CRITICAL - 2023-11-09 05:56:59 --> Invalid file: "dashboard/index.php"
in SYSTEMPATH\Exceptions\FrameworkException.php on line 39.
 1 SYSTEMPATH\View\View.php(216): CodeIgniter\Exceptions\FrameworkException::forInvalidFile('dashboard/index.php')
 2 SYSTEMPATH\Common.php(1190): CodeIgniter\View\View->render('dashboard/index', [], true)
 3 APPPATH\Controllers\Home.php(9): view('dashboard/index')
 4 SYSTEMPATH\CodeIgniter.php(942): App\Controllers\Home->index()
 5 SYSTEMPATH\CodeIgniter.php(502): CodeIgniter\CodeIgniter->runController(Object(App\Controllers\Home))
 6 SYSTEMPATH\CodeIgniter.php(361): CodeIgniter\CodeIgniter->handleRequest(null, Object(Config\Cache), false)
 7 FCPATH\index.php(79): CodeIgniter\CodeIgniter->run()
 8 SYSTEMPATH\Commands\Server\rewrite.php(47): require_once('C:\\xampp\\htdocs\\posyandu\\public\\index.php')
CRITICAL - 2023-11-09 05:57:00 --> Invalid file: "dashboard/index.php"
in SYSTEMPATH\Exceptions\FrameworkException.php on line 39.
 1 SYSTEMPATH\View\View.php(216): CodeIgniter\Exceptions\FrameworkException::forInvalidFile('dashboard/index.php')
 2 SYSTEMPATH\Common.php(1190): CodeIgniter\View\View->render('dashboard/index', [], true)
 3 APPPATH\Controllers\Home.php(9): view('dashboard/index')
 4 SYSTEMPATH\CodeIgniter.php(942): App\Controllers\Home->index()
 5 SYSTEMPATH\CodeIgniter.php(502): CodeIgniter\CodeIgniter->runController(Object(App\Controllers\Home))
 6 SYSTEMPATH\CodeIgniter.php(361): CodeIgniter\CodeIgniter->handleRequest(null, Object(Config\Cache), false)
 7 FCPATH\index.php(79): CodeIgniter\CodeIgniter->run()
 8 SYSTEMPATH\Commands\Server\rewrite.php(47): require_once('C:\\xampp\\htdocs\\posyandu\\public\\index.php')
CRITICAL - 2023-11-09 05:57:32 --> Invalid file: "dashboard/buttons.php"
in SYSTEMPATH\Exceptions\FrameworkException.php on line 39.
 1 SYSTEMPATH\View\View.php(216): CodeIgniter\Exceptions\FrameworkException::forInvalidFile('dashboard/buttons.php')
 2 SYSTEMPATH\Common.php(1190): CodeIgniter\View\View->render('dashboard/buttons', [], true)
 3 APPPATH\Controllers\Interfa.php(9): view('dashboard/buttons')
 4 SYSTEMPATH\CodeIgniter.php(942): App\Controllers\Interfa->buttons()
 5 SYSTEMPATH\CodeIgniter.php(502): CodeIgniter\CodeIgniter->runController(Object(App\Controllers\Interfa))
 6 SYSTEMPATH\CodeIgniter.php(361): CodeIgniter\CodeIgniter->handleRequest(null, Object(Config\Cache), false)
 7 FCPATH\index.php(79): CodeIgniter\CodeIgniter->run()
 8 SYSTEMPATH\Commands\Server\rewrite.php(47): require_once('C:\\xampp\\htdocs\\posyandu\\public\\index.php')
CRITICAL - 2023-11-09 06:01:44 --> Invalid file: "dashboard/buttons.php"
in SYSTEMPATH\Exceptions\FrameworkException.php on line 39.
 1 SYSTEMPATH\View\View.php(216): CodeIgniter\Exceptions\FrameworkException::forInvalidFile('dashboard/buttons.php')
 2 SYSTEMPATH\Common.php(1190): CodeIgniter\View\View->render('dashboard/buttons', [], true)
 3 APPPATH\Controllers\Interfa.php(9): view('dashboard/buttons')
 4 SYSTEMPATH\CodeIgniter.php(942): App\Controllers\Interfa->buttons()
 5 SYSTEMPATH\CodeIgniter.php(502): CodeIgniter\CodeIgniter->runController(Object(App\Controllers\Interfa))
 6 SYSTEMPATH\CodeIgniter.php(361): CodeIgniter\CodeIgniter->handleRequest(null, Object(Config\Cache), false)
 7 FCPATH\index.php(79): CodeIgniter\CodeIgniter->run()
 8 SYSTEMPATH\Commands\Server\rewrite.php(47): require_once('C:\\xampp\\htdocs\\posyandu\\public\\index.php')
CRITICAL - 2023-11-09 06:13:56 --> Invalid file: "dashboard/utilities-color.php"
in SYSTEMPATH\Exceptions\FrameworkException.php on line 39.
 1 SYSTEMPATH\View\View.php(216): CodeIgniter\Exceptions\FrameworkException::forInvalidFile('dashboard/utilities-color.php')
 2 SYSTEMPATH\Common.php(1190): CodeIgniter\View\View->render('dashboard/utilities-color', [], true)
 3 APPPATH\Controllers\Interfa.php(19): view('dashboard/utilities-color')
 4 SYSTEMPATH\CodeIgniter.php(942): App\Controllers\Interfa->colors()
 5 SYSTEMPATH\CodeIgniter.php(502): CodeIgniter\CodeIgniter->runController(Object(App\Controllers\Interfa))
 6 SYSTEMPATH\CodeIgniter.php(361): CodeIgniter\CodeIgniter->handleRequest(null, Object(Config\Cache), false)
 7 FCPATH\index.php(79): CodeIgniter\CodeIgniter->run()
 8 SYSTEMPATH\Commands\Server\rewrite.php(47): require_once('C:\\xampp\\htdocs\\posyandu\\public\\index.php')
CRITICAL - 2023-11-09 06:18:13 --> Invalid file: "dashboard/index.php"
in SYSTEMPATH\Exceptions\FrameworkException.php on line 39.
 1 SYSTEMPATH\View\View.php(216): CodeIgniter\Exceptions\FrameworkException::forInvalidFile('dashboard/index.php')
 2 SYSTEMPATH\Common.php(1190): CodeIgniter\View\View->render('dashboard/index', [], true)
 3 APPPATH\Controllers\Home.php(9): view('dashboard/index')
 4 SYSTEMPATH\CodeIgniter.php(942): App\Controllers\Home->index()
 5 SYSTEMPATH\CodeIgniter.php(502): CodeIgniter\CodeIgniter->runController(Object(App\Controllers\Home))
 6 SYSTEMPATH\CodeIgniter.php(361): CodeIgniter\CodeIgniter->handleRequest(null, Object(Config\Cache), false)
 7 FCPATH\index.php(79): CodeIgniter\CodeIgniter->run()
 8 SYSTEMPATH\Commands\Server\rewrite.php(47): require_once('C:\\xampp\\htdocs\\posyandu\\public\\index.php')
CRITICAL - 2023-11-09 06:20:07 --> Invalid file: "dashboard/buttons.php"
in SYSTEMPATH\Exceptions\FrameworkException.php on line 39.
 1 SYSTEMPATH\View\View.php(216): CodeIgniter\Exceptions\FrameworkException::forInvalidFile('dashboard/buttons.php')
 2 SYSTEMPATH\Common.php(1190): CodeIgniter\View\View->render('dashboard/buttons', [], true)
 3 APPPATH\Controllers\Interfa.php(9): view('dashboard/buttons')
 4 SYSTEMPATH\CodeIgniter.php(942): App\Controllers\Interfa->buttons()
 5 SYSTEMPATH\CodeIgniter.php(502): CodeIgniter\CodeIgniter->runController(Object(App\Controllers\Interfa))
 6 SYSTEMPATH\CodeIgniter.php(361): CodeIgniter\CodeIgniter->handleRequest(null, Object(Config\Cache), false)
 7 FCPATH\index.php(79): CodeIgniter\CodeIgniter->run()
 8 SYSTEMPATH\Commands\Server\rewrite.php(47): require_once('C:\\xampp\\htdocs\\posyandu\\public\\index.php')
CRITICAL - 2023-11-09 06:22:26 --> Invalid file: "dashboard/other.html"
in SYSTEMPATH\Exceptions\FrameworkException.php on line 39.
 1 SYSTEMPATH\View\View.php(216): CodeIgniter\Exceptions\FrameworkException::forInvalidFile('dashboard/other.html')
 2 SYSTEMPATH\Common.php(1190): CodeIgniter\View\View->render('dashboard/other.html', [], true)
 3 APPPATH\Controllers\Interfa.php(34): view('dashboard/other.html')
 4 SYSTEMPATH\CodeIgniter.php(942): App\Controllers\Interfa->other()
 5 SYSTEMPATH\CodeIgniter.php(502): CodeIgniter\CodeIgniter->runController(Object(App\Controllers\Interfa))
 6 SYSTEMPATH\CodeIgniter.php(361): CodeIgniter\CodeIgniter->handleRequest(null, Object(Config\Cache), false)
 7 FCPATH\index.php(79): CodeIgniter\CodeIgniter->run()
 8 SYSTEMPATH\Commands\Server\rewrite.php(47): require_once('C:\\xampp\\htdocs\\posyandu\\public\\index.php')
CRITICAL - 2023-11-09 06:35:07 --> Invalid file: "dashboard/register.html"
in SYSTEMPATH\Exceptions\FrameworkException.php on line 39.
 1 SYSTEMPATH\View\View.php(216): CodeIgniter\Exceptions\FrameworkException::forInvalidFile('dashboard/register.html')
 2 SYSTEMPATH\Common.php(1190): CodeIgniter\View\View->render('dashboard/register.html', [], true)
 3 APPPATH\Controllers\Page.php(14): view('dashboard/register.html')
 4 SYSTEMPATH\CodeIgniter.php(942): App\Controllers\Page->register()
 5 SYSTEMPATH\CodeIgniter.php(502): CodeIgniter\CodeIgniter->runController(Object(App\Controllers\Page))
 6 SYSTEMPATH\CodeIgniter.php(361): CodeIgniter\CodeIgniter->handleRequest(null, Object(Config\Cache), false)
 7 FCPATH\index.php(79): CodeIgniter\CodeIgniter->run()
 8 SYSTEMPATH\Commands\Server\rewrite.php(47): require_once('C:\\xampp\\htdocs\\posyandu\\public\\index.php')
CRITICAL - 2023-11-09 06:39:37 --> Invalid file: "dashboard/charts.php"
in SYSTEMPATH\Exceptions\FrameworkException.php on line 39.
 1 SYSTEMPATH\View\View.php(216): CodeIgniter\Exceptions\FrameworkException::forInvalidFile('dashboard/charts.php')
 2 SYSTEMPATH\Common.php(1190): CodeIgniter\View\View->render('dashboard/charts', [], true)
 3 APPPATH\Controllers\Home.php(14): view('dashboard/charts')
 4 SYSTEMPATH\CodeIgniter.php(942): App\Controllers\Home->charts()
 5 SYSTEMPATH\CodeIgniter.php(502): CodeIgniter\CodeIgniter->runController(Object(App\Controllers\Home))
 6 SYSTEMPATH\CodeIgniter.php(361): CodeIgniter\CodeIgniter->handleRequest(null, Object(Config\Cache), false)
 7 FCPATH\index.php(79): CodeIgniter\CodeIgniter->run()
 8 SYSTEMPATH\Commands\Server\rewrite.php(47): require_once('C:\\xampp\\htdocs\\posyandu\\public\\index.php')
